[0.012s] Invoking command in '/home/gurum/ros2_iron/src/ros2/rmw_gurumdds/build/gurumdds_cmake_module': _=/usr/bin/env /usr/bin/cmake --build /home/gurum/ros2_iron/src/ros2/rmw_gurumdds/build/gurumdds_cmake_module -- -j16 -l16
[0.028s] -- Found ament_cmake: 2.0.3 (/home/gurum/ros2_iron/install/ament_cmake/share/ament_cmake/cmake)
[0.133s] Traceback (most recent call last):
[0.133s]   File "/home/gurum/ros2_iron/install/ament_cmake_core/share/ament_cmake_core/cmake/package_templates/templates_2_cmake.py", line 21, in <module>
[0.133s]     from ament_package.templates import get_environment_hook_template_path
[0.133s] ModuleNotFoundError: No module named 'ament_package'
[0.139s] [31mCMake Error at /home/gurum/ros2_iron/install/ament_cmake_core/share/ament_cmake_core/cmake/ament_cmake_package_templates-extras.cmake:41 (message):
[0.139s]   execute_process(/usr/bin/python3.10
[0.140s]   /home/gurum/ros2_iron/install/ament_cmake_core/share/ament_cmake_core/cmake/package_templates/templates_2_cmake.py
[0.140s]   /home/gurum/ros2_iron/src/ros2/rmw_gurumdds/build/gurumdds_cmake_module/ament_cmake_package_templates/templates.cmake)
[0.140s]   returned error code 1
[0.140s] Call Stack (most recent call first):
[0.140s]   /home/gurum/ros2_iron/install/ament_cmake_core/share/ament_cmake_core/cmake/ament_cmake_coreConfig.cmake:41 (include)
[0.140s]   /home/gurum/ros2_iron/install/ament_cmake/share/ament_cmake/cmake/ament_cmake_export_dependencies-extras.cmake:15 (find_package)
[0.140s]   /home/gurum/ros2_iron/install/ament_cmake/share/ament_cmake/cmake/ament_cmakeConfig.cmake:41 (include)
[0.140s]   CMakeLists.txt:8 (find_package)
[0.140s] 
[0.140s] [0m
[0.140s] -- Configuring incomplete, errors occurred!
[0.140s] See also "/home/gurum/ros2_iron/src/ros2/rmw_gurumdds/build/gurumdds_cmake_module/CMakeFiles/CMakeOutput.log".
[0.141s] gmake: *** [Makefile:226: cmake_check_build_system] Error 1
[0.142s] Invoked command in '/home/gurum/ros2_iron/src/ros2/rmw_gurumdds/build/gurumdds_cmake_module' returned '2': _=/usr/bin/env /usr/bin/cmake --build /home/gurum/ros2_iron/src/ros2/rmw_gurumdds/build/gurumdds_cmake_module -- -j16 -l16
