[35m[1mConsolidate compiler generated dependencies of target rmw_gurumdds_cpp[0m
[  2%] [32mBuilding CXX object CMakeFiles/rmw_gurumdds_cpp.dir/src/rmw_publisher.cpp.o[0m
[01m[K/home/gurum/gurumnet/rmw_gurumdds/rmw_gurumdds_cpp/src/rmw_publisher.cpp:[m[K In function â€˜[01m[Krmw_publisher_t* __rmw_create_publisher(rmw_context_impl_t*, const rmw_node_t*, dds_DomainParticipant*, dds_Publisher*, const rosidl_message_type_support_t*, const char*, const rmw_qos_profile_t*, const rmw_publisher_options_t*, bool)[m[Kâ€™:
[01m[K/home/gurum/gurumnet/rmw_gurumdds/rmw_gurumdds_cpp/src/rmw_publisher.cpp:142:46:[m[K [01;31m[Kerror: [m[Kinvalid initialization of reference of type â€˜[01m[Kconst rosidl_type_hash_t&[m[Kâ€™ {aka â€˜[01m[Kconst rosidl_type_hash_s&[m[Kâ€™} from expression of type â€˜[01m[Kdds_DataWriterQos*[m[Kâ€™
  142 |   if (!get_datawriter_qos(pub, qos_policies, [01;31m[K&datawriter_qos[m[K)) {
      |                                              [01;31m[K^~~~~~~~~~~~~~~[m[K
In file included from [01m[K/home/gurum/gurumnet/rmw_gurumdds/rmw_gurumdds_cpp/src/rmw_publisher.cpp:38[m[K:
[01m[K/home/gurum/gurumnet/rmw_gurumdds/rmw_gurumdds_cpp/include/rmw_gurumdds_cpp/qos.hpp:33:29:[m[K [01;36m[Knote: [m[Kin passing argument 3 of â€˜[01m[Kbool get_datawriter_qos(dds_Publisher*, const rmw_qos_profile_t*, const rosidl_type_hash_t&, dds_DataWriterQos*)[m[Kâ€™
   33 |   [01;36m[Kconst rosidl_type_hash_t& type_hash[m[K,
      |   [01;36m[K~~~~~~~~~~~~~~~~~~~~~~~~~~^~~~~~~~~[m[K
gmake[2]: *** [CMakeFiles/rmw_gurumdds_cpp.dir/build.make:384: CMakeFiles/rmw_gurumdds_cpp.dir/src/rmw_publisher.cpp.o] Error 1
gmake[1]: *** [CMakeFiles/Makefile2:137: CMakeFiles/rmw_gurumdds_cpp.dir/all] Error 2
gmake: *** [Makefile:146: all] Error 2
