[35m[1mConsolidate compiler generated dependencies of target rmw_gurumdds_cpp[0m
[  2%] [32mBuilding CXX object CMakeFiles/rmw_gurumdds_cpp.dir/src/graph_cache.cpp.o[0m
[01m[K/home/gurum/gurumnet/rmw_gurumdds/rmw_gurumdds_cpp/src/graph_cache.cpp:[m[K In function â€˜[01m[Krmw_ret_t __add_local_subscriber(rmw_context_impl_t*, const rmw_node_t*, dds_DataReader*, rmw_gid_t)[m[Kâ€™:
[01m[K/home/gurum/gurumnet/rmw_gurumdds/rmw_gurumdds_cpp/src/graph_cache.cpp:267:25:[m[K [01;31m[Kerror: [m[Kâ€˜[01m[Kuser_data[m[Kâ€™ was not declared in this scope
  267 |                         [01;31m[Kuser_data[m[K.value, user_data.size, type_hash))
      |                         [01;31m[K^~~~~~~~~[m[K
gmake[2]: *** [CMakeFiles/rmw_gurumdds_cpp.dir/build.make:524: CMakeFiles/rmw_gurumdds_cpp.dir/src/graph_cache.cpp.o] Error 1
gmake[1]: *** [CMakeFiles/Makefile2:137: CMakeFiles/rmw_gurumdds_cpp.dir/all] Error 2
gmake: *** [Makefile:146: all] Error 2
