[35m[1mConsolidate compiler generated dependencies of target rmw_gurumdds_cpp[0m
[  2%] [32mBuilding CXX object CMakeFiles/rmw_gurumdds_cpp.dir/src/graph_cache.cpp.o[0m
[01m[K/home/gurum/ros2_iron/src/ros2/rmw_gurumdds/rmw_gurumdds_cpp/src/graph_cache.cpp:[m[K In function â€˜[01m[Krmw_ret_t graph_cache_initialize(rmw_context_impl_t*)[m[Kâ€™:
[01m[K/home/gurum/ros2_iron/src/ros2/rmw_gurumdds/rmw_gurumdds_cpp/src/graph_cache.cpp:375:48:[m[K [01;31m[Kerror: [m[Krequest for member â€˜[01m[Kimplementation_identifier[m[Kâ€™ in â€˜[01m[Kctx[m[Kâ€™, which is of pointer type â€˜[01m[Krmw_context_impl_t* const[m[Kâ€™ {aka â€˜[01m[Krmw_context_impl_s* const[m[Kâ€™} (maybe you meant to use â€˜[01m[K->[m[Kâ€™ ?)
  375 |   node_handle->implementation_identifier = ctx.[01;31m[Kimplementation_identifier[m[K;
      |                                                [01;31m[K^~~~~~~~~~~~~~~~~~~~~~~~~[m[K
[01m[K/home/gurum/ros2_iron/src/ros2/rmw_gurumdds/rmw_gurumdds_cpp/src/graph_cache.cpp:377:26:[m[K [01;31m[Kerror: [m[Kâ€˜[01m[Kcontext[m[Kâ€™ was not declared in this scope
  377 |   node_handle->context = [01;31m[Kcontext[m[K;
      |                          [01;31m[K^~~~~~~[m[K
gmake[2]: *** [CMakeFiles/rmw_gurumdds_cpp.dir/build.make:524: CMakeFiles/rmw_gurumdds_cpp.dir/src/graph_cache.cpp.o] Error 1
gmake[1]: *** [CMakeFiles/Makefile2:137: CMakeFiles/rmw_gurumdds_cpp.dir/all] Error 2
gmake: *** [Makefile:146: all] Error 2
