[01m[K/home/gurum/gurumnet/rmw_gurumdds/rmw_gurumdds_cpp/src/qos.cpp:[m[K In function â€˜[01m[Kbool set_entity_qos_from_profile_generic(const rmw_qos_profile_t*, const rosidl_type_hash_t&, dds_EntityQos*)[m[Kâ€™:
[01m[K/home/gurum/gurumnet/rmw_gurumdds/rmw_gurumdds_cpp/src/qos.cpp:146:5:[m[K [01;31m[Kerror: [m[Kthere are no arguments to â€˜[01m[KRCUTILS_LOG_WARN_NAMED[m[Kâ€™ that depend on a template parameter, so a declaration of â€˜[01m[KRCUTILS_LOG_WARN_NAMED[m[Kâ€™ must be available [[01;31m[K]8;;https://gcc.gnu.org/onlinedocs/gcc/Warning-Options.html#index-fpermissive-fpermissive]8;;[m[K]
  146 |     [01;31m[KRCUTILS_LOG_WARN_NAMED[m[K(
      |     [01;31m[K^~~~~~~~~~~~~~~~~~~~~~[m[K
[01m[K/home/gurum/gurumnet/rmw_gurumdds/rmw_gurumdds_cpp/src/qos.cpp:146:5:[m[K [01;36m[Knote: [m[K(if you use â€˜[01m[K-fpermissive[m[Kâ€™, G++ will accept your code, but allowing the use of an undeclared name is deprecated)
/home/gurum/gurumnet/rmw_gurumdds/rmw_gurumdds_cpp/src/qos.cpp: In instantiation of â€˜[01m[Kbool set_entity_qos_from_profile_generic(const rmw_qos_profile_t*, const rosidl_type_hash_t&, dds_EntityQos*) [with dds_EntityQos = dds_DataWriterQos; rmw_qos_profile_t = rmw_qos_profile_s; rosidl_type_hash_t = rosidl_type_hash_s][m[Kâ€™:
[01m[K/home/gurum/gurumnet/rmw_gurumdds/rmw_gurumdds_cpp/src/qos.cpp:178:38:[m[K   required from here
[01m[K/home/gurum/gurumnet/rmw_gurumdds/rmw_gurumdds_cpp/src/qos.cpp:146:27:[m[K [01;31m[Kerror: [m[Kâ€˜[01m[KRCUTILS_LOG_WARN_NAMED[m[Kâ€™ was not declared in this scope; did you mean â€˜[01m[KRCUTILS_WARN_UNUSED[m[Kâ€™?
  146 |     [01;31m[KRCUTILS_LOG_WARN_NAMED([m[K
      |     [01;31m[K~~~~~~~~~~~~~~~~~~~~~~^[m[K
  147 | [01;31m[K      "rmw_gurumdds_cpp",[m[K
      |       [01;31m[K~~~~~~~~~~~~~~~~~~~[m[K  
  148 | [01;31m[K      "Failed to encode type hash for topic, will not distribute it in USER_DATA.")[m[K;
      |       [01;31m[K~~~~~~~~~~~~~~~~~~~~~~~~~~~~~~~~~~~~~~~~~~~~~~~~~~~~~~~~~~~~~~~~~~~~~~~~~~~~~[m[K
[01m[K/home/gurum/gurumnet/rmw_gurumdds/rmw_gurumdds_cpp/src/qos.cpp:155:14:[m[K [01;31m[Kerror: [m[Krequest for member â€˜[01m[Kuser_data[m[Kâ€™ in â€˜[01m[Kentity_qos[m[Kâ€™, which is of pointer type â€˜[01m[Kdds_DataWriterQos*[m[Kâ€™ (maybe you meant to use â€˜[01m[K->[m[Kâ€™ ?)
  155 |   [01;31m[Kentity_qos.user_data[m[K().resize(user_data.size());
      |   [01;31m[K~~~~~~~~~~~^~~~~~~~~[m[K
[01m[K/home/gurum/gurumnet/rmw_gurumdds/rmw_gurumdds_cpp/src/qos.cpp:156:14:[m[K [01;31m[Kerror: [m[Krequest for member â€˜[01m[Kuser_data[m[Kâ€™ in â€˜[01m[Kentity_qos[m[Kâ€™, which is of pointer type â€˜[01m[Kdds_DataWriterQos*[m[Kâ€™ (maybe you meant to use â€˜[01m[K->[m[Kâ€™ ?)
  156 |   [01;31m[Kentity_qos.user_data[m[K().setValue(user_data);
      |   [01;31m[K~~~~~~~~~~~^~~~~~~~~[m[K
/home/gurum/gurumnet/rmw_gurumdds/rmw_gurumdds_cpp/src/qos.cpp: In instantiation of â€˜[01m[Kbool set_entity_qos_from_profile_generic(const rmw_qos_profile_t*, const rosidl_type_hash_t&, dds_EntityQos*) [with dds_EntityQos = dds_DataReaderQos; rmw_qos_profile_t = rmw_qos_profile_s; rosidl_type_hash_t = rosidl_type_hash_s][m[Kâ€™:
[01m[K/home/gurum/gurumnet/rmw_gurumdds/rmw_gurumdds_cpp/src/qos.cpp:195:38:[m[K   required from here
[01m[K/home/gurum/gurumnet/rmw_gurumdds/rmw_gurumdds_cpp/src/qos.cpp:146:27:[m[K [01;31m[Kerror: [m[Kâ€˜[01m[KRCUTILS_LOG_WARN_NAMED[m[Kâ€™ was not declared in this scope; did you mean â€˜[01m[KRCUTILS_WARN_UNUSED[m[Kâ€™?
  146 |     [01;31m[KRCUTILS_LOG_WARN_NAMED([m[K
      |     [01;31m[K~~~~~~~~~~~~~~~~~~~~~~^[m[K
  147 | [01;31m[K      "rmw_gurumdds_cpp",[m[K
      |       [01;31m[K~~~~~~~~~~~~~~~~~~~[m[K  
  148 | [01;31m[K      "Failed to encode type hash for topic, will not distribute it in USER_DATA.")[m[K;
      |       [01;31m[K~~~~~~~~~~~~~~~~~~~~~~~~~~~~~~~~~~~~~~~~~~~~~~~~~~~~~~~~~~~~~~~~~~~~~~~~~~~~~[m[K
[01m[K/home/gurum/gurumnet/rmw_gurumdds/rmw_gurumdds_cpp/src/qos.cpp:155:14:[m[K [01;31m[Kerror: [m[Krequest for member â€˜[01m[Kuser_data[m[Kâ€™ in â€˜[01m[Kentity_qos[m[Kâ€™, which is of pointer type â€˜[01m[Kdds_DataReaderQos*[m[Kâ€™ (maybe you meant to use â€˜[01m[K->[m[Kâ€™ ?)
  155 |   [01;31m[Kentity_qos.user_data[m[K().resize(user_data.size());
      |   [01;31m[K~~~~~~~~~~~^~~~~~~~~[m[K
[01m[K/home/gurum/gurumnet/rmw_gurumdds/rmw_gurumdds_cpp/src/qos.cpp:156:14:[m[K [01;31m[Kerror: [m[Krequest for member â€˜[01m[Kuser_data[m[Kâ€™ in â€˜[01m[Kentity_qos[m[Kâ€™, which is of pointer type â€˜[01m[Kdds_DataReaderQos*[m[Kâ€™ (maybe you meant to use â€˜[01m[K->[m[Kâ€™ ?)
  156 |   [01;31m[Kentity_qos.user_data[m[K().setValue(user_data);
      |   [01;31m[K~~~~~~~~~~~^~~~~~~~~[m[K
gmake[2]: *** [CMakeFiles/rmw_gurumdds_cpp.dir/build.make:174: CMakeFiles/rmw_gurumdds_cpp.dir/src/qos.cpp.o] Error 1
gmake[1]: *** [CMakeFiles/Makefile2:137: CMakeFiles/rmw_gurumdds_cpp.dir/all] Error 2
gmake: *** [Makefile:146: all] Error 2
