[35m[1mConsolidate compiler generated dependencies of target rmw_gurumdds_cpp[0m
[  2%] [32mBuilding CXX object CMakeFiles/rmw_gurumdds_cpp.dir/src/types.cpp.o[0m
[01m[K/home/gurum/gurumnet/rmw_gurumdds/rmw_gurumdds_cpp/src/types.cpp:[m[K In function â€˜[01m[Kvoid on_publication_changed(const dds_DomainParticipant*, const dds_PublicationBuiltinTopicData*, dds_InstanceHandle_t)[m[Kâ€™:
[01m[K/home/gurum/gurumnet/rmw_gurumdds/rmw_gurumdds_cpp/src/types.cpp:309:39:[m[K [01;31m[Kerror: [m[Kâ€˜[01m[Kparse_type_hash_from_user_data[m[Kâ€™ is not a member of â€˜[01m[Krmw_dds_common[m[Kâ€™
  309 |     if (RMW_RET_OK != rmw_dds_common::[01;31m[Kparse_type_hash_from_user_data[m[K(
      |                                       [01;31m[K^~~~~~~~~~~~~~~~~~~~~~~~~~~~~~[m[K
[01m[K/home/gurum/gurumnet/rmw_gurumdds/rmw_gurumdds_cpp/src/types.cpp:310:27:[m[K [01;31m[Kerror: [m[Kâ€˜[01m[Kuser_data_data[m[Kâ€™ was not declared in this scope
  310 |                           [01;31m[Kuser_data_data[m[K, user_data_size, type_hash))
      |                           [01;31m[K^~~~~~~~~~~~~~[m[K
[01m[K/home/gurum/gurumnet/rmw_gurumdds/rmw_gurumdds_cpp/src/types.cpp:310:43:[m[K [01;31m[Kerror: [m[Kâ€˜[01m[Kuser_data_size[m[Kâ€™ was not declared in this scope
  310 |                           user_data_data, [01;31m[Kuser_data_size[m[K, type_hash))
      |                                           [01;31m[K^~~~~~~~~~~~~~[m[K
[01m[K/home/gurum/gurumnet/rmw_gurumdds/rmw_gurumdds_cpp/src/types.cpp:314:11:[m[K [01;31m[Kerror: [m[Kâ€˜[01m[Ktopic_name[m[Kâ€™ was not declared in this scope; did you mean â€˜[01m[Ktypename[m[Kâ€™?
  314 |           [01;31m[Ktopic_name[m[K, type_name,
      |           [01;31m[K^~~~~~~~~~[m[K
      |           [32m[Ktypename[m[K
[01m[K/home/gurum/gurumnet/rmw_gurumdds/rmw_gurumdds_cpp/src/types.cpp:314:23:[m[K [01;31m[Kerror: [m[Kâ€˜[01m[Ktype_name[m[Kâ€™ was not declared in this scope; did you mean â€˜[01m[Ktypename[m[Kâ€™?
  314 |           topic_name, [01;31m[Ktype_name[m[K,
      |                       [01;31m[K^~~~~~~~~[m[K
      |                       [32m[Ktypename[m[K
[01m[K/home/gurum/gurumnet/rmw_gurumdds/rmw_gurumdds_cpp/src/types.cpp:312:7:[m[K [01;31m[Kerror: [m[Kâ€˜[01m[KRMW_CONNEXT_LOG_WARNING_A[m[Kâ€™ was not declared in this scope
  312 |       [01;31m[KRMW_CONNEXT_LOG_WARNING_A[m[K(
      |       [01;31m[K^~~~~~~~~~~~~~~~~~~~~~~~~[m[K
[01m[K/home/gurum/gurumnet/rmw_gurumdds/rmw_gurumdds_cpp/src/types.cpp:[m[K In function â€˜[01m[Kvoid on_subscription_changed(const dds_DomainParticipant*, const dds_SubscriptionBuiltinTopicData*, dds_InstanceHandle_t)[m[Kâ€™:
[01m[K/home/gurum/gurumnet/rmw_gurumdds/rmw_gurumdds_cpp/src/types.cpp:388:39:[m[K [01;31m[Kerror: [m[Kâ€˜[01m[Kparse_type_hash_from_user_data[m[Kâ€™ is not a member of â€˜[01m[Krmw_dds_common[m[Kâ€™
  388 |     if (RMW_RET_OK != rmw_dds_common::[01;31m[Kparse_type_hash_from_user_data[m[K(
      |                                       [01;31m[K^~~~~~~~~~~~~~~~~~~~~~~~~~~~~~[m[K
[01m[K/home/gurum/gurumnet/rmw_gurumdds/rmw_gurumdds_cpp/src/types.cpp:389:27:[m[K [01;31m[Kerror: [m[Kâ€˜[01m[Kuser_data_data[m[Kâ€™ was not declared in this scope
  389 |                           [01;31m[Kuser_data_data[m[K, user_data_size, type_hash))
      |                           [01;31m[K^~~~~~~~~~~~~~[m[K
[01m[K/home/gurum/gurumnet/rmw_gurumdds/rmw_gurumdds_cpp/src/types.cpp:389:43:[m[K [01;31m[Kerror: [m[Kâ€˜[01m[Kuser_data_size[m[Kâ€™ was not declared in this scope
  389 |                           user_data_data, [01;31m[Kuser_data_size[m[K, type_hash))
      |                                           [01;31m[K^~~~~~~~~~~~~~[m[K
[01m[K/home/gurum/gurumnet/rmw_gurumdds/rmw_gurumdds_cpp/src/types.cpp:393:11:[m[K [01;31m[Kerror: [m[Kâ€˜[01m[Ktopic_name[m[Kâ€™ was not declared in this scope; did you mean â€˜[01m[Ktypename[m[Kâ€™?
  393 |           [01;31m[Ktopic_name[m[K, type_name,
      |           [01;31m[K^~~~~~~~~~[m[K
      |           [32m[Ktypename[m[K
[01m[K/home/gurum/gurumnet/rmw_gurumdds/rmw_gurumdds_cpp/src/types.cpp:393:23:[m[K [01;31m[Kerror: [m[Kâ€˜[01m[Ktype_name[m[Kâ€™ was not declared in this scope; did you mean â€˜[01m[Ktypename[m[Kâ€™?
  393 |           topic_name, [01;31m[Ktype_name[m[K,
      |                       [01;31m[K^~~~~~~~~[m[K
      |                       [32m[Ktypename[m[K
[01m[K/home/gurum/gurumnet/rmw_gurumdds/rmw_gurumdds_cpp/src/types.cpp:391:7:[m[K [01;31m[Kerror: [m[Kâ€˜[01m[KRMW_CONNEXT_LOG_WARNING_A[m[Kâ€™ was not declared in this scope
  391 |       [01;31m[KRMW_CONNEXT_LOG_WARNING_A[m[K(
      |       [01;31m[K^~~~~~~~~~~~~~~~~~~~~~~~~[m[K
[01m[K/home/gurum/gurumnet/rmw_gurumdds/rmw_gurumdds_cpp/src/types.cpp:398:28:[m[K [01;31m[Kerror: [m[Ktoo few arguments to function â€˜[01m[Krmw_ret_t graph_add_remote_entity(rmw_context_impl_t*, const dds_GUID_t*, const dds_GUID_t*, const char*, const char*, const rosidl_type_hash_t&, const dds_ReliabilityQosPolicy*, const dds_DurabilityQosPolicy*, const dds_DeadlineQosPolicy*, const dds_LivelinessQosPolicy*, const dds_LifespanQosPolicy*, bool)[m[Kâ€™
  398 |     [01;31m[Kgraph_add_remote_entity([m[K
      |     [01;31m[K~~~~~~~~~~~~~~~~~~~~~~~^[m[K
  399 | [01;31m[K      ctx,[m[K
      |       [01;31m[K~~~~[m[K                  
  400 | [01;31m[K      &endp_guid,[m[K
      |       [01;31m[K~~~~~~~~~~~[m[K           
  401 | [01;31m[K      &dp_guid,[m[K
      |       [01;31m[K~~~~~~~~~[m[K             
  402 | [01;31m[K      data->topic_name,[m[K
      |       [01;31m[K~~~~~~~~~~~~~~~~~[m[K     
  403 | [01;31m[K      data->type_name,[m[K
      |       [01;31m[K~~~~~~~~~~~~~~~~[m[K      
  404 | [01;31m[K      type_hash)[m[K,
      |       [01;31m[K~~~~~~~~~~[m[K            
In file included from [01m[K/home/gurum/gurumnet/rmw_gurumdds/rmw_gurumdds_cpp/src/types.cpp:19[m[K:
[01m[K/home/gurum/gurumnet/rmw_gurumdds/rmw_gurumdds_cpp/include/rmw_gurumdds_cpp/graph_cache.hpp:109:1:[m[K [01;36m[Knote: [m[Kdeclared here
  109 | [01;36m[Kgraph_add_remote_entity[m[K(
      | [01;36m[K^~~~~~~~~~~~~~~~~~~~~~~[m[K
gmake[2]: *** [CMakeFiles/rmw_gurumdds_cpp.dir/build.make:552: CMakeFiles/rmw_gurumdds_cpp.dir/src/types.cpp.o] Error 1
gmake[1]: *** [CMakeFiles/Makefile2:137: CMakeFiles/rmw_gurumdds_cpp.dir/all] Error 2
gmake: *** [Makefile:146: all] Error 2
