[0.042s] Invoking command in '/home/gurum/gurumnet/rmw_gurumdds/build/rmw_gurumdds_cpp': AMENT_PREFIX_PATH=/home/gurum/gurumnet/rmw_gurumdds/install/gurumdds_cmake_module:${AMENT_PREFIX_PATH} CMAKE_PREFIX_PATH=/home/gurum/gurumnet/rmw_gurumdds/install/gurumdds_cmake_module:/home/gurum/ros2_iron/install/rosbag2:/home/gurum/ros2_iron/install/rosbag2_storage_default_plugins:/home/gurum/ros2_iron/install/rosbag2_storage_mcap:/home/gurum/ros2_iron/install/rosbag2_compression_zstd:/home/gurum/ros2_iron/install/mcap_vendor:/home/gurum/ros2_iron/install/zstd_vendor:/home/gurum/ros2_iron/install/rviz_visual_testing_framework:/home/gurum/ros2_iron/install/rviz2:/home/gurum/ros2_iron/install/rviz_default_plugins:/home/gurum/ros2_iron/install/rviz_common:/home/gurum/ros2_iron/install/rosbag2_py:/home/gurum/ros2_iron/install/rosbag2_transport:/home/gurum/ros2_iron/install/rosbag2_storage_sqlite3:/home/gurum/ros2_iron/install/rosbag2_examples_cpp:/home/gurum/ros2_iron/install/rosbag2_compression:/home/gurum/ros2_iron/install/rosbag2_cpp:/home/gurum/ros2_iron/install/rosbag2_storage:/home/gurum/ros2_iron/install/image_common:/home/gurum/ros2_iron/install/camera_info_manager:/home/gurum/ros2_iron/install/camera_calibration_parsers:/home/gurum/ros2_iron/install/yaml_cpp_vendor:/home/gurum/ros2_iron/install/interactive_markers:/home/gurum/ros2_iron/install/common_interfaces:/home/gurum/ros2_iron/install/visualization_msgs:/home/gurum/ros2_iron/install/dummy_robot_bringup:/home/gurum/ros2_iron/install/robot_state_publisher:/home/gurum/ros2_iron/install/kdl_parser:/home/gurum/ros2_iron/install/urdf:/home/gurum/ros2_iron/install/urdfdom:/home/gurum/ros2_iron/install/urdf_parser_plugin:/home/gurum/ros2_iron/install/urdfdom_headers:/home/gurum/ros2_iron/install/turtlesim:/home/gurum/ros2_iron/install/trajectory_msgs:/home/gurum/ros2_iron/install/topic_statistics_demo:/home/gurum/ros2_iron/install/pendulum_control:/home/gurum/ros2_iron/install/tlsf_cpp:/home/gurum/ros2_iron/install/geometry2:/home/gurum/ros2_iron/install/tf2_sensor_msgs:/home/gurum/ros2_iron/install/test_tf2:/home/gurum/ros2_iron/install/tf2_kdl:/home/gurum/ros2_iron/install/tf2_geometry_msgs:/home/gurum/ros2_iron/install/tf2_eigen:/home/gurum/ros2_iron/install/tf2_bullet:/home/gurum/ros2_iron/install/tf2_ros:/home/gurum/ros2_iron/install/tf2_py:/home/gurum/ros2_iron/install/tf2_msgs:/home/gurum/ros2_iron/install/tf2_eigen_kdl:/home/gurum/ros2_iron/install/laser_geometry:/home/gurum/ros2_iron/install/tf2:/home/gurum/ros2_iron/install/test_tracetools:/home/gurum/ros2_iron/install/test_msgs:/home/gurum/ros2_iron/install/test_communication:/home/gurum/ros2_iron/install/stereo_msgs:/home/gurum/ros2_iron/install/std_srvs:/home/gurum/ros2_iron/install/shape_msgs:/home/gurum/ros2_iron/install/quality_of_service_demo_cpp:/home/gurum/ros2_iron/install/map_msgs:/home/gurum/ros2_iron/install/intra_process_demo:/home/gurum/ros2_iron/install/image_transport:/home/gurum/ros2_iron/install/image_tools:/home/gurum/ros2_iron/install/dummy_sensors:/home/gurum/ros2_iron/install/sensor_msgs:/home/gurum/ros2_iron/install/ros2cli_common_extensions:/home/gurum/ros2_iron/install/dummy_map_server:/home/gurum/ros2_iron/install/nav_msgs:/home/gurum/ros2_iron/install/logging_demo:/home/gurum/ros2_iron/install/lifecycle:/home/gurum/ros2_iron/install/diagnostic_msgs:/home/gurum/ros2_iron/install/geometry_msgs:/home/gurum/ros2_iron/install/examples_rclcpp_wait_set:/home/gurum/ros2_iron/install/examples_rclcpp_multithreaded_executor:/home/gurum/ros2_iron/install/examples_rclcpp_minimal_subscriber:/home/gurum/ros2_iron/install/examples_rclcpp_minimal_publisher:/home/gurum/ros2_iron/install/examples_rclcpp_minimal_composition:/home/gurum/ros2_iron/install/examples_rclcpp_cbg_executor:/home/gurum/ros2_iron/install/demo_nodes_cpp_native:/home/gurum/ros2_iron/install/demo_nodes_cpp:/home/gurum/ros2_iron/install/composition:/home/gurum/ros2_iron/install/actionlib_msgs:/home/gurum/ros2_iron/install/std_msgs:/home/gurum/ros2_iron/install/rqt_gui_cpp:/home/gurum/ros2_iron/install/rosbag2_test_common:/home/gurum/ros2_iron/install/ros2lifecycle_test_fixtures:/home/gurum/ros2_iron/install/rclcpp_lifecycle:/home/gurum/ros2_iron/install/action_tutorials_cpp:/home/gurum/ros2_iron/install/rclcpp_components:/home/gurum/ros2_iron/install/examples_rclcpp_minimal_action_server:/home/gurum/ros2_iron/install/examples_rclcpp_minimal_action_client:/home/gurum/ros2_iron/install/rclcpp_action:/home/gurum/ros2_iron/install/message_filters:/home/gurum/ros2_iron/install/examples_rclcpp_minimal_timer:/home/gurum/ros2_iron/install/examples_rclcpp_minimal_service:/home/gurum/ros2_iron/install/examples_rclcpp_minimal_client:/home/gurum/ros2_iron/install/examples_rclcpp_async_client:/home/gurum/ros2_iron/install/rclcpp:/home/gurum/ros2_iron/install/libstatistics_collector:/home/gurum/ros2_iron/install/statistics_msgs:/home/gurum/ros2_iron/install/sros2_cmake:/home/gurum/ros2_iron/install/rqt_py_common:/home/gurum/ros2_iron/install/ros_testing:/home/gurum/ros2_iron/install/rclpy:/home/gurum/ros2_iron/install/rosgraph_msgs:/home/gurum/ros2_iron/install/rosbag2_interfaces:/home/gurum/ros2_iron/install/ros2cli_test_interfaces:/home/gurum/ros2_iron/install/rcl_lifecycle:/home/gurum/ros2_iron/install/rcl_action:/home/gurum/ros2_iron/install/rcl:/home/gurum/ros2_iron/install/rmw_implementation:/home/gurum/ros2_iron/install/rmw_gurumdds_cpp:/home/gurum/ros2_iron/install/rmw_fastrtps_dynamic_cpp:/home/gurum/ros2_iron/install/rmw_fastrtps_cpp:/home/gurum/ros2_iron/install/rmw_fastrtps_shared_cpp:/home/gurum/ros2_iron/install/rmw_cyclonedds_cpp:/home/gurum/ros2_iron/install/rmw_connextddsmicro:/home/gurum/ros2_iron/install/rmw_connextdds:/home/gurum/ros2_iron/install/rmw_connextdds_common:/home/gurum/ros2_iron/install/rmw_dds_common:/home/gurum/ros2_iron/install/composition_interfaces:/home/gurum/ros2_iron/install/rcl_interfaces:/home/gurum/ros2_iron/install/pendulum_msgs:/home/gurum/ros2_iron/install/lifecycle_msgs:/home/gurum/ros2_iron/install/example_interfaces:/home/gurum/ros2_iron/install/action_tutorials_interfaces:/home/gurum/ros2_iron/install/rosidl_default_runtime:/home/gurum/ros2_iron/install/rosidl_default_generators:/home/gurum/ros2_iron/install/action_msgs:/home/gurum/ros2_iron/install/unique_identifier_msgs:/home/gurum/ros2_iron/install/ament_lint_common:/home/gurum/ros2_iron/install/ament_cmake_uncrustify:/home/gurum/ros2_iron/install/uncrustify_vendor:/home/gurum/ros2_iron/install/type_description_interfaces:/home/gurum/ros2_iron/install/tracetools:/home/gurum/ros2_iron/install/tlsf:/home/gurum/ros2_iron/install/tinyxml_vendor:/home/gurum/ros2_iron/install/qt_gui_core:/home/gurum/ros2_iron/install/qt_gui_cpp:/home/gurum/ros2_iron/install/pluginlib:/home/gurum/ros2_iron/install/tinyxml2_vendor:/home/gurum/ros2_iron/install/test_security:/home/gurum/ros2_iron/install/test_rmw_implementation:/home/gurum/ros2_iron/install/test_rclcpp:/home/gurum/ros2_iron/install/test_quality_of_service:/home/gurum/ros2_iron/install/test_launch_testing:/home/gurum/ros2_iron/install/test_interface_files:/home/gurum/ros2_iron/install/test_cli_remapping:/home/gurum/ros2_iron/install/test_cli:/home/gurum/ros2_iron/install/qt_gui_app:/home/gurum/ros2_iron/install/qt_gui:/home/gurum/ros2_iron/install/tango_icons_vendor:/home/gurum/ros2_iron/install/sqlite3_vendor:/home/gurum/ros2_iron/install/rcl_logging_spdlog:/home/gurum/ros2_iron/install/spdlog_vendor:/home/gurum/ros2_iron/install/shared_queues_vendor:/home/gurum/ros2_iron/install/service_msgs:/home/gurum/ros2_iron/install/rviz_rendering_tests:/home/gurum/ros2_iron/install/rviz_rendering:/home/gurum/ros2_iron/install/rviz_ogre_vendor:/home/gurum/ros2_iron/install/rviz_assimp_vendor:/home/gurum/ros2_iron/install/rttest:/home/gurum/ros2_iron/install/rti_connext_dds_cmake_module:/home/gurum/ros2_iron/install/builtin_interfaces:/home/gurum/ros2_iron/install/rosidl_core_runtime:/home/gurum/ros2_iron/install/rosidl_core_generators:/home/gurum/ros2_iron/install/rosidl_generator_py:/home/gurum/ros2_iron/install/rosidl_typesupport_tests:/home/gurum/ros2_iron/install/rosidl_typesupport_introspection_tests:/home/gurum/ros2_iron/install/rosidl_typesupport_cpp:/home/gurum/ros2_iron/install/rosidl_typesupport_introspection_cpp:/home/gurum/ros2_iron/install/rosidl_typesupport_c:/home/gurum/ros2_iron/install/rosidl_typesupport_introspection_c:/home/gurum/ros2_iron/install/rosidl_typesupport_fastrtps_c:/home/gurum/ros2_iron/install/rosidl_typesupport_fastrtps_cpp:/home/gurum/ros2_iron/install/rosidl_generator_cpp:/home/gurum/ros2_iron/install/rosidl_runtime_cpp:/home/gurum/ros2_iron/install/rosidl_dynamic_typesupport_fastrtps:/home/gurum/ros2_iron/install/rcl_yaml_param_parser:/home/gurum/ros2_iron/install/rmw:/home/gurum/ros2_iron/install/rosidl_dynamic_typesupport:/home/gurum/ros2_iron/install/rosidl_runtime_c:/home/gurum/ros2_iron/install/rosidl_generator_c:/home/gurum/ros2_iron/install/rosidl_typesupport_interface:/home/gurum/ros2_iron/install/rosidl_generator_dds_idl:/home/gurum/ros2_iron/install/rosidl_cmake:/home/gurum/ros2_iron/install/rosidl_generator_type_description:/home/gurum/ros2_iron/install/rosidl_parser:/home/gurum/ros2_iron/install/rosidl_generator_tests:/home/gurum/ros2_iron/install/rosidl_adapter:/home/gurum/ros2_iron/install/rosbag2_tests:/home/gurum/ros2_iron/install/rosbag2_test_msgdefs:/home/gurum/ros2_iron/install/ros_environment:/home/gurum/ros2_iron/install/rmw_implementation_cmake:/home/gurum/ros2_iron/install/resource_retriever:/home/gurum/ros2_iron/install/class_loader:/home/gurum/ros2_iron/install/rcpputils:/home/gurum/ros2_iron/install/rcl_logging_noop:/home/gurum/ros2_iron/install/rcl_logging_interface:/home/gurum/ros2_iron/install/rcutils:/home/gurum/ros2_iron/install/qt_gui_py_common:/home/gurum/ros2_iron/install/qt_dotgraph:/home/gurum/ros2_iron/install/python_qt_binding:/home/gurum/ros2_iron/install/python_orocos_kdl_vendor:/home/gurum/ros2_iron/install/launch_testing_ament_cmake:/home/gurum/ros2_iron/install/python_cmake_module:/home/gurum/ros2_iron/install/pybind11_vendor:/home/gurum/ros2_iron/install/performance_test_fixture:/home/gurum/ros2_iron/install/osrf_testing_tools_cpp:/home/gurum/ros2_iron/install/orocos_kdl_vendor:/home/gurum/ros2_iron/install/mimick_vendor:/home/gurum/ros2_iron/install/libyaml_vendor:/home/gurum/ros2_iron/install/libcurl_vendor:/home/gurum/ros2_iron/install/keyboard_handler:/home/gurum/ros2_iron/install/cyclonedds:/home/gurum/ros2_iron/install/iceoryx_posh:/home/gurum/ros2_iron/install/iceoryx_hoofs:/home/gurum/ros2_iron/install/iceoryx_binding_c:/home/gurum/ros2_iron/install/gurumdds_cmake_module:/home/gurum/ros2_iron/install/ament_cmake_ros:/home/gurum/ros2_iron/install/ament_cmake_gmock:/home/gurum/ros2_iron/install/gmock_vendor:/home/gurum/ros2_iron/install/ament_cmake_auto:/home/gurum/ros2_iron/install/ament_cmake_gtest:/home/gurum/ros2_iron/install/gtest_vendor:/home/gurum/ros2_iron/install/ament_cmake_google_benchmark:/home/gurum/ros2_iron/install/google_benchmark_vendor:/home/gurum/ros2_iron/install/fastrtps:/home/gurum/ros2_iron/install/foonathan_memory_vendor:/home/gurum/ros2_iron/install/fastrtps_cmake_module:/home/gurum/ros2_iron/install/fastcdr:/home/gurum/ros2_iron/install/eigen3_cmake_module:/home/gurum/ros2_iron/install/console_bridge_vendor:/home/gurum/ros2_iron/install/ament_cmake_xmllint:/home/gurum/ros2_iron/install/ament_cmake_pyflakes:/home/gurum/ros2_iron/install/ament_cmake_pycodestyle:/home/gurum/ros2_iron/install/ament_cmake_pep257:/home/gurum/ros2_iron/install/ament_cmake_pclint:/home/gurum/ros2_iron/install/ament_lint_auto:/home/gurum/ros2_iron/install/ament_cmake:/home/gurum/ros2_iron/install/ament_cmake_version:/home/gurum/ros2_iron/install/ament_cmake_vendor_package:/home/gurum/ros2_iron/install/ament_cmake_pytest:/home/gurum/ros2_iron/install/ament_cmake_mypy:/home/gurum/ros2_iron/install/ament_cmake_lint_cmake:/home/gurum/ros2_iron/install/ament_cmake_flake8:/home/gurum/ros2_iron/install/ament_cmake_cpplint:/home/gurum/ros2_iron/install/ament_cmake_cppcheck:/home/gurum/ros2_iron/install/ament_cmake_copyright:/home/gurum/ros2_iron/install/ament_cmake_clang_tidy:/home/gurum/ros2_iron/install/ament_cmake_clang_format:/home/gurum/ros2_iron/install/ament_cmake_test:/home/gurum/ros2_iron/install/ament_cmake_target_dependencies:/home/gurum/ros2_iron/install/ament_cmake_python:/home/gurum/ros2_iron/install/ament_cmake_export_dependencies:/home/gurum/ros2_iron/install/ament_cmake_libraries:/home/gurum/ros2_iron/install/ament_cmake_include_directories:/home/gurum/ros2_iron/install/ament_cmake_gen_version_h:/home/gurum/ros2_iron/install/ament_cmake_export_targets:/home/gurum/ros2_iron/install/ament_cmake_export_link_flags:/home/gurum/ros2_iron/install/ament_cmake_export_interfaces:/home/gurum/ros2_iron/install/ament_cmake_export_libraries:/home/gurum/ros2_iron/install/ament_cmake_export_include_directories:/home/gurum/ros2_iron/install/ament_cmake_export_definitions:/home/gurum/ros2_iron/install/ament_cmake_core:/home/gurum/ros2_iron/install/ament_index_cpp:/home/gurum/ros2_iron/install/rqt_bag_plugins:/home/gurum/ros2_iron/install/rqt_bag:/home/gurum/ros2_iron/install/rosbag2_examples_py:/home/gurum/ros2_iron/install/launch_testing_examples:/home/gurum/ros2_iron/install/ros2bag:/home/gurum/ros2_iron/install/tracetools_test:/home/gurum/ros2_iron/install/tracetools_launch:/home/gurum/ros2_iron/install/topic_monitor:/home/gurum/ros2_iron/install/tf2_tools:/home/gurum/ros2_iron/install/examples_tf2_py:/home/gurum/ros2_iron/install/tf2_ros_py:/home/gurum/ros2_iron/install/examples_rclpy_pointcloud_publisher:/home/gurum/ros2_iron/install/sensor_msgs_py:/home/gurum/ros2_iron/install/quality_of_service_demo_py:/home/gurum/ros2_iron/install/rqt_plot:/home/gurum/ros2_iron/install/ros2doctor:/home/gurum/ros2_iron/install/lifecycle_py:/home/gurum/ros2_iron/install/examples_rclpy_minimal_subscriber:/home/gurum/ros2_iron/install/examples_rclpy_minimal_service:/home/gurum/ros2_iron/install/examples_rclpy_minimal_publisher:/home/gurum/ros2_iron/install/examples_rclpy_minimal_client:/home/gurum/ros2_iron/install/examples_rclpy_executors:/home/gurum/ros2_iron/install/demo_nodes_py:/home/gurum/ros2_iron/install/rqt:/home/gurum/ros2_iron/install/ros2component:/home/gurum/ros2_iron/install/sros2:/home/gurum/ros2_iron/install/rqt_topic:/home/gurum/ros2_iron/install/rqt_srv:/home/gurum/ros2_iron/install/rqt_shell:/home/gurum/ros2_iron/install/rqt_service_caller:/home/gurum/ros2_iron/install/rqt_reconfigure:/home/gurum/ros2_iron/install/rqt_py_console:/home/gurum/ros2_iron/install/rqt_publisher:/home/gurum/ros2_iron/install/rqt_action:/home/gurum/ros2_iron/install/rqt_msg:/home/gurum/ros2_iron/install/rqt_console:/home/gurum/ros2_iron/install/rqt_graph:/home/gurum/ros2_iron/install/rqt_gui_py:/home/gurum/ros2_iron/install/rqt_gui:/home/gurum/ros2_iron/install/ros2trace:/home/gurum/ros2_iron/install/ros2topic:/home/gurum/ros2_iron/install/ros2test:/home/gurum/ros2_iron/install/ros2param:/home/gurum/ros2_iron/install/ros2lifecycle:/home/gurum/ros2_iron/install/ros2service:/home/gurum/ros2_iron/install/ros2run:/home/gurum/ros2_iron/install/ros2launch:/home/gurum/ros2_iron/install/ros2pkg:/home/gurum/ros2_iron/install/ros2node:/home/gurum/ros2_iron/install/ros2multicast:/home/gurum/ros2_iron/install/ros2interface:/home/gurum/ros2_iron/install/ros2action:/home/gurum/ros2_iron/install/ros2cli:/home/gurum/ros2_iron/install/launch_testing_ros:/home/gurum/ros2_iron/install/launch_ros:/home/gurum/ros2_iron/install/examples_rclpy_minimal_action_server:/home/gurum/ros2_iron/install/examples_rclpy_minimal_action_client:/home/gurum/ros2_iron/install/examples_rclpy_guard_conditions:/home/gurum/ros2_iron/install/action_tutorials_py:/home/gurum/ros2_iron/install/ament_uncrustify:/home/gurum/ros2_iron/install/tracetools_trace:/home/gurum/ros2_iron/install/tracetools_read:/home/gurum/ros2_iron/install/test_tracetools_launch:/home/gurum/ros2_iron/install/test_ros2trace:/home/gurum/ros2_iron/install/test_launch_ros:/home/gurum/ros2_iron/install/rpyutils:/home/gurum/ros2_iron/install/rosidl_runtime_py:/home/gurum/ros2_iron/install/rosidl_pycommon:/home/gurum/ros2_iron/install/rosidl_cli:/home/gurum/ros2_iron/install/launch_pytest:/home/gurum/ros2_iron/install/launch_testing:/home/gurum/ros2_iron/install/launch_yaml:/home/gurum/ros2_iron/install/launch_xml:/home/gurum/ros2_iron/install/launch:/home/gurum/ros2_iron/install/osrf_pycommon:/home/gurum/ros2_iron/install/domain_coordinator:/home/gurum/ros2_iron/install/ament_xmllint:/home/gurum/ros2_iron/install/ament_pyflakes:/home/gurum/ros2_iron/install/ament_pycodestyle:/home/gurum/ros2_iron/install/ament_pep257:/home/gurum/ros2_iron/install/ament_pclint:/home/gurum/ros2_iron/install/ament_package:/home/gurum/ros2_iron/install/ament_mypy:/home/gurum/ros2_iron/install/ament_lint_cmake:/home/gurum/ros2_iron/install/ament_flake8:/home/gurum/ros2_iron/install/ament_copyright:/home/gurum/ros2_iron/install/ament_lint:/home/gurum/ros2_iron/install/ament_index_python:/home/gurum/ros2_iron/install/ament_cpplint:/home/gurum/ros2_iron/install/ament_cppcheck:/home/gurum/ros2_iron/install/ament_clang_tidy:/home/gurum/ros2_iron/install/ament_clang_format _=/usr/bin/env /usr/bin/cmake --build /home/gurum/gurumnet/rmw_gurumdds/build/rmw_gurumdds_cpp -- -j16 -l16
[0.101s] [35m[1mConsolidate compiler generated dependencies of target rmw_gurumdds_cpp[0m
[0.152s] [ 10%] [32mBuilding CXX object CMakeFiles/rmw_gurumdds_cpp.dir/src/rmw_event.cpp.o[0m
[0.152s] [ 10%] [32mBuilding CXX object CMakeFiles/rmw_gurumdds_cpp.dir/src/rmw_publisher.cpp.o[0m
[0.153s] [ 10%] [32mBuilding CXX object CMakeFiles/rmw_gurumdds_cpp.dir/src/event_converter.cpp.o[0m
[0.153s] [ 10%] [32mBuilding CXX object CMakeFiles/rmw_gurumdds_cpp.dir/src/rmw_service.cpp.o[0m
[0.153s] [ 13%] [32mBuilding CXX object CMakeFiles/rmw_gurumdds_cpp.dir/src/rmw_subscription.cpp.o[0m
[0.153s] [ 16%] [32mBuilding CXX object CMakeFiles/rmw_gurumdds_cpp.dir/src/rmw_wait.cpp.o[0m
[0.153s] [ 18%] [32mBuilding CXX object CMakeFiles/rmw_gurumdds_cpp.dir/src/types.cpp.o[0m
[0.153s] [ 21%] [32mBuilding CXX object CMakeFiles/rmw_gurumdds_cpp.dir/src/rmw_dynamic_message_type_support.cpp.o[0m
[0.204s] In file included from [01m[K/home/gurum/gurumnet/rmw_gurumdds/rmw_gurumdds_cpp/src/event_converter.cpp:17[m[K:
[0.204s] [01m[K/home/gurum/gurumnet/rmw_gurumdds/rmw_gurumdds_cpp/include/rmw_gurumdds_cpp/event_converter.hpp:59:2:[m[K [01;31m[Kerror: [m[Kexpected unqualified-id before â€˜[01m[K)[m[Kâ€™ token
[0.204s]    59 |  [01;31m[K)[m[K
[0.204s]       |  [01;31m[K^[m[K
[0.205s] [01m[K/home/gurum/gurumnet/rmw_gurumdds/rmw_gurumdds_cpp/src/event_converter.cpp:[m[K In function â€˜[01m[Kdds_StatusKind get_status_kind_from_rmw(rmw_event_type_t)[m[Kâ€™:
[0.206s] [01m[K/home/gurum/gurumnet/rmw_gurumdds/rmw_gurumdds_cpp/src/event_converter.cpp:74:13:[m[K [01;31m[Kerror: [m[Kâ€˜[01m[Kg_mask_map[m[Kâ€™ was not declared in this scope
[0.206s]    74 |   int bit = [01;31m[Kg_mask_map[m[K[static_cast<int>(event_t)];
[0.206s]       |             [01;31m[K^~~~~~~~~~[m[K
[0.208s] gmake[2]: *** [CMakeFiles/rmw_gurumdds_cpp.dir/build.make:90: CMakeFiles/rmw_gurumdds_cpp.dir/src/event_converter.cpp.o] Error 1
[0.208s] gmake[2]: *** Waiting for unfinished jobs....
[0.454s] In file included from [01m[K/home/gurum/gurumnet/rmw_gurumdds/rmw_gurumdds_cpp/src/types.cpp:17[m[K:
[0.454s] [01m[K/home/gurum/gurumnet/rmw_gurumdds/rmw_gurumdds_cpp/include/rmw_gurumdds_cpp/event_converter.hpp:59:2:[m[K [01;31m[Kerror: [m[Kexpected unqualified-id before â€˜[01m[K)[m[Kâ€™ token
[0.454s]    59 |  [01;31m[K)[m[K
[0.454s]       |  [01;31m[K^[m[K
[0.468s] In file included from [01m[K/home/gurum/gurumnet/rmw_gurumdds/rmw_gurumdds_cpp/src/rmw_event.cpp:19[m[K:
[0.468s] [01m[K/home/gurum/gurumnet/rmw_gurumdds/rmw_gurumdds_cpp/include/rmw_gurumdds_cpp/event_converter.hpp:59:2:[m[K [01;31m[Kerror: [m[Kexpected unqualified-id before â€˜[01m[K)[m[Kâ€™ token
[0.468s]    59 |  [01;31m[K)[m[K
[0.468s]       |  [01;31m[K^[m[K
[0.468s] In file included from [01m[K/home/gurum/gurumnet/rmw_gurumdds/rmw_gurumdds_cpp/include/rmw_gurumdds_cpp/rmw_dynamic_message_type_support.hpp:27[m[K,
[0.468s]                  from [01m[K/home/gurum/gurumnet/rmw_gurumdds/rmw_gurumdds_cpp/src/rmw_dynamic_message_type_support.cpp:15[m[K:
[0.468s] [01m[K/home/gurum/gurumnet/rmw_gurumdds/rmw_gurumdds_cpp/include/rmw_gurumdds_cpp/event_converter.hpp:59:2:[m[K [01;31m[Kerror: [m[Kexpected unqualified-id before â€˜[01m[K)[m[Kâ€™ token
[0.468s]    59 |  [01;31m[K)[m[K
[0.468s]       |  [01;31m[K^[m[K
[0.533s] [01m[K/home/gurum/gurumnet/rmw_gurumdds/rmw_gurumdds_cpp/src/rmw_event.cpp:[m[K In function â€˜[01m[Krmw_ret_t rmw_publisher_event_init(rmw_event_t*, const rmw_publisher_t*, rmw_event_type_t)[m[Kâ€™:
[0.533s] [01m[K/home/gurum/gurumnet/rmw_gurumdds/rmw_gurumdds_cpp/src/rmw_event.cpp:58:9:[m[K [01;31m[Kerror: [m[Kâ€˜[01m[KRMW_GURUMDDS_ID[m[Kâ€™ was not declared in this scope
[0.533s]    58 |         [01;31m[KRMW_GURUMDDS_ID[m[K,
[0.533s]       |         [01;31m[K^~~~~~~~~~~~~~~[m[K
[0.537s] [01m[K/home/gurum/gurumnet/rmw_gurumdds/rmw_gurumdds_cpp/src/rmw_event.cpp:[m[K In function â€˜[01m[Krmw_ret_t rmw_subscription_event_init(rmw_event_t*, const rmw_subscription_t*, rmw_event_type_t)[m[Kâ€™:
[0.537s] [01m[K/home/gurum/gurumnet/rmw_gurumdds/rmw_gurumdds_cpp/src/rmw_event.cpp:72:9:[m[K [01;31m[Kerror: [m[Kâ€˜[01m[KRMW_GURUMDDS_ID[m[Kâ€™ was not declared in this scope
[0.537s]    72 |         [01;31m[KRMW_GURUMDDS_ID[m[K,
[0.538s]       |         [01;31m[K^~~~~~~~~~~~~~~[m[K
[0.538s] [01m[K/home/gurum/gurumnet/rmw_gurumdds/rmw_gurumdds_cpp/src/rmw_event.cpp:[m[K In function â€˜[01m[Kvoid update_matched(int32_t, int32_t, int32_t, int32_t)[m[Kâ€™:
[0.538s] [01m[K/home/gurum/gurumnet/rmw_gurumdds/rmw_gurumdds_cpp/src/rmw_event.cpp:79:31:[m[K [01;35m[Kwarning: [m[Kunused parameter â€˜[01m[Ktotal_count[m[Kâ€™ [[01;35m[K]8;;https://gcc.gnu.org/onlinedocs/gcc/Warning-Options.html#index-Wunused-parameter-Wunused-parameter]8;;[m[K]
[0.538s]    79 |   void update_matched([01;35m[Kint32_t total_count[m[K,
[0.538s]       |                       [01;35m[K~~~~~~~~^~~~~~~~~~~[m[K
[0.538s] [01m[K/home/gurum/gurumnet/rmw_gurumdds/rmw_gurumdds_cpp/src/rmw_event.cpp:80:31:[m[K [01;35m[Kwarning: [m[Kunused parameter â€˜[01m[Ktotal_count_change[m[Kâ€™ [[01;35m[K]8;;https://gcc.gnu.org/onlinedocs/gcc/Warning-Options.html#index-Wunused-parameter-Wunused-parameter]8;;[m[K]
[0.538s]    80 |                       [01;35m[Kint32_t total_count_change[m[K,
[0.538s]       |                       [01;35m[K~~~~~~~~^~~~~~~~~~~~~~~~~~[m[K
[0.538s] [01m[K/home/gurum/gurumnet/rmw_gurumdds/rmw_gurumdds_cpp/src/rmw_event.cpp:81:31:[m[K [01;35m[Kwarning: [m[Kunused parameter â€˜[01m[Kcurrent_count[m[Kâ€™ [[01;35m[K]8;;https://gcc.gnu.org/onlinedocs/gcc/Warning-Options.html#index-Wunused-parameter-Wunused-parameter]8;;[m[K]
[0.538s]    81 |                       [01;35m[Kint32_t current_count[m[K,
[0.538s]       |                       [01;35m[K~~~~~~~~^~~~~~~~~~~~~[m[K
[0.539s] [01m[K/home/gurum/gurumnet/rmw_gurumdds/rmw_gurumdds_cpp/src/rmw_event.cpp:82:31:[m[K [01;35m[Kwarning: [m[Kunused parameter â€˜[01m[Kcurrent_count_change[m[Kâ€™ [[01;35m[K]8;;https://gcc.gnu.org/onlinedocs/gcc/Warning-Options.html#index-Wunused-parameter-Wunused-parameter]8;;[m[K]
[0.539s]    82 |                       [01;35m[Kint32_t current_count_change[m[K)
[0.539s]       |                       [01;35m[K~~~~~~~~^~~~~~~~~~~~~~~~~~~~[m[K
[0.541s] In file included from [01m[K/home/gurum/ros2_iron/install/rmw/include/rmw/rmw/impl/cpp/macros.hpp:23[m[K,
[0.541s]                  from [01m[K/home/gurum/gurumnet/rmw_gurumdds/rmw_gurumdds_cpp/src/rmw_event.cpp:17[m[K:
[0.541s] [01m[K/home/gurum/gurumnet/rmw_gurumdds/rmw_gurumdds_cpp/src/rmw_event.cpp:[m[K In function â€˜[01m[Krmw_ret_t rmw_take_event(const rmw_event_t*, void*, bool*)[m[Kâ€™:
[0.541s] [01m[K/home/gurum/gurumnet/rmw_gurumdds/rmw_gurumdds_cpp/src/rmw_event.cpp:101:9:[m[K [01;31m[Kerror: [m[Kâ€˜[01m[KRMW_GURUMDDS_ID[m[Kâ€™ was not declared in this scope
[0.541s]   101 |         [01;31m[KRMW_GURUMDDS_ID[m[K,
[0.541s]       |         [01;31m[K^~~~~~~~~~~~~~~[m[K
[0.541s] [01m[K/home/gurum/gurumnet/rmw_gurumdds/rmw_gurumdds_cpp/src/rmw_event.cpp:117:5:[m[K [01;31m[Kerror: [m[Ka function-definition is not allowed here before â€˜[01m[K{[m[Kâ€™ token
[0.541s]   117 |     [01;31m[K{[m[K
[0.542s]       |     [01;31m[K^[m[K
[0.542s] [01m[K/home/gurum/gurumnet/rmw_gurumdds/rmw_gurumdds_cpp/src/rmw_event.cpp:131:5:[m[K [01;31m[Kerror: [m[Ka function-definition is not allowed here before â€˜[01m[K{[m[Kâ€™ token
[0.542s]   131 |     [01;31m[K{[m[K
[0.542s]       |     [01;31m[K^[m[K
[0.542s] [01m[K/home/gurum/gurumnet/rmw_gurumdds/rmw_gurumdds_cpp/src/rmw_event.cpp:136:5:[m[K [01;31m[Kerror: [m[Ka function-definition is not allowed here before â€˜[01m[K{[m[Kâ€™ token
[0.542s]   136 |     [01;31m[K{[m[K
[0.542s]       |     [01;31m[K^[m[K
[0.542s] [01m[K/home/gurum/gurumnet/rmw_gurumdds/rmw_gurumdds_cpp/src/rmw_event.cpp:[m[K At global scope:
[0.542s] [01m[K/home/gurum/gurumnet/rmw_gurumdds/rmw_gurumdds_cpp/src/rmw_event.cpp:142:4:[m[K [01;31m[Kerror: [m[Kexpected â€˜[01m[K}[m[Kâ€™ at end of input
[0.542s]   142 |   }[01;31m[K [m[K// extern "C"
[0.542s]       |    [01;31m[K^[m[K
[0.543s] [01m[K/home/gurum/gurumnet/rmw_gurumdds/rmw_gurumdds_cpp/src/rmw_event.cpp:50:1:[m[K [01;36m[Knote: [m[Kto match this â€˜[01m[K{[m[Kâ€™
[0.543s]    50 | [01;36m[K{[m[K
[0.543s]       | [01;36m[K^[m[K
[0.548s] gmake[2]: *** [CMakeFiles/rmw_gurumdds_cpp.dir/build.make:566: CMakeFiles/rmw_gurumdds_cpp.dir/src/rmw_dynamic_message_type_support.cpp.o] Error 1
[0.567s] [01m[K/home/gurum/gurumnet/rmw_gurumdds/rmw_gurumdds_cpp/src/rmw_event.cpp:[m[K In function â€˜[01m[Krmw_ret_t rmw_take_event(const rmw_event_t*, void*, bool*)[m[Kâ€™:
[0.568s] [01m[K/home/gurum/gurumnet/rmw_gurumdds/rmw_gurumdds_cpp/src/rmw_event.cpp:142:3:[m[K [01;35m[Kwarning: [m[Kcontrol reaches end of non-void function [[01;35m[K]8;;https://gcc.gnu.org/onlinedocs/gcc/Warning-Options.html#index-Wreturn-type-Wreturn-type]8;;[m[K]
[0.568s]   142 |   [01;35m[K}[m[K // extern "C"
[0.568s]       |   [01;35m[K^[m[K
[0.568s] [01m[K/home/gurum/gurumnet/rmw_gurumdds/rmw_gurumdds_cpp/src/rmw_event.cpp:[m[K At global scope:
[0.568s] [01m[K/home/gurum/gurumnet/rmw_gurumdds/rmw_gurumdds_cpp/src/rmw_event.cpp:24:1:[m[K [01;35m[Kwarning: [m[Kâ€˜[01m[Krmw_ret_t init_rmw_event(const char*, rmw_event_t*, const char*, void*, rmw_event_type_t)[m[Kâ€™ defined but not used [[01;35m[K]8;;https://gcc.gnu.org/onlinedocs/gcc/Warning-Options.html#index-Wunused-function-Wunused-function]8;;[m[K]
[0.568s]    24 | [01;35m[Kinit_rmw_event[m[K(
[0.568s]       | [01;35m[K^~~~~~~~~~~~~~[m[K
[0.572s] gmake[2]: *** [CMakeFiles/rmw_gurumdds_cpp.dir/build.make:230: CMakeFiles/rmw_gurumdds_cpp.dir/src/rmw_event.cpp.o] Error 1
[0.575s] In file included from [01m[K/home/gurum/gurumnet/rmw_gurumdds/rmw_gurumdds_cpp/include/rmw_gurumdds_cpp/rmw_wait.hpp:29[m[K,
[0.575s]                  from [01m[K/home/gurum/gurumnet/rmw_gurumdds/rmw_gurumdds_cpp/src/rmw_wait.cpp:22[m[K:
[0.575s] [01m[K/home/gurum/gurumnet/rmw_gurumdds/rmw_gurumdds_cpp/include/rmw_gurumdds_cpp/event_converter.hpp:59:2:[m[K [01;31m[Kerror: [m[Kexpected unqualified-id before â€˜[01m[K)[m[Kâ€™ token
[0.575s]    59 |  [01;31m[K)[m[K
[0.576s]       |  [01;31m[K^[m[K
[0.624s] In file included from [01m[K/home/gurum/gurumnet/rmw_gurumdds/rmw_gurumdds_cpp/src/rmw_wait.cpp:22[m[K:
[0.625s] [01m[K/home/gurum/gurumnet/rmw_gurumdds/rmw_gurumdds_cpp/include/rmw_gurumdds_cpp/rmw_wait.hpp:135:127:[m[K [01;31m[Kerror: [m[Kâ€˜[01m[Kvoid (* dds_DataWriterListener_on_publication_matched)(const dds_DataWriter*, const dds_PublicationMatchedStatus*)[m[Kâ€™ redeclared as different kind of entity
[0.625s]   135 | void (*dds_DataWriterListener_on_publication_matched)(const dds_DataWriter* writer, const dds_PublicationMatchedStatus* status[01;31m[K)[m[K;
[0.625s]       |                                                                                                                               [01;31m[K^[m[K
[0.625s] In file included from [01m[K/home/gurum/gurumnet/rmw_gurumdds/rmw_gurumdds_cpp/include/rmw_gurumdds_cpp/dds_include.hpp:18[m[K,
[0.625s]                  from [01m[K/home/gurum/gurumnet/rmw_gurumdds/rmw_gurumdds_cpp/src/rmw_wait.cpp:20[m[K:
[0.625s] [01m[K/usr/include/gurumdds/dcps.h:271:16:[m[K [01;36m[Knote: [m[Kprevious declaration â€˜[01m[Ktypedef void (* dds_DataWriterListener_on_publication_matched)(const dds_DataWriter*, const struct dds_PublicationMatchedStatus*)[m[Kâ€™
[0.625s]   271 | typedef void (*[01;36m[Kdds_DataWriterListener_on_publication_matched[m[K)(const dds_DataWriter* writer, const dds_PublicationMatchedStatus* status);
[0.625s]       |                [01;36m[K^~~~~~~~~~~~~~~~~~~~~~~~~~~~~~~~~~~~~~~~~~~~~[m[K
[0.691s] gmake[2]: *** [CMakeFiles/rmw_gurumdds_cpp.dir/build.make:482: CMakeFiles/rmw_gurumdds_cpp.dir/src/rmw_wait.cpp.o] Error 1
[0.702s] In file included from [01m[K/usr/include/c++/11/bits/regex_scanner.h:271[m[K,
[0.703s]                  from [01m[K/usr/include/c++/11/regex:61[m[K,
[0.703s]                  from [01m[K/home/gurum/gurumnet/rmw_gurumdds/rmw_gurumdds_cpp/include/rmw_gurumdds_cpp/rmw_context_impl.hpp:24[m[K,
[0.703s]                  from [01m[K/home/gurum/gurumnet/rmw_gurumdds/rmw_gurumdds_cpp/src/types.cpp:22[m[K:
[0.703s] [01m[K/usr/include/c++/11/bits/regex_scanner.tcc:[m[K In member function â€˜[01m[Kvoid std::__detail::_Scanner<_CharT>::_M_scan_normal()[m[Kâ€™:
[0.703s] [01m[K/usr/include/c++/11/bits/regex_scanner.tcc:100:16:[m[K [01;31m[Kerror: [m[Kâ€˜[01m[Kstrchr[m[Kâ€™ is not a member of â€˜[01m[Kstd[m[Kâ€™; did you mean â€˜[01m[Kstrchr[m[Kâ€™?
[0.703s]   100 |       if (std::[01;31m[Kstrchr[m[K(_M_spec_char, _M_ctype.narrow(__c, ' ')) == nullptr)
[0.703s]       |                [01;31m[K^~~~~~[m[K
[0.703s] In file included from [01m[K/home/gurum/ros2_iron/src/ros2/rcutils/include/rcutils/error_handling.h:34[m[K,
[0.703s]                  from [01m[K/home/gurum/ros2_iron/src/ros2/rcutils/include/rcutils/logging.h:25[m[K,
[0.703s]                  from [01m[K/home/gurum/ros2_iron/install/rmw/include/rmw/rmw/types.h:28[m[K,
[0.703s]                  from [01m[K/home/gurum/ros2_iron/install/rmw/include/rmw/rmw/event.h:28[m[K,
[0.703s]                  from [01m[K/home/gurum/gurumnet/rmw_gurumdds/rmw_gurumdds_cpp/include/rmw_gurumdds_cpp/event_converter.hpp:18[m[K,
[0.704s]                  from [01m[K/home/gurum/gurumnet/rmw_gurumdds/rmw_gurumdds_cpp/src/types.cpp:17[m[K:
[0.704s] [01m[K/usr/include/string.h:228:20:[m[K [01;36m[Knote: [m[Kâ€˜[01m[Kstrchr[m[Kâ€™ declared here
[0.704s]   228 | extern const char *[01;36m[Kstrchr[m[K (const char *__s, int __c)
[0.704s]       |                    [01;36m[K^~~~~~[m[K
[0.704s] In file included from [01m[K/usr/include/c++/11/bits/regex_scanner.h:271[m[K,
[0.704s]                  from [01m[K/usr/include/c++/11/regex:61[m[K,
[0.704s]                  from [01m[K/home/gurum/gurumnet/rmw_gurumdds/rmw_gurumdds_cpp/include/rmw_gurumdds_cpp/rmw_context_impl.hpp:24[m[K,
[0.704s]                  from [01m[K/home/gurum/gurumnet/rmw_gurumdds/rmw_gurumdds_cpp/src/types.cpp:22[m[K:
[0.704s] [01m[K/usr/include/c++/11/bits/regex_scanner.tcc:[m[K In member function â€˜[01m[Kvoid std::__detail::_Scanner<_CharT>::_M_eat_escape_posix()[m[Kâ€™:
[0.704s] [01m[K/usr/include/c++/11/bits/regex_scanner.tcc:406:25:[m[K [01;31m[Kerror: [m[Kâ€˜[01m[Kstrchr[m[Kâ€™ is not a member of â€˜[01m[Kstd[m[Kâ€™; did you mean â€˜[01m[Kstrchr[m[Kâ€™?
[0.704s]   406 |       auto __pos = std::[01;31m[Kstrchr[m[K(_M_spec_char, _M_ctype.narrow(__c, '\0'));
[0.705s]       |                         [01;31m[K^~~~~~[m[K
[0.705s] In file included from [01m[K/home/gurum/ros2_iron/src/ros2/rcutils/include/rcutils/error_handling.h:34[m[K,
[0.705s]                  from [01m[K/home/gurum/ros2_iron/src/ros2/rcutils/include/rcutils/logging.h:25[m[K,
[0.705s]                  from [01m[K/home/gurum/ros2_iron/install/rmw/include/rmw/rmw/types.h:28[m[K,
[0.705s]                  from [01m[K/home/gurum/ros2_iron/install/rmw/include/rmw/rmw/event.h:28[m[K,
[0.705s]                  from [01m[K/home/gurum/gurumnet/rmw_gurumdds/rmw_gurumdds_cpp/include/rmw_gurumdds_cpp/event_converter.hpp:18[m[K,
[0.705s]                  from [01m[K/home/gurum/gurumnet/rmw_gurumdds/rmw_gurumdds_cpp/src/types.cpp:17[m[K:
[0.705s] [01m[K/usr/include/string.h:228:20:[m[K [01;36m[Knote: [m[Kâ€˜[01m[Kstrchr[m[Kâ€™ declared here
[0.705s]   228 | extern const char *[01;36m[Kstrchr[m[K (const char *__s, int __c)
[0.705s]       |                    [01;36m[K^~~~~~[m[K
[0.798s] [01m[K/home/gurum/gurumnet/rmw_gurumdds/rmw_gurumdds_cpp/src/rmw_service.cpp:[m[K In function â€˜[01m[Krmw_service_t* rmw_create_service(const rmw_node_t*, const rosidl_service_type_support_t*, const char*, const rmw_qos_profile_t*)[m[Kâ€™:
[0.799s] [01m[K/home/gurum/gurumnet/rmw_gurumdds/rmw_gurumdds_cpp/src/rmw_service.cpp:72:23:[m[K [01;35m[Kwarning: [m[Kvariable â€˜[01m[Kadapted_qos_policies[m[Kâ€™ set but not used [[01;35m[K]8;;https://gcc.gnu.org/onlinedocs/gcc/Warning-Options.html#index-Wunused-but-set-variable-Wunused-but-set-variable]8;;[m[K]
[0.799s]    72 |     rmw_qos_profile_t [01;35m[Kadapted_qos_policies[m[K =
[0.799s]       |                       [01;35m[K^~~~~~~~~~~~~~~~~~~~[m[K
[0.805s] [01m[K/home/gurum/gurumnet/rmw_gurumdds/rmw_gurumdds_cpp/src/rmw_service.cpp:141:61:[m[K [01;31m[Kerror: [m[Kâ€˜[01m[Kadapted_qos_policies[m[Kâ€™ was not declared in this scope
[0.805s]   141 |     ros_service_requester_prefix, service_name, "Request", &[01;31m[Kadapted_qos_policies[m[K);
[0.805s]       |                                                             [01;31m[K^~~~~~~~~~~~~~~~~~~~[m[K
[0.808s] [01m[K/home/gurum/gurumnet/rmw_gurumdds/rmw_gurumdds_cpp/src/rmw_subscription.cpp:[m[K In function â€˜[01m[Krmw_subscription_t* __rmw_create_subscription(rmw_context_impl_t*, const rmw_node_t*, dds_DomainParticipant*, dds_Subscriber*, const rosidl_message_type_support_t*, const char*, const rmw_qos_profile_t*, const rmw_subscription_options_t*, bool)[m[Kâ€™:
[0.808s] [01m[K/home/gurum/gurumnet/rmw_gurumdds/rmw_gurumdds_cpp/src/rmw_subscription.cpp:87:20:[m[K [01;31m[Kerror: [m[Kredeclaration of â€˜[01m[Kdds_ReturnCode_t ret[m[Kâ€™
[0.809s]    87 |   dds_ReturnCode_t [01;31m[Kret[m[K;
[0.809s]       |                    [01;31m[K^~~[m[K
[0.809s] [01m[K/home/gurum/gurumnet/rmw_gurumdds/rmw_gurumdds_cpp/src/rmw_subscription.cpp:73:13:[m[K [01;36m[Knote: [m[Kâ€˜[01m[Krmw_ret_t ret[m[Kâ€™ previously declared here
[0.809s]    73 |   rmw_ret_t [01;36m[Kret[m[K = rmw_dds_common::qos_profile_get_best_available_for_topic_subscription(
[0.809s]       |             [01;36m[K^~~[m[K
[0.809s] [01m[K/home/gurum/gurumnet/rmw_gurumdds/rmw_gurumdds_cpp/src/rmw_subscription.cpp:96:55:[m[K [01;31m[Kerror: [m[Kno matching function for call to â€˜[01m[Kcreate_topic_name(const char* const&, const char*&, const char [1], rmw_qos_profile_t&)[m[Kâ€™
[0.809s]    96 |   std::string processed_topic_name = [01;31m[Kcreate_topic_name([m[K
[0.809s]       |                                      [01;31m[K~~~~~~~~~~~~~~~~~^[m[K
[0.809s]    97 | [01;31m[K    ros_topic_prefix, topic_name, "", adapted_qos_policies)[m[K;
[0.809s]       |     [01;31m[K~~~~~~~~~~~~~~~~~~~~~~~~~~~~~~~~~~~~~~~~~~~~~~~~~~~~~~~[m[K
[0.809s] In file included from [01m[K/home/gurum/gurumnet/rmw_gurumdds/rmw_gurumdds_cpp/src/rmw_subscription.cpp:36[m[K:
[0.810s] [01m[K/home/gurum/gurumnet/rmw_gurumdds/rmw_gurumdds_cpp/include/rmw_gurumdds_cpp/names_and_types_helpers.hpp:44:1:[m[K [01;36m[Knote: [m[Kcandidate: â€˜[01m[Kstd::string create_topic_name(const char*, const char*, const char*, bool)[m[Kâ€™
[0.810s]    44 | [01;36m[Kcreate_topic_name[m[K(
[0.810s]       | [01;36m[K^~~~~~~~~~~~~~~~~[m[K
[0.810s] [01m[K/home/gurum/gurumnet/rmw_gurumdds/rmw_gurumdds_cpp/include/rmw_gurumdds_cpp/names_and_types_helpers.hpp:48:8:[m[K [01;36m[Knote: [m[K  no known conversion for argument 4 from â€˜[01m[Krmw_qos_profile_t[m[Kâ€™ {aka â€˜[01m[Krmw_qos_profile_s[m[Kâ€™} to â€˜[01m[Kbool[m[Kâ€™
[0.810s]    48 |   [01;36m[Kbool avoid_ros_namespace_conventions[m[K);
[0.810s]       |   [01;36m[K~~~~~^~~~~~~~~~~~~~~~~~~~~~~~~~~~~~~[m[K
[0.810s] [01m[K/home/gurum/gurumnet/rmw_gurumdds/rmw_gurumdds_cpp/include/rmw_gurumdds_cpp/names_and_types_helpers.hpp:51:1:[m[K [01;36m[Knote: [m[Kcandidate: â€˜[01m[Kstd::string create_topic_name(const char*, const char*, const char*, const rmw_qos_profile_t*)[m[Kâ€™
[0.810s]    51 | [01;36m[Kcreate_topic_name[m[K(
[0.810s]       | [01;36m[K^~~~~~~~~~~~~~~~~[m[K
[0.810s] [01m[K/home/gurum/gurumnet/rmw_gurumdds/rmw_gurumdds_cpp/include/rmw_gurumdds_cpp/names_and_types_helpers.hpp:55:29:[m[K [01;36m[Knote: [m[K  no known conversion for argument 4 from â€˜[01m[Krmw_qos_profile_t[m[Kâ€™ {aka â€˜[01m[Krmw_qos_profile_s[m[Kâ€™} to â€˜[01m[Kconst rmw_qos_profile_t*[m[Kâ€™ {aka â€˜[01m[Kconst rmw_qos_profile_s*[m[Kâ€™}
[0.810s]    55 |   [01;36m[Kconst rmw_qos_profile_t * qos_policies[m[K);
[0.811s]       |   [01;36m[K~~~~~~~~~~~~~~~~~~~~~~~~~~^~~~~~~~~~~~[m[K
[0.811s] [01m[K/home/gurum/gurumnet/rmw_gurumdds/rmw_gurumdds_cpp/src/rmw_subscription.cpp:154:32:[m[K [01;31m[Kerror: [m[Kcannot convert â€˜[01m[Krmw_qos_profile_t[m[Kâ€™ {aka â€˜[01m[Krmw_qos_profile_s[m[Kâ€™} to â€˜[01m[Kconst rmw_qos_profile_t*[m[Kâ€™ {aka â€˜[01m[Kconst rmw_qos_profile_s*[m[Kâ€™}
[0.811s]   154 |   if (!get_datareader_qos(sub, [01;31m[Kadapted_qos_policies[m[K, type_hash, &datareader_qos)) {
[0.811s]       |                                [01;31m[K^~~~~~~~~~~~~~~~~~~~[m[K
[0.811s]       |                                [01;31m[K|[m[K
[0.811s]       |                                [01;31m[Krmw_qos_profile_t {aka rmw_qos_profile_s}[m[K
[0.811s] In file included from [01m[K/home/gurum/gurumnet/rmw_gurumdds/rmw_gurumdds_cpp/src/rmw_subscription.cpp:37[m[K:
[0.811s] [01m[K/home/gurum/gurumnet/rmw_gurumdds/rmw_gurumdds_cpp/include/rmw_gurumdds_cpp/qos.hpp:40:29:[m[K [01;36m[Knote: [m[K  initializing argument 2 of â€˜[01m[Kbool get_datareader_qos(dds_Subscriber*, const rmw_qos_profile_t*, const rosidl_type_hash_t&, dds_DataReaderQos*)[m[Kâ€™
[0.811s]    40 |   [01;36m[Kconst rmw_qos_profile_t * qos_profile[m[K,
[0.811s]       |   [01;36m[K~~~~~~~~~~~~~~~~~~~~~~~~~~^~~~~~~~~~~[m[K
[0.813s] [01m[K/home/gurum/gurumnet/rmw_gurumdds/rmw_gurumdds_cpp/src/rmw_publisher.cpp:[m[K In function â€˜[01m[Krmw_publisher_t* __rmw_create_publisher(rmw_context_impl_t*, const rmw_node_t*, dds_DomainParticipant*, dds_Publisher*, const rosidl_message_type_support_t*, const char*, const rmw_qos_profile_t*, const rmw_publisher_options_t*, bool)[m[Kâ€™:
[0.813s] [01m[K/home/gurum/gurumnet/rmw_gurumdds/rmw_gurumdds_cpp/src/rmw_publisher.cpp:193:37:[m[K [01;31m[Kerror: [m[Kâ€˜[01m[Kupdate_publication_status_matched[m[Kâ€™ was not declared in this scope
[0.813s]   193 |   listener.on_publication_matched = [01;31m[Kupdate_publication_status_matched[m[K;
[0.813s]       |                                     [01;31m[K^~~~~~~~~~~~~~~~~~~~~~~~~~~~~~~~~[m[K
[0.868s] gmake[2]: *** [CMakeFiles/rmw_gurumdds_cpp.dir/build.make:552: CMakeFiles/rmw_gurumdds_cpp.dir/src/types.cpp.o] Error 1
[0.901s] gmake[2]: *** [CMakeFiles/rmw_gurumdds_cpp.dir/build.make:440: CMakeFiles/rmw_gurumdds_cpp.dir/src/rmw_service.cpp.o] Error 1
[0.907s] gmake[2]: *** [CMakeFiles/rmw_gurumdds_cpp.dir/build.make:454: CMakeFiles/rmw_gurumdds_cpp.dir/src/rmw_subscription.cpp.o] Error 1
[0.913s] gmake[2]: *** [CMakeFiles/rmw_gurumdds_cpp.dir/build.make:384: CMakeFiles/rmw_gurumdds_cpp.dir/src/rmw_publisher.cpp.o] Error 1
[0.913s] gmake[1]: *** [CMakeFiles/Makefile2:137: CMakeFiles/rmw_gurumdds_cpp.dir/all] Error 2
[0.914s] gmake: *** [Makefile:146: all] Error 2
[0.915s] Invoked command in '/home/gurum/gurumnet/rmw_gurumdds/build/rmw_gurumdds_cpp' returned '2': AMENT_PREFIX_PATH=/home/gurum/gurumnet/rmw_gurumdds/install/gurumdds_cmake_module:${AMENT_PREFIX_PATH} CMAKE_PREFIX_PATH=/home/gurum/gurumnet/rmw_gurumdds/install/gurumdds_cmake_module:/home/gurum/ros2_iron/install/rosbag2:/home/gurum/ros2_iron/install/rosbag2_storage_default_plugins:/home/gurum/ros2_iron/install/rosbag2_storage_mcap:/home/gurum/ros2_iron/install/rosbag2_compression_zstd:/home/gurum/ros2_iron/install/mcap_vendor:/home/gurum/ros2_iron/install/zstd_vendor:/home/gurum/ros2_iron/install/rviz_visual_testing_framework:/home/gurum/ros2_iron/install/rviz2:/home/gurum/ros2_iron/install/rviz_default_plugins:/home/gurum/ros2_iron/install/rviz_common:/home/gurum/ros2_iron/install/rosbag2_py:/home/gurum/ros2_iron/install/rosbag2_transport:/home/gurum/ros2_iron/install/rosbag2_storage_sqlite3:/home/gurum/ros2_iron/install/rosbag2_examples_cpp:/home/gurum/ros2_iron/install/rosbag2_compression:/home/gurum/ros2_iron/install/rosbag2_cpp:/home/gurum/ros2_iron/install/rosbag2_storage:/home/gurum/ros2_iron/install/image_common:/home/gurum/ros2_iron/install/camera_info_manager:/home/gurum/ros2_iron/install/camera_calibration_parsers:/home/gurum/ros2_iron/install/yaml_cpp_vendor:/home/gurum/ros2_iron/install/interactive_markers:/home/gurum/ros2_iron/install/common_interfaces:/home/gurum/ros2_iron/install/visualization_msgs:/home/gurum/ros2_iron/install/dummy_robot_bringup:/home/gurum/ros2_iron/install/robot_state_publisher:/home/gurum/ros2_iron/install/kdl_parser:/home/gurum/ros2_iron/install/urdf:/home/gurum/ros2_iron/install/urdfdom:/home/gurum/ros2_iron/install/urdf_parser_plugin:/home/gurum/ros2_iron/install/urdfdom_headers:/home/gurum/ros2_iron/install/turtlesim:/home/gurum/ros2_iron/install/trajectory_msgs:/home/gurum/ros2_iron/install/topic_statistics_demo:/home/gurum/ros2_iron/install/pendulum_control:/home/gurum/ros2_iron/install/tlsf_cpp:/home/gurum/ros2_iron/install/geometry2:/home/gurum/ros2_iron/install/tf2_sensor_msgs:/home/gurum/ros2_iron/install/test_tf2:/home/gurum/ros2_iron/install/tf2_kdl:/home/gurum/ros2_iron/install/tf2_geometry_msgs:/home/gurum/ros2_iron/install/tf2_eigen:/home/gurum/ros2_iron/install/tf2_bullet:/home/gurum/ros2_iron/install/tf2_ros:/home/gurum/ros2_iron/install/tf2_py:/home/gurum/ros2_iron/install/tf2_msgs:/home/gurum/ros2_iron/install/tf2_eigen_kdl:/home/gurum/ros2_iron/install/laser_geometry:/home/gurum/ros2_iron/install/tf2:/home/gurum/ros2_iron/install/test_tracetools:/home/gurum/ros2_iron/install/test_msgs:/home/gurum/ros2_iron/install/test_communication:/home/gurum/ros2_iron/install/stereo_msgs:/home/gurum/ros2_iron/install/std_srvs:/home/gurum/ros2_iron/install/shape_msgs:/home/gurum/ros2_iron/install/quality_of_service_demo_cpp:/home/gurum/ros2_iron/install/map_msgs:/home/gurum/ros2_iron/install/intra_process_demo:/home/gurum/ros2_iron/install/image_transport:/home/gurum/ros2_iron/install/image_tools:/home/gurum/ros2_iron/install/dummy_sensors:/home/gurum/ros2_iron/install/sensor_msgs:/home/gurum/ros2_iron/install/ros2cli_common_extensions:/home/gurum/ros2_iron/install/dummy_map_server:/home/gurum/ros2_iron/install/nav_msgs:/home/gurum/ros2_iron/install/logging_demo:/home/gurum/ros2_iron/install/lifecycle:/home/gurum/ros2_iron/install/diagnostic_msgs:/home/gurum/ros2_iron/install/geometry_msgs:/home/gurum/ros2_iron/install/examples_rclcpp_wait_set:/home/gurum/ros2_iron/install/examples_rclcpp_multithreaded_executor:/home/gurum/ros2_iron/install/examples_rclcpp_minimal_subscriber:/home/gurum/ros2_iron/install/examples_rclcpp_minimal_publisher:/home/gurum/ros2_iron/install/examples_rclcpp_minimal_composition:/home/gurum/ros2_iron/install/examples_rclcpp_cbg_executor:/home/gurum/ros2_iron/install/demo_nodes_cpp_native:/home/gurum/ros2_iron/install/demo_nodes_cpp:/home/gurum/ros2_iron/install/composition:/home/gurum/ros2_iron/install/actionlib_msgs:/home/gurum/ros2_iron/install/std_msgs:/home/gurum/ros2_iron/install/rqt_gui_cpp:/home/gurum/ros2_iron/install/rosbag2_test_common:/home/gurum/ros2_iron/install/ros2lifecycle_test_fixtures:/home/gurum/ros2_iron/install/rclcpp_lifecycle:/home/gurum/ros2_iron/install/action_tutorials_cpp:/home/gurum/ros2_iron/install/rclcpp_components:/home/gurum/ros2_iron/install/examples_rclcpp_minimal_action_server:/home/gurum/ros2_iron/install/examples_rclcpp_minimal_action_client:/home/gurum/ros2_iron/install/rclcpp_action:/home/gurum/ros2_iron/install/message_filters:/home/gurum/ros2_iron/install/examples_rclcpp_minimal_timer:/home/gurum/ros2_iron/install/examples_rclcpp_minimal_service:/home/gurum/ros2_iron/install/examples_rclcpp_minimal_client:/home/gurum/ros2_iron/install/examples_rclcpp_async_client:/home/gurum/ros2_iron/install/rclcpp:/home/gurum/ros2_iron/install/libstatistics_collector:/home/gurum/ros2_iron/install/statistics_msgs:/home/gurum/ros2_iron/install/sros2_cmake:/home/gurum/ros2_iron/install/rqt_py_common:/home/gurum/ros2_iron/install/ros_testing:/home/gurum/ros2_iron/install/rclpy:/home/gurum/ros2_iron/install/rosgraph_msgs:/home/gurum/ros2_iron/install/rosbag2_interfaces:/home/gurum/ros2_iron/install/ros2cli_test_interfaces:/home/gurum/ros2_iron/install/rcl_lifecycle:/home/gurum/ros2_iron/install/rcl_action:/home/gurum/ros2_iron/install/rcl:/home/gurum/ros2_iron/install/rmw_implementation:/home/gurum/ros2_iron/install/rmw_gurumdds_cpp:/home/gurum/ros2_iron/install/rmw_fastrtps_dynamic_cpp:/home/gurum/ros2_iron/install/rmw_fastrtps_cpp:/home/gurum/ros2_iron/install/rmw_fastrtps_shared_cpp:/home/gurum/ros2_iron/install/rmw_cyclonedds_cpp:/home/gurum/ros2_iron/install/rmw_connextddsmicro:/home/gurum/ros2_iron/install/rmw_connextdds:/home/gurum/ros2_iron/install/rmw_connextdds_common:/home/gurum/ros2_iron/install/rmw_dds_common:/home/gurum/ros2_iron/install/composition_interfaces:/home/gurum/ros2_iron/install/rcl_interfaces:/home/gurum/ros2_iron/install/pendulum_msgs:/home/gurum/ros2_iron/install/lifecycle_msgs:/home/gurum/ros2_iron/install/example_interfaces:/home/gurum/ros2_iron/install/action_tutorials_interfaces:/home/gurum/ros2_iron/install/rosidl_default_runtime:/home/gurum/ros2_iron/install/rosidl_default_generators:/home/gurum/ros2_iron/install/action_msgs:/home/gurum/ros2_iron/install/unique_identifier_msgs:/home/gurum/ros2_iron/install/ament_lint_common:/home/gurum/ros2_iron/install/ament_cmake_uncrustify:/home/gurum/ros2_iron/install/uncrustify_vendor:/home/gurum/ros2_iron/install/type_description_interfaces:/home/gurum/ros2_iron/install/tracetools:/home/gurum/ros2_iron/install/tlsf:/home/gurum/ros2_iron/install/tinyxml_vendor:/home/gurum/ros2_iron/install/qt_gui_core:/home/gurum/ros2_iron/install/qt_gui_cpp:/home/gurum/ros2_iron/install/pluginlib:/home/gurum/ros2_iron/install/tinyxml2_vendor:/home/gurum/ros2_iron/install/test_security:/home/gurum/ros2_iron/install/test_rmw_implementation:/home/gurum/ros2_iron/install/test_rclcpp:/home/gurum/ros2_iron/install/test_quality_of_service:/home/gurum/ros2_iron/install/test_launch_testing:/home/gurum/ros2_iron/install/test_interface_files:/home/gurum/ros2_iron/install/test_cli_remapping:/home/gurum/ros2_iron/install/test_cli:/home/gurum/ros2_iron/install/qt_gui_app:/home/gurum/ros2_iron/install/qt_gui:/home/gurum/ros2_iron/install/tango_icons_vendor:/home/gurum/ros2_iron/install/sqlite3_vendor:/home/gurum/ros2_iron/install/rcl_logging_spdlog:/home/gurum/ros2_iron/install/spdlog_vendor:/home/gurum/ros2_iron/install/shared_queues_vendor:/home/gurum/ros2_iron/install/service_msgs:/home/gurum/ros2_iron/install/rviz_rendering_tests:/home/gurum/ros2_iron/install/rviz_rendering:/home/gurum/ros2_iron/install/rviz_ogre_vendor:/home/gurum/ros2_iron/install/rviz_assimp_vendor:/home/gurum/ros2_iron/install/rttest:/home/gurum/ros2_iron/install/rti_connext_dds_cmake_module:/home/gurum/ros2_iron/install/builtin_interfaces:/home/gurum/ros2_iron/install/rosidl_core_runtime:/home/gurum/ros2_iron/install/rosidl_core_generators:/home/gurum/ros2_iron/install/rosidl_generator_py:/home/gurum/ros2_iron/install/rosidl_typesupport_tests:/home/gurum/ros2_iron/install/rosidl_typesupport_introspection_tests:/home/gurum/ros2_iron/install/rosidl_typesupport_cpp:/home/gurum/ros2_iron/install/rosidl_typesupport_introspection_cpp:/home/gurum/ros2_iron/install/rosidl_typesupport_c:/home/gurum/ros2_iron/install/rosidl_typesupport_introspection_c:/home/gurum/ros2_iron/install/rosidl_typesupport_fastrtps_c:/home/gurum/ros2_iron/install/rosidl_typesupport_fastrtps_cpp:/home/gurum/ros2_iron/install/rosidl_generator_cpp:/home/gurum/ros2_iron/install/rosidl_runtime_cpp:/home/gurum/ros2_iron/install/rosidl_dynamic_typesupport_fastrtps:/home/gurum/ros2_iron/install/rcl_yaml_param_parser:/home/gurum/ros2_iron/install/rmw:/home/gurum/ros2_iron/install/rosidl_dynamic_typesupport:/home/gurum/ros2_iron/install/rosidl_runtime_c:/home/gurum/ros2_iron/install/rosidl_generator_c:/home/gurum/ros2_iron/install/rosidl_typesupport_interface:/home/gurum/ros2_iron/install/rosidl_generator_dds_idl:/home/gurum/ros2_iron/install/rosidl_cmake:/home/gurum/ros2_iron/install/rosidl_generator_type_description:/home/gurum/ros2_iron/install/rosidl_parser:/home/gurum/ros2_iron/install/rosidl_generator_tests:/home/gurum/ros2_iron/install/rosidl_adapter:/home/gurum/ros2_iron/install/rosbag2_tests:/home/gurum/ros2_iron/install/rosbag2_test_msgdefs:/home/gurum/ros2_iron/install/ros_environment:/home/gurum/ros2_iron/install/rmw_implementation_cmake:/home/gurum/ros2_iron/install/resource_retriever:/home/gurum/ros2_iron/install/class_loader:/home/gurum/ros2_iron/install/rcpputils:/home/gurum/ros2_iron/install/rcl_logging_noop:/home/gurum/ros2_iron/install/rcl_logging_interface:/home/gurum/ros2_iron/install/rcutils:/home/gurum/ros2_iron/install/qt_gui_py_common:/home/gurum/ros2_iron/install/qt_dotgraph:/home/gurum/ros2_iron/install/python_qt_binding:/home/gurum/ros2_iron/install/python_orocos_kdl_vendor:/home/gurum/ros2_iron/install/launch_testing_ament_cmake:/home/gurum/ros2_iron/install/python_cmake_module:/home/gurum/ros2_iron/install/pybind11_vendor:/home/gurum/ros2_iron/install/performance_test_fixture:/home/gurum/ros2_iron/install/osrf_testing_tools_cpp:/home/gurum/ros2_iron/install/orocos_kdl_vendor:/home/gurum/ros2_iron/install/mimick_vendor:/home/gurum/ros2_iron/install/libyaml_vendor:/home/gurum/ros2_iron/install/libcurl_vendor:/home/gurum/ros2_iron/install/keyboard_handler:/home/gurum/ros2_iron/install/cyclonedds:/home/gurum/ros2_iron/install/iceoryx_posh:/home/gurum/ros2_iron/install/iceoryx_hoofs:/home/gurum/ros2_iron/install/iceoryx_binding_c:/home/gurum/ros2_iron/install/gurumdds_cmake_module:/home/gurum/ros2_iron/install/ament_cmake_ros:/home/gurum/ros2_iron/install/ament_cmake_gmock:/home/gurum/ros2_iron/install/gmock_vendor:/home/gurum/ros2_iron/install/ament_cmake_auto:/home/gurum/ros2_iron/install/ament_cmake_gtest:/home/gurum/ros2_iron/install/gtest_vendor:/home/gurum/ros2_iron/install/ament_cmake_google_benchmark:/home/gurum/ros2_iron/install/google_benchmark_vendor:/home/gurum/ros2_iron/install/fastrtps:/home/gurum/ros2_iron/install/foonathan_memory_vendor:/home/gurum/ros2_iron/install/fastrtps_cmake_module:/home/gurum/ros2_iron/install/fastcdr:/home/gurum/ros2_iron/install/eigen3_cmake_module:/home/gurum/ros2_iron/install/console_bridge_vendor:/home/gurum/ros2_iron/install/ament_cmake_xmllint:/home/gurum/ros2_iron/install/ament_cmake_pyflakes:/home/gurum/ros2_iron/install/ament_cmake_pycodestyle:/home/gurum/ros2_iron/install/ament_cmake_pep257:/home/gurum/ros2_iron/install/ament_cmake_pclint:/home/gurum/ros2_iron/install/ament_lint_auto:/home/gurum/ros2_iron/install/ament_cmake:/home/gurum/ros2_iron/install/ament_cmake_version:/home/gurum/ros2_iron/install/ament_cmake_vendor_package:/home/gurum/ros2_iron/install/ament_cmake_pytest:/home/gurum/ros2_iron/install/ament_cmake_mypy:/home/gurum/ros2_iron/install/ament_cmake_lint_cmake:/home/gurum/ros2_iron/install/ament_cmake_flake8:/home/gurum/ros2_iron/install/ament_cmake_cpplint:/home/gurum/ros2_iron/install/ament_cmake_cppcheck:/home/gurum/ros2_iron/install/ament_cmake_copyright:/home/gurum/ros2_iron/install/ament_cmake_clang_tidy:/home/gurum/ros2_iron/install/ament_cmake_clang_format:/home/gurum/ros2_iron/install/ament_cmake_test:/home/gurum/ros2_iron/install/ament_cmake_target_dependencies:/home/gurum/ros2_iron/install/ament_cmake_python:/home/gurum/ros2_iron/install/ament_cmake_export_dependencies:/home/gurum/ros2_iron/install/ament_cmake_libraries:/home/gurum/ros2_iron/install/ament_cmake_include_directories:/home/gurum/ros2_iron/install/ament_cmake_gen_version_h:/home/gurum/ros2_iron/install/ament_cmake_export_targets:/home/gurum/ros2_iron/install/ament_cmake_export_link_flags:/home/gurum/ros2_iron/install/ament_cmake_export_interfaces:/home/gurum/ros2_iron/install/ament_cmake_export_libraries:/home/gurum/ros2_iron/install/ament_cmake_export_include_directories:/home/gurum/ros2_iron/install/ament_cmake_export_definitions:/home/gurum/ros2_iron/install/ament_cmake_core:/home/gurum/ros2_iron/install/ament_index_cpp:/home/gurum/ros2_iron/install/rqt_bag_plugins:/home/gurum/ros2_iron/install/rqt_bag:/home/gurum/ros2_iron/install/rosbag2_examples_py:/home/gurum/ros2_iron/install/launch_testing_examples:/home/gurum/ros2_iron/install/ros2bag:/home/gurum/ros2_iron/install/tracetools_test:/home/gurum/ros2_iron/install/tracetools_launch:/home/gurum/ros2_iron/install/topic_monitor:/home/gurum/ros2_iron/install/tf2_tools:/home/gurum/ros2_iron/install/examples_tf2_py:/home/gurum/ros2_iron/install/tf2_ros_py:/home/gurum/ros2_iron/install/examples_rclpy_pointcloud_publisher:/home/gurum/ros2_iron/install/sensor_msgs_py:/home/gurum/ros2_iron/install/quality_of_service_demo_py:/home/gurum/ros2_iron/install/rqt_plot:/home/gurum/ros2_iron/install/ros2doctor:/home/gurum/ros2_iron/install/lifecycle_py:/home/gurum/ros2_iron/install/examples_rclpy_minimal_subscriber:/home/gurum/ros2_iron/install/examples_rclpy_minimal_service:/home/gurum/ros2_iron/install/examples_rclpy_minimal_publisher:/home/gurum/ros2_iron/install/examples_rclpy_minimal_client:/home/gurum/ros2_iron/install/examples_rclpy_executors:/home/gurum/ros2_iron/install/demo_nodes_py:/home/gurum/ros2_iron/install/rqt:/home/gurum/ros2_iron/install/ros2component:/home/gurum/ros2_iron/install/sros2:/home/gurum/ros2_iron/install/rqt_topic:/home/gurum/ros2_iron/install/rqt_srv:/home/gurum/ros2_iron/install/rqt_shell:/home/gurum/ros2_iron/install/rqt_service_caller:/home/gurum/ros2_iron/install/rqt_reconfigure:/home/gurum/ros2_iron/install/rqt_py_console:/home/gurum/ros2_iron/install/rqt_publisher:/home/gurum/ros2_iron/install/rqt_action:/home/gurum/ros2_iron/install/rqt_msg:/home/gurum/ros2_iron/install/rqt_console:/home/gurum/ros2_iron/install/rqt_graph:/home/gurum/ros2_iron/install/rqt_gui_py:/home/gurum/ros2_iron/install/rqt_gui:/home/gurum/ros2_iron/install/ros2trace:/home/gurum/ros2_iron/install/ros2topic:/home/gurum/ros2_iron/install/ros2test:/home/gurum/ros2_iron/install/ros2param:/home/gurum/ros2_iron/install/ros2lifecycle:/home/gurum/ros2_iron/install/ros2service:/home/gurum/ros2_iron/install/ros2run:/home/gurum/ros2_iron/install/ros2launch:/home/gurum/ros2_iron/install/ros2pkg:/home/gurum/ros2_iron/install/ros2node:/home/gurum/ros2_iron/install/ros2multicast:/home/gurum/ros2_iron/install/ros2interface:/home/gurum/ros2_iron/install/ros2action:/home/gurum/ros2_iron/install/ros2cli:/home/gurum/ros2_iron/install/launch_testing_ros:/home/gurum/ros2_iron/install/launch_ros:/home/gurum/ros2_iron/install/examples_rclpy_minimal_action_server:/home/gurum/ros2_iron/install/examples_rclpy_minimal_action_client:/home/gurum/ros2_iron/install/examples_rclpy_guard_conditions:/home/gurum/ros2_iron/install/action_tutorials_py:/home/gurum/ros2_iron/install/ament_uncrustify:/home/gurum/ros2_iron/install/tracetools_trace:/home/gurum/ros2_iron/install/tracetools_read:/home/gurum/ros2_iron/install/test_tracetools_launch:/home/gurum/ros2_iron/install/test_ros2trace:/home/gurum/ros2_iron/install/test_launch_ros:/home/gurum/ros2_iron/install/rpyutils:/home/gurum/ros2_iron/install/rosidl_runtime_py:/home/gurum/ros2_iron/install/rosidl_pycommon:/home/gurum/ros2_iron/install/rosidl_cli:/home/gurum/ros2_iron/install/launch_pytest:/home/gurum/ros2_iron/install/launch_testing:/home/gurum/ros2_iron/install/launch_yaml:/home/gurum/ros2_iron/install/launch_xml:/home/gurum/ros2_iron/install/launch:/home/gurum/ros2_iron/install/osrf_pycommon:/home/gurum/ros2_iron/install/domain_coordinator:/home/gurum/ros2_iron/install/ament_xmllint:/home/gurum/ros2_iron/install/ament_pyflakes:/home/gurum/ros2_iron/install/ament_pycodestyle:/home/gurum/ros2_iron/install/ament_pep257:/home/gurum/ros2_iron/install/ament_pclint:/home/gurum/ros2_iron/install/ament_package:/home/gurum/ros2_iron/install/ament_mypy:/home/gurum/ros2_iron/install/ament_lint_cmake:/home/gurum/ros2_iron/install/ament_flake8:/home/gurum/ros2_iron/install/ament_copyright:/home/gurum/ros2_iron/install/ament_lint:/home/gurum/ros2_iron/install/ament_index_python:/home/gurum/ros2_iron/install/ament_cpplint:/home/gurum/ros2_iron/install/ament_cppcheck:/home/gurum/ros2_iron/install/ament_clang_tidy:/home/gurum/ros2_iron/install/ament_clang_format _=/usr/bin/env /usr/bin/cmake --build /home/gurum/gurumnet/rmw_gurumdds/build/rmw_gurumdds_cpp -- -j16 -l16
