Traceback (most recent call last):
  File "/home/gurum/ros2_iron/install/ament_cmake_core/share/ament_cmake_core/cmake/package_templates/templates_2_cmake.py", line 21, in <module>
    from ament_package.templates import get_environment_hook_template_path
ModuleNotFoundError: No module named 'ament_package'
[31mCMake Error at /home/gurum/ros2_iron/install/ament_cmake_core/share/ament_cmake_core/cmake/ament_cmake_package_templates-extras.cmake:41 (message):
  execute_process(/usr/bin/python3.10
  /home/gurum/ros2_iron/install/ament_cmake_core/share/ament_cmake_core/cmake/package_templates/templates_2_cmake.py
  /home/gurum/gurumnet/rmw_gurumdds/build/rmw_gurumdds_cpp/ament_cmake_package_templates/templates.cmake)
  returned error code 1
Call Stack (most recent call first):
  /home/gurum/ros2_iron/install/ament_cmake_core/share/ament_cmake_core/cmake/ament_cmake_coreConfig.cmake:41 (include)
  /home/gurum/ros2_iron/install/ament_cmake_test/share/ament_cmake_test/cmake/ament_cmake_test-extras.cmake:39 (find_package)
  /home/gurum/ros2_iron/install/ament_cmake_test/share/ament_cmake_test/cmake/ament_cmake_testConfig.cmake:41 (include)
  /home/gurum/ros2_iron/install/ament_cmake_pytest/share/ament_cmake_pytest/cmake/ament_cmake_pytest-extras.cmake:17 (find_package)
  /home/gurum/ros2_iron/install/ament_cmake_pytest/share/ament_cmake_pytest/cmake/ament_cmake_pytestConfig.cmake:41 (include)
  /home/gurum/ros2_iron/install/ament_cmake_ros/share/ament_cmake_ros/cmake/ament_cmake_ros-extras.cmake:19 (find_package)
  /home/gurum/ros2_iron/install/ament_cmake_ros/share/ament_cmake_ros/cmake/ament_cmake_rosConfig.cmake:41 (include)
  CMakeLists.txt:13 (find_package)

[0m
gmake: *** [Makefile:1212: cmake_check_build_system] Error 1
