[35m[1mConsolidate compiler generated dependencies of target rmw_gurumdds_cpp[0m
[  8%] [32mBuilding CXX object CMakeFiles/rmw_gurumdds_cpp.dir/src/rmw_node.cpp.o[0m
[  8%] [32mBuilding CXX object CMakeFiles/rmw_gurumdds_cpp.dir/src/graph_cache.cpp.o[0m
[  8%] [32mBuilding CXX object CMakeFiles/rmw_gurumdds_cpp.dir/src/qos.cpp.o[0m
[01m[K/home/gurum/gurumnet/rmw_gurumdds/rmw_gurumdds_cpp/src/graph_cache.cpp:[m[K In function â€˜[01m[Krmw_ret_t __add_local_publisher(rmw_context_impl_t*, const rmw_node_t*, dds_DataWriter*, rmw_gid_t)[m[Kâ€™:
[01m[K/home/gurum/gurumnet/rmw_gurumdds/rmw_gurumdds_cpp/src/graph_cache.cpp:187:14:[m[K [01;31m[Kerror: [m[Kâ€˜[01m[Kdds_DataWriter_get_Qos[m[Kâ€™ was not declared in this scope; did you mean â€˜[01m[Kdds_DataWriter_get_qos[m[Kâ€™?
  187 |   auto ret = [01;31m[Kdds_DataWriter_get_Qos[m[K(datawriter, dw_qos_ptr);
      |              [01;31m[K^~~~~~~~~~~~~~~~~~~~~~[m[K
      |              [32m[Kdds_DataWriter_get_qos[m[K
[01m[K/home/gurum/gurumnet/rmw_gurumdds/rmw_gurumdds_cpp/src/graph_cache.cpp:191:38:[m[K [01;31m[Kerror: [m[Kâ€˜[01m[Kparse_type_hash_from_user_data[m[Kâ€™ is not a member of â€˜[01m[Krmw_dds_common[m[Kâ€™
  191 |    if (RMW_RET_OK != rmw_dds_common::[01;31m[Kparse_type_hash_from_user_data[m[K(
      |                                      [01;31m[K^~~~~~~~~~~~~~~~~~~~~~~~~~~~~~[m[K
[01m[K/home/gurum/gurumnet/rmw_gurumdds/rmw_gurumdds_cpp/src/graph_cache.cpp:192:25:[m[K [01;31m[Kerror: [m[Kâ€˜[01m[Kdata[m[Kâ€™ was not declared in this scope; did you mean â€˜[01m[Kstd::data[m[Kâ€™?
  192 |                         [01;31m[Kdata[m[K->user_data.value, data->user_data.size, type_hash))
      |                         [01;31m[K^~~~[m[K
      |                         [32m[Kstd::data[m[K
In file included from [01m[K/usr/include/c++/11/string:54[m[K,
                 from [01m[K/usr/include/c++/11/bits/locale_classes.h:40[m[K,
                 from [01m[K/usr/include/c++/11/bits/ios_base.h:41[m[K,
                 from [01m[K/usr/include/c++/11/ios:42[m[K,
                 from [01m[K/usr/include/c++/11/ostream:38[m[K,
                 from [01m[K/usr/include/c++/11/iostream:39[m[K,
                 from [01m[K/home/gurum/gurumnet/rmw_gurumdds/rmw_gurumdds_cpp/include/rmw_gurumdds_cpp/gid.hpp:19[m[K,
                 from [01m[K/home/gurum/gurumnet/rmw_gurumdds/rmw_gurumdds_cpp/src/graph_cache.cpp:22[m[K:
[01m[K/usr/include/c++/11/bits/range_access.h:319:5:[m[K [01;36m[Knote: [m[Kâ€˜[01m[Kstd::data[m[Kâ€™ declared here
  319 |     [01;36m[Kdata[m[K(initializer_list<_Tp> __il) noexcept
      |     [01;36m[K^~~~[m[K
[01m[K/home/gurum/gurumnet/rmw_gurumdds/rmw_gurumdds_cpp/src/graph_cache.cpp:194:22:[m[K [01;35m[Kwarning: [m[Kunused variable â€˜[01m[Kret[m[Kâ€™ [[01;35m[K]8;;https://gcc.gnu.org/onlinedocs/gcc/Warning-Options.html#index-Wunused-variable-Wunused-variable]8;;[m[K]
  194 |     dds_ReturnCode_t [01;35m[Kret[m[K = dds_DataWriterQos_copy(&dw_qos, &dds_DATAWRITER_QOS_DEFAULT);
      |                      [01;35m[K^~~[m[K
gmake[2]: *** [CMakeFiles/rmw_gurumdds_cpp.dir/build.make:524: CMakeFiles/rmw_gurumdds_cpp.dir/src/graph_cache.cpp.o] Error 1
gmake[2]: *** Waiting for unfinished jobs....
gmake[1]: *** [CMakeFiles/Makefile2:137: CMakeFiles/rmw_gurumdds_cpp.dir/all] Error 2
gmake: *** [Makefile:146: all] Error 2
