[35m[1mConsolidate compiler generated dependencies of target rmw_gurumdds_cpp[0m
[  2%] [32mBuilding CXX object CMakeFiles/rmw_gurumdds_cpp.dir/src/rmw_publisher.cpp.o[0m
[01m[K/home/gurum/gurumnet/rmw_gurumdds/rmw_gurumdds_cpp/src/rmw_publisher.cpp:33:1:[m[K [01;31m[Kerror: [m[Kâ€˜[01m[Krmw_create_[m[Kâ€™ does not name a type; did you mean â€˜[01m[Krmw_ret_t[m[Kâ€™?
   33 | [01;31m[Krmw_create_[m[K
      | [01;31m[K^~~~~~~~~~~[m[K
      | [32m[Krmw_ret_t[m[K
In file included from [01m[K/usr/include/c++/11/bits/regex_scanner.h:271[m[K,
                 from [01m[K/usr/include/c++/11/regex:61[m[K,
                 from [01m[K/home/gurum/gurumnet/rmw_gurumdds/rmw_gurumdds_cpp/include/rmw_gurumdds_cpp/rmw_context_impl.hpp:24[m[K,
                 from [01m[K/home/gurum/gurumnet/rmw_gurumdds/rmw_gurumdds_cpp/src/rmw_publisher.cpp:40[m[K:
[01m[K/usr/include/c++/11/bits/regex_scanner.tcc:[m[K In member function â€˜[01m[Kvoid std::__detail::_Scanner<_CharT>::_M_scan_normal()[m[Kâ€™:
[01m[K/usr/include/c++/11/bits/regex_scanner.tcc:100:16:[m[K [01;31m[Kerror: [m[Kâ€˜[01m[Kstrchr[m[Kâ€™ is not a member of â€˜[01m[Kstd[m[Kâ€™; did you mean â€˜[01m[Kstrchr[m[Kâ€™?
  100 |       if (std::[01;31m[Kstrchr[m[K(_M_spec_char, _M_ctype.narrow(__c, ' ')) == nullptr)
      |                [01;31m[K^~~~~~[m[K
In file included from [01m[K/home/gurum/ros2_iron/src/ros2/rcutils/include/rcutils/error_handling.h:34[m[K,
                 from [01m[K/home/gurum/gurumnet/rmw_gurumdds/rmw_gurumdds_cpp/src/rmw_publisher.cpp:21[m[K:
[01m[K/usr/include/string.h:228:20:[m[K [01;36m[Knote: [m[Kâ€˜[01m[Kstrchr[m[Kâ€™ declared here
  228 | extern const char *[01;36m[Kstrchr[m[K (const char *__s, int __c)
      |                    [01;36m[K^~~~~~[m[K
In file included from [01m[K/usr/include/c++/11/bits/regex_scanner.h:271[m[K,
                 from [01m[K/usr/include/c++/11/regex:61[m[K,
                 from [01m[K/home/gurum/gurumnet/rmw_gurumdds/rmw_gurumdds_cpp/include/rmw_gurumdds_cpp/rmw_context_impl.hpp:24[m[K,
                 from [01m[K/home/gurum/gurumnet/rmw_gurumdds/rmw_gurumdds_cpp/src/rmw_publisher.cpp:40[m[K:
[01m[K/usr/include/c++/11/bits/regex_scanner.tcc:[m[K In member function â€˜[01m[Kvoid std::__detail::_Scanner<_CharT>::_M_eat_escape_posix()[m[Kâ€™:
[01m[K/usr/include/c++/11/bits/regex_scanner.tcc:406:25:[m[K [01;31m[Kerror: [m[Kâ€˜[01m[Kstrchr[m[Kâ€™ is not a member of â€˜[01m[Kstd[m[Kâ€™; did you mean â€˜[01m[Kstrchr[m[Kâ€™?
  406 |       auto __pos = std::[01;31m[Kstrchr[m[K(_M_spec_char, _M_ctype.narrow(__c, '\0'));
      |                         [01;31m[K^~~~~~[m[K
In file included from [01m[K/home/gurum/ros2_iron/src/ros2/rcutils/include/rcutils/error_handling.h:34[m[K,
                 from [01m[K/home/gurum/gurumnet/rmw_gurumdds/rmw_gurumdds_cpp/src/rmw_publisher.cpp:21[m[K:
[01m[K/usr/include/string.h:228:20:[m[K [01;36m[Knote: [m[Kâ€˜[01m[Kstrchr[m[Kâ€™ declared here
  228 | extern const char *[01;36m[Kstrchr[m[K (const char *__s, int __c)
      |                    [01;36m[K^~~~~~[m[K
[01m[K/home/gurum/gurumnet/rmw_gurumdds/rmw_gurumdds_cpp/src/rmw_publisher.cpp:[m[K In function â€˜[01m[Krmw_publisher_t* __rmw_create_publisher(rmw_context_impl_t*, const rmw_node_t*, dds_DomainParticipant*, dds_Publisher*, const rosidl_message_type_support_t*, const char*, const rmw_qos_profile_t*, const rmw_publisher_options_t*, bool)[m[Kâ€™:
[01m[K/home/gurum/gurumnet/rmw_gurumdds/rmw_gurumdds_cpp/src/rmw_publisher.cpp:186:37:[m[K [01;31m[Kerror: [m[Kinvalid conversion from â€˜[01m[Kvoid (*)(dds_DataWriter*, const dds_PublicationMatchedStatus*)[m[Kâ€™ {aka â€˜[01m[Kvoid (*)(_dds_DataWriter*, const dds_PublicationMatchedStatus*)[m[Kâ€™} to â€˜[01m[Kdds_DataWriterListener_on_publication_matched[m[Kâ€™ {aka â€˜[01m[Kvoid (*)(const _dds_DataWriter*, const dds_PublicationMatchedStatus*)[m[Kâ€™} [[01;31m[K]8;;https://gcc.gnu.org/onlinedocs/gcc/Warning-Options.html#index-fpermissive-fpermissive]8;;[m[K]
  186 |   listener.on_publication_matched = [01;31m[Kon_publication_matched[m[K;
      |                                     [01;31m[K^~~~~~~~~~~~~~~~~~~~~~[m[K
      |                                     [01;31m[K|[m[K
      |                                     [01;31m[Kvoid (*)(dds_DataWriter*, const dds_PublicationMatchedStatus*) {aka void (*)(_dds_DataWriter*, const dds_PublicationMatchedStatus*)}[m[K
gmake[2]: *** [CMakeFiles/rmw_gurumdds_cpp.dir/build.make:384: CMakeFiles/rmw_gurumdds_cpp.dir/src/rmw_publisher.cpp.o] Error 1
gmake[1]: *** [CMakeFiles/Makefile2:137: CMakeFiles/rmw_gurumdds_cpp.dir/all] Error 2
gmake: *** [Makefile:146: all] Error 2
