[35m[1mConsolidate compiler generated dependencies of target rmw_gurumdds_cpp[0m
[  5%] [32mBuilding CXX object CMakeFiles/rmw_gurumdds_cpp.dir/src/graph_cache.cpp.o[0m
[  5%] [32mBuilding CXX object CMakeFiles/rmw_gurumdds_cpp.dir/src/rmw_node.cpp.o[0m
[01m[K/home/gurum/ros2_iron/src/ros2/rmw_gurumdds/rmw_gurumdds_cpp/src/graph_cache.cpp:[m[K In function â€˜[01m[Krmw_ret_t graph_cache_initialize(rmw_context_impl_t*)[m[Kâ€™:
[01m[K/home/gurum/ros2_iron/src/ros2/rmw_gurumdds/rmw_gurumdds_cpp/src/graph_cache.cpp:368:66:[m[K [01;31m[Kerror: [m[Kâ€˜[01m[Knamespace_[m[Kâ€™ was not declared in this scope
  368 |     static_cast<const char *>(rmw_allocate(sizeof(char) * strlen([01;31m[Knamespace_[m[K) + 1));
      |                                                                  [01;31m[K^~~~~~~~~~[m[K
[01m[K/home/gurum/ros2_iron/src/ros2/rmw_gurumdds/rmw_gurumdds_cpp/src/graph_cache.cpp:375:44:[m[K [01;31m[Kerror: [m[Kâ€˜[01m[Kimplementation_identifier[m[Kâ€™ was not declared in this scope; did you mean â€˜[01m[Krmw_get_implementation_identifier[m[Kâ€™?
  375 |   node_handle->implementation_identifier = [01;31m[Kimplementation_identifier[m[K;
      |                                            [01;31m[K^~~~~~~~~~~~~~~~~~~~~~~~~[m[K
      |                                            [32m[Krmw_get_implementation_identifier[m[K
[01m[K/home/gurum/ros2_iron/src/ros2/rmw_gurumdds/rmw_gurumdds_cpp/src/graph_cache.cpp:377:26:[m[K [01;31m[Kerror: [m[Kâ€˜[01m[Kcontext[m[Kâ€™ was not declared in this scope
  377 |   node_handle->context = [01;31m[Kcontext[m[K;
      |                          [01;31m[K^~~~~~~[m[K
gmake[2]: *** [CMakeFiles/rmw_gurumdds_cpp.dir/build.make:524: CMakeFiles/rmw_gurumdds_cpp.dir/src/graph_cache.cpp.o] Error 1
gmake[2]: *** Waiting for unfinished jobs....
gmake[1]: *** [CMakeFiles/Makefile2:137: CMakeFiles/rmw_gurumdds_cpp.dir/all] Error 2
gmake: *** [Makefile:146: all] Error 2
