[0.045s] Invoking command in '/home/gurum/ros2_iron/src/ros2/rmw_gurumdds/build/rmw_gurumdds_cpp': AMENT_PREFIX_PATH=/home/gurum/ros2_iron/src/ros2/rmw_gurumdds/install/gurumdds_cmake_module:${AMENT_PREFIX_PATH} CMAKE_PREFIX_PATH=/home/gurum/ros2_iron/src/ros2/rmw_gurumdds/install/gurumdds_cmake_module:/home/gurum/ros2_iron/install/rosbag2:/home/gurum/ros2_iron/install/rosbag2_storage_default_plugins:/home/gurum/ros2_iron/install/rosbag2_storage_mcap:/home/gurum/ros2_iron/install/rosbag2_compression_zstd:/home/gurum/ros2_iron/install/mcap_vendor:/home/gurum/ros2_iron/install/zstd_vendor:/home/gurum/ros2_iron/install/rviz_visual_testing_framework:/home/gurum/ros2_iron/install/rviz2:/home/gurum/ros2_iron/install/rviz_default_plugins:/home/gurum/ros2_iron/install/rviz_common:/home/gurum/ros2_iron/install/rosbag2_py:/home/gurum/ros2_iron/install/rosbag2_transport:/home/gurum/ros2_iron/install/rosbag2_storage_sqlite3:/home/gurum/ros2_iron/install/rosbag2_examples_cpp:/home/gurum/ros2_iron/install/rosbag2_compression:/home/gurum/ros2_iron/install/rosbag2_cpp:/home/gurum/ros2_iron/install/rosbag2_storage:/home/gurum/ros2_iron/install/image_common:/home/gurum/ros2_iron/install/camera_info_manager:/home/gurum/ros2_iron/install/camera_calibration_parsers:/home/gurum/ros2_iron/install/yaml_cpp_vendor:/home/gurum/ros2_iron/install/interactive_markers:/home/gurum/ros2_iron/install/common_interfaces:/home/gurum/ros2_iron/install/visualization_msgs:/home/gurum/ros2_iron/install/dummy_robot_bringup:/home/gurum/ros2_iron/install/robot_state_publisher:/home/gurum/ros2_iron/install/kdl_parser:/home/gurum/ros2_iron/install/urdf:/home/gurum/ros2_iron/install/urdfdom:/home/gurum/ros2_iron/install/urdf_parser_plugin:/home/gurum/ros2_iron/install/urdfdom_headers:/home/gurum/ros2_iron/install/turtlesim:/home/gurum/ros2_iron/install/trajectory_msgs:/home/gurum/ros2_iron/install/topic_statistics_demo:/home/gurum/ros2_iron/install/pendulum_control:/home/gurum/ros2_iron/install/tlsf_cpp:/home/gurum/ros2_iron/install/geometry2:/home/gurum/ros2_iron/install/tf2_sensor_msgs:/home/gurum/ros2_iron/install/test_tf2:/home/gurum/ros2_iron/install/tf2_kdl:/home/gurum/ros2_iron/install/tf2_geometry_msgs:/home/gurum/ros2_iron/install/tf2_eigen:/home/gurum/ros2_iron/install/tf2_bullet:/home/gurum/ros2_iron/install/tf2_ros:/home/gurum/ros2_iron/install/tf2_py:/home/gurum/ros2_iron/install/tf2_msgs:/home/gurum/ros2_iron/install/tf2_eigen_kdl:/home/gurum/ros2_iron/install/laser_geometry:/home/gurum/ros2_iron/install/tf2:/home/gurum/ros2_iron/install/test_tracetools:/home/gurum/ros2_iron/install/test_msgs:/home/gurum/ros2_iron/install/test_communication:/home/gurum/ros2_iron/install/stereo_msgs:/home/gurum/ros2_iron/install/std_srvs:/home/gurum/ros2_iron/install/shape_msgs:/home/gurum/ros2_iron/install/quality_of_service_demo_cpp:/home/gurum/ros2_iron/install/map_msgs:/home/gurum/ros2_iron/install/intra_process_demo:/home/gurum/ros2_iron/install/image_transport:/home/gurum/ros2_iron/install/image_tools:/home/gurum/ros2_iron/install/dummy_sensors:/home/gurum/ros2_iron/install/sensor_msgs:/home/gurum/ros2_iron/install/ros2cli_common_extensions:/home/gurum/ros2_iron/install/dummy_map_server:/home/gurum/ros2_iron/install/nav_msgs:/home/gurum/ros2_iron/install/logging_demo:/home/gurum/ros2_iron/install/lifecycle:/home/gurum/ros2_iron/install/diagnostic_msgs:/home/gurum/ros2_iron/install/geometry_msgs:/home/gurum/ros2_iron/install/examples_rclcpp_wait_set:/home/gurum/ros2_iron/install/examples_rclcpp_multithreaded_executor:/home/gurum/ros2_iron/install/examples_rclcpp_minimal_subscriber:/home/gurum/ros2_iron/install/examples_rclcpp_minimal_publisher:/home/gurum/ros2_iron/install/examples_rclcpp_minimal_composition:/home/gurum/ros2_iron/install/examples_rclcpp_cbg_executor:/home/gurum/ros2_iron/install/demo_nodes_cpp_native:/home/gurum/ros2_iron/install/demo_nodes_cpp:/home/gurum/ros2_iron/install/composition:/home/gurum/ros2_iron/install/actionlib_msgs:/home/gurum/ros2_iron/install/std_msgs:/home/gurum/ros2_iron/install/rqt_gui_cpp:/home/gurum/ros2_iron/install/rosbag2_test_common:/home/gurum/ros2_iron/install/ros2lifecycle_test_fixtures:/home/gurum/ros2_iron/install/rclcpp_lifecycle:/home/gurum/ros2_iron/install/action_tutorials_cpp:/home/gurum/ros2_iron/install/rclcpp_components:/home/gurum/ros2_iron/install/examples_rclcpp_minimal_action_server:/home/gurum/ros2_iron/install/examples_rclcpp_minimal_action_client:/home/gurum/ros2_iron/install/rclcpp_action:/home/gurum/ros2_iron/install/message_filters:/home/gurum/ros2_iron/install/examples_rclcpp_minimal_timer:/home/gurum/ros2_iron/install/examples_rclcpp_minimal_service:/home/gurum/ros2_iron/install/examples_rclcpp_minimal_client:/home/gurum/ros2_iron/install/examples_rclcpp_async_client:/home/gurum/ros2_iron/install/rclcpp:/home/gurum/ros2_iron/install/libstatistics_collector:/home/gurum/ros2_iron/install/statistics_msgs:/home/gurum/ros2_iron/install/sros2_cmake:/home/gurum/ros2_iron/install/rqt_py_common:/home/gurum/ros2_iron/install/ros_testing:/home/gurum/ros2_iron/install/rclpy:/home/gurum/ros2_iron/install/rosgraph_msgs:/home/gurum/ros2_iron/install/rosbag2_interfaces:/home/gurum/ros2_iron/install/ros2cli_test_interfaces:/home/gurum/ros2_iron/install/rcl_lifecycle:/home/gurum/ros2_iron/install/rcl_action:/home/gurum/ros2_iron/install/rcl:/home/gurum/ros2_iron/install/rmw_implementation:/home/gurum/ros2_iron/install/rmw_gurumdds_cpp:/home/gurum/ros2_iron/install/rmw_fastrtps_dynamic_cpp:/home/gurum/ros2_iron/install/rmw_fastrtps_cpp:/home/gurum/ros2_iron/install/rmw_fastrtps_shared_cpp:/home/gurum/ros2_iron/install/rmw_cyclonedds_cpp:/home/gurum/ros2_iron/install/rmw_connextddsmicro:/home/gurum/ros2_iron/install/rmw_connextdds:/home/gurum/ros2_iron/install/rmw_connextdds_common:/home/gurum/ros2_iron/install/rmw_dds_common:/home/gurum/ros2_iron/install/composition_interfaces:/home/gurum/ros2_iron/install/rcl_interfaces:/home/gurum/ros2_iron/install/pendulum_msgs:/home/gurum/ros2_iron/install/lifecycle_msgs:/home/gurum/ros2_iron/install/example_interfaces:/home/gurum/ros2_iron/install/action_tutorials_interfaces:/home/gurum/ros2_iron/install/rosidl_default_runtime:/home/gurum/ros2_iron/install/rosidl_default_generators:/home/gurum/ros2_iron/install/action_msgs:/home/gurum/ros2_iron/install/unique_identifier_msgs:/home/gurum/ros2_iron/install/ament_lint_common:/home/gurum/ros2_iron/install/ament_cmake_uncrustify:/home/gurum/ros2_iron/install/uncrustify_vendor:/home/gurum/ros2_iron/install/type_description_interfaces:/home/gurum/ros2_iron/install/tracetools:/home/gurum/ros2_iron/install/tlsf:/home/gurum/ros2_iron/install/tinyxml_vendor:/home/gurum/ros2_iron/install/qt_gui_core:/home/gurum/ros2_iron/install/qt_gui_cpp:/home/gurum/ros2_iron/install/pluginlib:/home/gurum/ros2_iron/install/tinyxml2_vendor:/home/gurum/ros2_iron/install/test_security:/home/gurum/ros2_iron/install/test_rmw_implementation:/home/gurum/ros2_iron/install/test_rclcpp:/home/gurum/ros2_iron/install/test_quality_of_service:/home/gurum/ros2_iron/install/test_launch_testing:/home/gurum/ros2_iron/install/test_interface_files:/home/gurum/ros2_iron/install/test_cli_remapping:/home/gurum/ros2_iron/install/test_cli:/home/gurum/ros2_iron/install/qt_gui_app:/home/gurum/ros2_iron/install/qt_gui:/home/gurum/ros2_iron/install/tango_icons_vendor:/home/gurum/ros2_iron/install/sqlite3_vendor:/home/gurum/ros2_iron/install/rcl_logging_spdlog:/home/gurum/ros2_iron/install/spdlog_vendor:/home/gurum/ros2_iron/install/shared_queues_vendor:/home/gurum/ros2_iron/install/service_msgs:/home/gurum/ros2_iron/install/rviz_rendering_tests:/home/gurum/ros2_iron/install/rviz_rendering:/home/gurum/ros2_iron/install/rviz_ogre_vendor:/home/gurum/ros2_iron/install/rviz_assimp_vendor:/home/gurum/ros2_iron/install/rttest:/home/gurum/ros2_iron/install/rti_connext_dds_cmake_module:/home/gurum/ros2_iron/install/builtin_interfaces:/home/gurum/ros2_iron/install/rosidl_core_runtime:/home/gurum/ros2_iron/install/rosidl_core_generators:/home/gurum/ros2_iron/install/rosidl_generator_py:/home/gurum/ros2_iron/install/rosidl_typesupport_tests:/home/gurum/ros2_iron/install/rosidl_typesupport_introspection_tests:/home/gurum/ros2_iron/install/rosidl_typesupport_cpp:/home/gurum/ros2_iron/install/rosidl_typesupport_introspection_cpp:/home/gurum/ros2_iron/install/rosidl_typesupport_c:/home/gurum/ros2_iron/install/rosidl_typesupport_introspection_c:/home/gurum/ros2_iron/install/rosidl_typesupport_fastrtps_c:/home/gurum/ros2_iron/install/rosidl_typesupport_fastrtps_cpp:/home/gurum/ros2_iron/install/rosidl_generator_cpp:/home/gurum/ros2_iron/install/rosidl_runtime_cpp:/home/gurum/ros2_iron/install/rosidl_dynamic_typesupport_fastrtps:/home/gurum/ros2_iron/install/rcl_yaml_param_parser:/home/gurum/ros2_iron/install/rmw:/home/gurum/ros2_iron/install/rosidl_dynamic_typesupport:/home/gurum/ros2_iron/install/rosidl_runtime_c:/home/gurum/ros2_iron/install/rosidl_generator_c:/home/gurum/ros2_iron/install/rosidl_typesupport_interface:/home/gurum/ros2_iron/install/rosidl_generator_dds_idl:/home/gurum/ros2_iron/install/rosidl_cmake:/home/gurum/ros2_iron/install/rosidl_generator_type_description:/home/gurum/ros2_iron/install/rosidl_parser:/home/gurum/ros2_iron/install/rosidl_generator_tests:/home/gurum/ros2_iron/install/rosidl_adapter:/home/gurum/ros2_iron/install/rosbag2_tests:/home/gurum/ros2_iron/install/rosbag2_test_msgdefs:/home/gurum/ros2_iron/install/ros_environment:/home/gurum/ros2_iron/install/rmw_implementation_cmake:/home/gurum/ros2_iron/install/resource_retriever:/home/gurum/ros2_iron/install/class_loader:/home/gurum/ros2_iron/install/rcpputils:/home/gurum/ros2_iron/install/rcl_logging_noop:/home/gurum/ros2_iron/install/rcl_logging_interface:/home/gurum/ros2_iron/install/rcutils:/home/gurum/ros2_iron/install/qt_gui_py_common:/home/gurum/ros2_iron/install/qt_dotgraph:/home/gurum/ros2_iron/install/python_qt_binding:/home/gurum/ros2_iron/install/python_orocos_kdl_vendor:/home/gurum/ros2_iron/install/launch_testing_ament_cmake:/home/gurum/ros2_iron/install/python_cmake_module:/home/gurum/ros2_iron/install/pybind11_vendor:/home/gurum/ros2_iron/install/performance_test_fixture:/home/gurum/ros2_iron/install/osrf_testing_tools_cpp:/home/gurum/ros2_iron/install/orocos_kdl_vendor:/home/gurum/ros2_iron/install/mimick_vendor:/home/gurum/ros2_iron/install/libyaml_vendor:/home/gurum/ros2_iron/install/libcurl_vendor:/home/gurum/ros2_iron/install/keyboard_handler:/home/gurum/ros2_iron/install/cyclonedds:/home/gurum/ros2_iron/install/iceoryx_posh:/home/gurum/ros2_iron/install/iceoryx_hoofs:/home/gurum/ros2_iron/install/iceoryx_binding_c:/home/gurum/ros2_iron/install/gurumdds_cmake_module:/home/gurum/ros2_iron/install/ament_cmake_ros:/home/gurum/ros2_iron/install/ament_cmake_gmock:/home/gurum/ros2_iron/install/gmock_vendor:/home/gurum/ros2_iron/install/ament_cmake_auto:/home/gurum/ros2_iron/install/ament_cmake_gtest:/home/gurum/ros2_iron/install/gtest_vendor:/home/gurum/ros2_iron/install/ament_cmake_google_benchmark:/home/gurum/ros2_iron/install/google_benchmark_vendor:/home/gurum/ros2_iron/install/fastrtps:/home/gurum/ros2_iron/install/foonathan_memory_vendor:/home/gurum/ros2_iron/install/fastrtps_cmake_module:/home/gurum/ros2_iron/install/fastcdr:/home/gurum/ros2_iron/install/eigen3_cmake_module:/home/gurum/ros2_iron/install/console_bridge_vendor:/home/gurum/ros2_iron/install/ament_cmake_xmllint:/home/gurum/ros2_iron/install/ament_cmake_pyflakes:/home/gurum/ros2_iron/install/ament_cmake_pycodestyle:/home/gurum/ros2_iron/install/ament_cmake_pep257:/home/gurum/ros2_iron/install/ament_cmake_pclint:/home/gurum/ros2_iron/install/ament_lint_auto:/home/gurum/ros2_iron/install/ament_cmake:/home/gurum/ros2_iron/install/ament_cmake_version:/home/gurum/ros2_iron/install/ament_cmake_vendor_package:/home/gurum/ros2_iron/install/ament_cmake_pytest:/home/gurum/ros2_iron/install/ament_cmake_mypy:/home/gurum/ros2_iron/install/ament_cmake_lint_cmake:/home/gurum/ros2_iron/install/ament_cmake_flake8:/home/gurum/ros2_iron/install/ament_cmake_cpplint:/home/gurum/ros2_iron/install/ament_cmake_cppcheck:/home/gurum/ros2_iron/install/ament_cmake_copyright:/home/gurum/ros2_iron/install/ament_cmake_clang_tidy:/home/gurum/ros2_iron/install/ament_cmake_clang_format:/home/gurum/ros2_iron/install/ament_cmake_test:/home/gurum/ros2_iron/install/ament_cmake_target_dependencies:/home/gurum/ros2_iron/install/ament_cmake_python:/home/gurum/ros2_iron/install/ament_cmake_export_dependencies:/home/gurum/ros2_iron/install/ament_cmake_libraries:/home/gurum/ros2_iron/install/ament_cmake_include_directories:/home/gurum/ros2_iron/install/ament_cmake_gen_version_h:/home/gurum/ros2_iron/install/ament_cmake_export_targets:/home/gurum/ros2_iron/install/ament_cmake_export_link_flags:/home/gurum/ros2_iron/install/ament_cmake_export_interfaces:/home/gurum/ros2_iron/install/ament_cmake_export_libraries:/home/gurum/ros2_iron/install/ament_cmake_export_include_directories:/home/gurum/ros2_iron/install/ament_cmake_export_definitions:/home/gurum/ros2_iron/install/ament_cmake_core:/home/gurum/ros2_iron/install/ament_index_cpp:/home/gurum/ros2_iron/install/rqt_bag_plugins:/home/gurum/ros2_iron/install/rqt_bag:/home/gurum/ros2_iron/install/rosbag2_examples_py:/home/gurum/ros2_iron/install/launch_testing_examples:/home/gurum/ros2_iron/install/ros2bag:/home/gurum/ros2_iron/install/tracetools_test:/home/gurum/ros2_iron/install/tracetools_launch:/home/gurum/ros2_iron/install/topic_monitor:/home/gurum/ros2_iron/install/tf2_tools:/home/gurum/ros2_iron/install/examples_tf2_py:/home/gurum/ros2_iron/install/tf2_ros_py:/home/gurum/ros2_iron/install/examples_rclpy_pointcloud_publisher:/home/gurum/ros2_iron/install/sensor_msgs_py:/home/gurum/ros2_iron/install/quality_of_service_demo_py:/home/gurum/ros2_iron/install/rqt_plot:/home/gurum/ros2_iron/install/ros2doctor:/home/gurum/ros2_iron/install/lifecycle_py:/home/gurum/ros2_iron/install/examples_rclpy_minimal_subscriber:/home/gurum/ros2_iron/install/examples_rclpy_minimal_service:/home/gurum/ros2_iron/install/examples_rclpy_minimal_publisher:/home/gurum/ros2_iron/install/examples_rclpy_minimal_client:/home/gurum/ros2_iron/install/examples_rclpy_executors:/home/gurum/ros2_iron/install/demo_nodes_py:/home/gurum/ros2_iron/install/rqt:/home/gurum/ros2_iron/install/ros2component:/home/gurum/ros2_iron/install/sros2:/home/gurum/ros2_iron/install/rqt_topic:/home/gurum/ros2_iron/install/rqt_srv:/home/gurum/ros2_iron/install/rqt_shell:/home/gurum/ros2_iron/install/rqt_service_caller:/home/gurum/ros2_iron/install/rqt_reconfigure:/home/gurum/ros2_iron/install/rqt_py_console:/home/gurum/ros2_iron/install/rqt_publisher:/home/gurum/ros2_iron/install/rqt_action:/home/gurum/ros2_iron/install/rqt_msg:/home/gurum/ros2_iron/install/rqt_console:/home/gurum/ros2_iron/install/rqt_graph:/home/gurum/ros2_iron/install/rqt_gui_py:/home/gurum/ros2_iron/install/rqt_gui:/home/gurum/ros2_iron/install/ros2trace:/home/gurum/ros2_iron/install/ros2topic:/home/gurum/ros2_iron/install/ros2test:/home/gurum/ros2_iron/install/ros2param:/home/gurum/ros2_iron/install/ros2lifecycle:/home/gurum/ros2_iron/install/ros2service:/home/gurum/ros2_iron/install/ros2run:/home/gurum/ros2_iron/install/ros2launch:/home/gurum/ros2_iron/install/ros2pkg:/home/gurum/ros2_iron/install/ros2node:/home/gurum/ros2_iron/install/ros2multicast:/home/gurum/ros2_iron/install/ros2interface:/home/gurum/ros2_iron/install/ros2action:/home/gurum/ros2_iron/install/ros2cli:/home/gurum/ros2_iron/install/launch_testing_ros:/home/gurum/ros2_iron/install/launch_ros:/home/gurum/ros2_iron/install/examples_rclpy_minimal_action_server:/home/gurum/ros2_iron/install/examples_rclpy_minimal_action_client:/home/gurum/ros2_iron/install/examples_rclpy_guard_conditions:/home/gurum/ros2_iron/install/action_tutorials_py:/home/gurum/ros2_iron/install/ament_uncrustify:/home/gurum/ros2_iron/install/tracetools_trace:/home/gurum/ros2_iron/install/tracetools_read:/home/gurum/ros2_iron/install/test_tracetools_launch:/home/gurum/ros2_iron/install/test_ros2trace:/home/gurum/ros2_iron/install/test_launch_ros:/home/gurum/ros2_iron/install/rpyutils:/home/gurum/ros2_iron/install/rosidl_runtime_py:/home/gurum/ros2_iron/install/rosidl_pycommon:/home/gurum/ros2_iron/install/rosidl_cli:/home/gurum/ros2_iron/install/launch_pytest:/home/gurum/ros2_iron/install/launch_testing:/home/gurum/ros2_iron/install/launch_yaml:/home/gurum/ros2_iron/install/launch_xml:/home/gurum/ros2_iron/install/launch:/home/gurum/ros2_iron/install/osrf_pycommon:/home/gurum/ros2_iron/install/domain_coordinator:/home/gurum/ros2_iron/install/ament_xmllint:/home/gurum/ros2_iron/install/ament_pyflakes:/home/gurum/ros2_iron/install/ament_pycodestyle:/home/gurum/ros2_iron/install/ament_pep257:/home/gurum/ros2_iron/install/ament_pclint:/home/gurum/ros2_iron/install/ament_package:/home/gurum/ros2_iron/install/ament_mypy:/home/gurum/ros2_iron/install/ament_lint_cmake:/home/gurum/ros2_iron/install/ament_flake8:/home/gurum/ros2_iron/install/ament_copyright:/home/gurum/ros2_iron/install/ament_lint:/home/gurum/ros2_iron/install/ament_index_python:/home/gurum/ros2_iron/install/ament_cpplint:/home/gurum/ros2_iron/install/ament_cppcheck:/home/gurum/ros2_iron/install/ament_clang_tidy:/home/gurum/ros2_iron/install/ament_clang_format _=/usr/bin/env /usr/bin/cmake --build /home/gurum/ros2_iron/src/ros2/rmw_gurumdds/build/rmw_gurumdds_cpp -- -j16 -l16
[0.107s] [35m[1mConsolidate compiler generated dependencies of target rmw_gurumdds_cpp[0m
[0.148s] [  2%] [32mBuilding CXX object CMakeFiles/rmw_gurumdds_cpp.dir/src/graph_cache.cpp.o[0m
[0.784s] [01m[K/home/gurum/ros2_iron/src/ros2/rmw_gurumdds/rmw_gurumdds_cpp/src/graph_cache.cpp:[m[K In function â€˜[01m[Krmw_ret_t graph_cache_initialize(rmw_context_impl_t*)[m[Kâ€™:
[0.785s] [01m[K/home/gurum/ros2_iron/src/ros2/rmw_gurumdds/rmw_gurumdds_cpp/src/graph_cache.cpp:354:84:[m[K [01;31m[Kerror: [m[Kâ€˜[01m[Kname[m[Kâ€™ was not declared in this scope; did you mean â€˜[01m[Krosidl_generator_traits::name[m[Kâ€™?
[0.785s]   354 | tatic_cast<const char *>(rmw_allocate(sizeof(char) * strlen([01;31m[Kname[m[K) + 1));
[0.785s]       |                                                             [01;31m[K^~~~[m[K
[0.785s]       |                                                             [32m[Krosidl_generator_traits::name[m[K
[0.785s] In file included from [01m[K/home/gurum/ros2_iron/build/rmw_dds_common/rosidl_generator_cpp/rmw_dds_common/msg/detail/gid__traits.hpp:15[m[K,
[0.785s]                  from [01m[K/home/gurum/ros2_iron/build/rmw_dds_common/rosidl_generator_cpp/rmw_dds_common/msg/gid.hpp:9[m[K,
[0.785s]                  from [01m[K/home/gurum/ros2_iron/install/rmw_dds_common/include/rmw_dds_common/rmw_dds_common/gid_utils.hpp:21[m[K,
[0.785s]                  from [01m[K/home/gurum/ros2_iron/install/rmw_dds_common/include/rmw_dds_common/rmw_dds_common/graph_cache.hpp:33[m[K,
[0.785s]                  from [01m[K/home/gurum/ros2_iron/install/rmw_dds_common/include/rmw_dds_common/rmw_dds_common/context.hpp:24[m[K,
[0.785s]                  from [01m[K/home/gurum/ros2_iron/src/ros2/rmw_gurumdds/rmw_gurumdds_cpp/include/rmw_gurumdds_cpp/rmw_context_impl.hpp:37[m[K,
[0.785s]                  from [01m[K/home/gurum/ros2_iron/src/ros2/rmw_gurumdds/rmw_gurumdds_cpp/src/graph_cache.cpp:25[m[K:
[0.785s] [01m[K/home/gurum/ros2_iron/src/ros2/rosidl/rosidl_runtime_cpp/include/rosidl_runtime_cpp/traits.hpp:156:21:[m[K [01;36m[Knote: [m[Kâ€˜[01m[Krosidl_generator_traits::name[m[Kâ€™ declared here
[0.785s]   156 | inline const char * [01;36m[Kname[m[K();
[0.785s]       |                     [01;36m[K^~~~[m[K
[0.788s] [01m[K/home/gurum/ros2_iron/src/ros2/rmw_gurumdds/rmw_gurumdds_cpp/src/graph_cache.cpp:362:66:[m[K [01;31m[Kerror: [m[Kâ€˜[01m[Knamespace_[m[Kâ€™ was not declared in this scope
[0.788s]   362 | tatic_cast<const char *>(rmw_allocate(sizeof(char) * strlen([01;31m[Knamespace_[m[K) + 1));
[0.788s]       |                                                             [01;31m[K^~~~~~~~~~[m[K
[0.788s] 
[0.794s] [01m[K/home/gurum/ros2_iron/src/ros2/rmw_gurumdds/rmw_gurumdds_cpp/src/graph_cache.cpp:369:44:[m[K [01;31m[Kerror: [m[Kâ€˜[01m[Kimplementation_identifier[m[Kâ€™ was not declared in this scope; did you mean â€˜[01m[Krmw_get_implementation_identifier[m[Kâ€™?
[0.794s]   369 |   node_handle->implementation_identifier = [01;31m[Kimplementation_identifier[m[K;
[0.794s]       |                                            [01;31m[K^~~~~~~~~~~~~~~~~~~~~~~~~[m[K
[0.794s]       |                                            [32m[Krmw_get_implementation_identifier[m[K
[0.796s] [01m[K/home/gurum/ros2_iron/src/ros2/rmw_gurumdds/rmw_gurumdds_cpp/src/graph_cache.cpp:371:26:[m[K [01;31m[Kerror: [m[Kâ€˜[01m[Kcontext[m[Kâ€™ was not declared in this scope
[0.796s]   371 |   node_handle->context = [01;31m[Kcontext[m[K;
[0.796s]       |                          [01;31m[K^~~~~~~[m[K
[0.895s] gmake[2]: *** [CMakeFiles/rmw_gurumdds_cpp.dir/build.make:524: CMakeFiles/rmw_gurumdds_cpp.dir/src/graph_cache.cpp.o] Error 1
[0.895s] gmake[1]: *** [CMakeFiles/Makefile2:137: CMakeFiles/rmw_gurumdds_cpp.dir/all] Error 2
[0.895s] gmake: *** [Makefile:146: all] Error 2
[0.896s] Invoked command in '/home/gurum/ros2_iron/src/ros2/rmw_gurumdds/build/rmw_gurumdds_cpp' returned '2': AMENT_PREFIX_PATH=/home/gurum/ros2_iron/src/ros2/rmw_gurumdds/install/gurumdds_cmake_module:${AMENT_PREFIX_PATH} CMAKE_PREFIX_PATH=/home/gurum/ros2_iron/src/ros2/rmw_gurumdds/install/gurumdds_cmake_module:/home/gurum/ros2_iron/install/rosbag2:/home/gurum/ros2_iron/install/rosbag2_storage_default_plugins:/home/gurum/ros2_iron/install/rosbag2_storage_mcap:/home/gurum/ros2_iron/install/rosbag2_compression_zstd:/home/gurum/ros2_iron/install/mcap_vendor:/home/gurum/ros2_iron/install/zstd_vendor:/home/gurum/ros2_iron/install/rviz_visual_testing_framework:/home/gurum/ros2_iron/install/rviz2:/home/gurum/ros2_iron/install/rviz_default_plugins:/home/gurum/ros2_iron/install/rviz_common:/home/gurum/ros2_iron/install/rosbag2_py:/home/gurum/ros2_iron/install/rosbag2_transport:/home/gurum/ros2_iron/install/rosbag2_storage_sqlite3:/home/gurum/ros2_iron/install/rosbag2_examples_cpp:/home/gurum/ros2_iron/install/rosbag2_compression:/home/gurum/ros2_iron/install/rosbag2_cpp:/home/gurum/ros2_iron/install/rosbag2_storage:/home/gurum/ros2_iron/install/image_common:/home/gurum/ros2_iron/install/camera_info_manager:/home/gurum/ros2_iron/install/camera_calibration_parsers:/home/gurum/ros2_iron/install/yaml_cpp_vendor:/home/gurum/ros2_iron/install/interactive_markers:/home/gurum/ros2_iron/install/common_interfaces:/home/gurum/ros2_iron/install/visualization_msgs:/home/gurum/ros2_iron/install/dummy_robot_bringup:/home/gurum/ros2_iron/install/robot_state_publisher:/home/gurum/ros2_iron/install/kdl_parser:/home/gurum/ros2_iron/install/urdf:/home/gurum/ros2_iron/install/urdfdom:/home/gurum/ros2_iron/install/urdf_parser_plugin:/home/gurum/ros2_iron/install/urdfdom_headers:/home/gurum/ros2_iron/install/turtlesim:/home/gurum/ros2_iron/install/trajectory_msgs:/home/gurum/ros2_iron/install/topic_statistics_demo:/home/gurum/ros2_iron/install/pendulum_control:/home/gurum/ros2_iron/install/tlsf_cpp:/home/gurum/ros2_iron/install/geometry2:/home/gurum/ros2_iron/install/tf2_sensor_msgs:/home/gurum/ros2_iron/install/test_tf2:/home/gurum/ros2_iron/install/tf2_kdl:/home/gurum/ros2_iron/install/tf2_geometry_msgs:/home/gurum/ros2_iron/install/tf2_eigen:/home/gurum/ros2_iron/install/tf2_bullet:/home/gurum/ros2_iron/install/tf2_ros:/home/gurum/ros2_iron/install/tf2_py:/home/gurum/ros2_iron/install/tf2_msgs:/home/gurum/ros2_iron/install/tf2_eigen_kdl:/home/gurum/ros2_iron/install/laser_geometry:/home/gurum/ros2_iron/install/tf2:/home/gurum/ros2_iron/install/test_tracetools:/home/gurum/ros2_iron/install/test_msgs:/home/gurum/ros2_iron/install/test_communication:/home/gurum/ros2_iron/install/stereo_msgs:/home/gurum/ros2_iron/install/std_srvs:/home/gurum/ros2_iron/install/shape_msgs:/home/gurum/ros2_iron/install/quality_of_service_demo_cpp:/home/gurum/ros2_iron/install/map_msgs:/home/gurum/ros2_iron/install/intra_process_demo:/home/gurum/ros2_iron/install/image_transport:/home/gurum/ros2_iron/install/image_tools:/home/gurum/ros2_iron/install/dummy_sensors:/home/gurum/ros2_iron/install/sensor_msgs:/home/gurum/ros2_iron/install/ros2cli_common_extensions:/home/gurum/ros2_iron/install/dummy_map_server:/home/gurum/ros2_iron/install/nav_msgs:/home/gurum/ros2_iron/install/logging_demo:/home/gurum/ros2_iron/install/lifecycle:/home/gurum/ros2_iron/install/diagnostic_msgs:/home/gurum/ros2_iron/install/geometry_msgs:/home/gurum/ros2_iron/install/examples_rclcpp_wait_set:/home/gurum/ros2_iron/install/examples_rclcpp_multithreaded_executor:/home/gurum/ros2_iron/install/examples_rclcpp_minimal_subscriber:/home/gurum/ros2_iron/install/examples_rclcpp_minimal_publisher:/home/gurum/ros2_iron/install/examples_rclcpp_minimal_composition:/home/gurum/ros2_iron/install/examples_rclcpp_cbg_executor:/home/gurum/ros2_iron/install/demo_nodes_cpp_native:/home/gurum/ros2_iron/install/demo_nodes_cpp:/home/gurum/ros2_iron/install/composition:/home/gurum/ros2_iron/install/actionlib_msgs:/home/gurum/ros2_iron/install/std_msgs:/home/gurum/ros2_iron/install/rqt_gui_cpp:/home/gurum/ros2_iron/install/rosbag2_test_common:/home/gurum/ros2_iron/install/ros2lifecycle_test_fixtures:/home/gurum/ros2_iron/install/rclcpp_lifecycle:/home/gurum/ros2_iron/install/action_tutorials_cpp:/home/gurum/ros2_iron/install/rclcpp_components:/home/gurum/ros2_iron/install/examples_rclcpp_minimal_action_server:/home/gurum/ros2_iron/install/examples_rclcpp_minimal_action_client:/home/gurum/ros2_iron/install/rclcpp_action:/home/gurum/ros2_iron/install/message_filters:/home/gurum/ros2_iron/install/examples_rclcpp_minimal_timer:/home/gurum/ros2_iron/install/examples_rclcpp_minimal_service:/home/gurum/ros2_iron/install/examples_rclcpp_minimal_client:/home/gurum/ros2_iron/install/examples_rclcpp_async_client:/home/gurum/ros2_iron/install/rclcpp:/home/gurum/ros2_iron/install/libstatistics_collector:/home/gurum/ros2_iron/install/statistics_msgs:/home/gurum/ros2_iron/install/sros2_cmake:/home/gurum/ros2_iron/install/rqt_py_common:/home/gurum/ros2_iron/install/ros_testing:/home/gurum/ros2_iron/install/rclpy:/home/gurum/ros2_iron/install/rosgraph_msgs:/home/gurum/ros2_iron/install/rosbag2_interfaces:/home/gurum/ros2_iron/install/ros2cli_test_interfaces:/home/gurum/ros2_iron/install/rcl_lifecycle:/home/gurum/ros2_iron/install/rcl_action:/home/gurum/ros2_iron/install/rcl:/home/gurum/ros2_iron/install/rmw_implementation:/home/gurum/ros2_iron/install/rmw_gurumdds_cpp:/home/gurum/ros2_iron/install/rmw_fastrtps_dynamic_cpp:/home/gurum/ros2_iron/install/rmw_fastrtps_cpp:/home/gurum/ros2_iron/install/rmw_fastrtps_shared_cpp:/home/gurum/ros2_iron/install/rmw_cyclonedds_cpp:/home/gurum/ros2_iron/install/rmw_connextddsmicro:/home/gurum/ros2_iron/install/rmw_connextdds:/home/gurum/ros2_iron/install/rmw_connextdds_common:/home/gurum/ros2_iron/install/rmw_dds_common:/home/gurum/ros2_iron/install/composition_interfaces:/home/gurum/ros2_iron/install/rcl_interfaces:/home/gurum/ros2_iron/install/pendulum_msgs:/home/gurum/ros2_iron/install/lifecycle_msgs:/home/gurum/ros2_iron/install/example_interfaces:/home/gurum/ros2_iron/install/action_tutorials_interfaces:/home/gurum/ros2_iron/install/rosidl_default_runtime:/home/gurum/ros2_iron/install/rosidl_default_generators:/home/gurum/ros2_iron/install/action_msgs:/home/gurum/ros2_iron/install/unique_identifier_msgs:/home/gurum/ros2_iron/install/ament_lint_common:/home/gurum/ros2_iron/install/ament_cmake_uncrustify:/home/gurum/ros2_iron/install/uncrustify_vendor:/home/gurum/ros2_iron/install/type_description_interfaces:/home/gurum/ros2_iron/install/tracetools:/home/gurum/ros2_iron/install/tlsf:/home/gurum/ros2_iron/install/tinyxml_vendor:/home/gurum/ros2_iron/install/qt_gui_core:/home/gurum/ros2_iron/install/qt_gui_cpp:/home/gurum/ros2_iron/install/pluginlib:/home/gurum/ros2_iron/install/tinyxml2_vendor:/home/gurum/ros2_iron/install/test_security:/home/gurum/ros2_iron/install/test_rmw_implementation:/home/gurum/ros2_iron/install/test_rclcpp:/home/gurum/ros2_iron/install/test_quality_of_service:/home/gurum/ros2_iron/install/test_launch_testing:/home/gurum/ros2_iron/install/test_interface_files:/home/gurum/ros2_iron/install/test_cli_remapping:/home/gurum/ros2_iron/install/test_cli:/home/gurum/ros2_iron/install/qt_gui_app:/home/gurum/ros2_iron/install/qt_gui:/home/gurum/ros2_iron/install/tango_icons_vendor:/home/gurum/ros2_iron/install/sqlite3_vendor:/home/gurum/ros2_iron/install/rcl_logging_spdlog:/home/gurum/ros2_iron/install/spdlog_vendor:/home/gurum/ros2_iron/install/shared_queues_vendor:/home/gurum/ros2_iron/install/service_msgs:/home/gurum/ros2_iron/install/rviz_rendering_tests:/home/gurum/ros2_iron/install/rviz_rendering:/home/gurum/ros2_iron/install/rviz_ogre_vendor:/home/gurum/ros2_iron/install/rviz_assimp_vendor:/home/gurum/ros2_iron/install/rttest:/home/gurum/ros2_iron/install/rti_connext_dds_cmake_module:/home/gurum/ros2_iron/install/builtin_interfaces:/home/gurum/ros2_iron/install/rosidl_core_runtime:/home/gurum/ros2_iron/install/rosidl_core_generators:/home/gurum/ros2_iron/install/rosidl_generator_py:/home/gurum/ros2_iron/install/rosidl_typesupport_tests:/home/gurum/ros2_iron/install/rosidl_typesupport_introspection_tests:/home/gurum/ros2_iron/install/rosidl_typesupport_cpp:/home/gurum/ros2_iron/install/rosidl_typesupport_introspection_cpp:/home/gurum/ros2_iron/install/rosidl_typesupport_c:/home/gurum/ros2_iron/install/rosidl_typesupport_introspection_c:/home/gurum/ros2_iron/install/rosidl_typesupport_fastrtps_c:/home/gurum/ros2_iron/install/rosidl_typesupport_fastrtps_cpp:/home/gurum/ros2_iron/install/rosidl_generator_cpp:/home/gurum/ros2_iron/install/rosidl_runtime_cpp:/home/gurum/ros2_iron/install/rosidl_dynamic_typesupport_fastrtps:/home/gurum/ros2_iron/install/rcl_yaml_param_parser:/home/gurum/ros2_iron/install/rmw:/home/gurum/ros2_iron/install/rosidl_dynamic_typesupport:/home/gurum/ros2_iron/install/rosidl_runtime_c:/home/gurum/ros2_iron/install/rosidl_generator_c:/home/gurum/ros2_iron/install/rosidl_typesupport_interface:/home/gurum/ros2_iron/install/rosidl_generator_dds_idl:/home/gurum/ros2_iron/install/rosidl_cmake:/home/gurum/ros2_iron/install/rosidl_generator_type_description:/home/gurum/ros2_iron/install/rosidl_parser:/home/gurum/ros2_iron/install/rosidl_generator_tests:/home/gurum/ros2_iron/install/rosidl_adapter:/home/gurum/ros2_iron/install/rosbag2_tests:/home/gurum/ros2_iron/install/rosbag2_test_msgdefs:/home/gurum/ros2_iron/install/ros_environment:/home/gurum/ros2_iron/install/rmw_implementation_cmake:/home/gurum/ros2_iron/install/resource_retriever:/home/gurum/ros2_iron/install/class_loader:/home/gurum/ros2_iron/install/rcpputils:/home/gurum/ros2_iron/install/rcl_logging_noop:/home/gurum/ros2_iron/install/rcl_logging_interface:/home/gurum/ros2_iron/install/rcutils:/home/gurum/ros2_iron/install/qt_gui_py_common:/home/gurum/ros2_iron/install/qt_dotgraph:/home/gurum/ros2_iron/install/python_qt_binding:/home/gurum/ros2_iron/install/python_orocos_kdl_vendor:/home/gurum/ros2_iron/install/launch_testing_ament_cmake:/home/gurum/ros2_iron/install/python_cmake_module:/home/gurum/ros2_iron/install/pybind11_vendor:/home/gurum/ros2_iron/install/performance_test_fixture:/home/gurum/ros2_iron/install/osrf_testing_tools_cpp:/home/gurum/ros2_iron/install/orocos_kdl_vendor:/home/gurum/ros2_iron/install/mimick_vendor:/home/gurum/ros2_iron/install/libyaml_vendor:/home/gurum/ros2_iron/install/libcurl_vendor:/home/gurum/ros2_iron/install/keyboard_handler:/home/gurum/ros2_iron/install/cyclonedds:/home/gurum/ros2_iron/install/iceoryx_posh:/home/gurum/ros2_iron/install/iceoryx_hoofs:/home/gurum/ros2_iron/install/iceoryx_binding_c:/home/gurum/ros2_iron/install/gurumdds_cmake_module:/home/gurum/ros2_iron/install/ament_cmake_ros:/home/gurum/ros2_iron/install/ament_cmake_gmock:/home/gurum/ros2_iron/install/gmock_vendor:/home/gurum/ros2_iron/install/ament_cmake_auto:/home/gurum/ros2_iron/install/ament_cmake_gtest:/home/gurum/ros2_iron/install/gtest_vendor:/home/gurum/ros2_iron/install/ament_cmake_google_benchmark:/home/gurum/ros2_iron/install/google_benchmark_vendor:/home/gurum/ros2_iron/install/fastrtps:/home/gurum/ros2_iron/install/foonathan_memory_vendor:/home/gurum/ros2_iron/install/fastrtps_cmake_module:/home/gurum/ros2_iron/install/fastcdr:/home/gurum/ros2_iron/install/eigen3_cmake_module:/home/gurum/ros2_iron/install/console_bridge_vendor:/home/gurum/ros2_iron/install/ament_cmake_xmllint:/home/gurum/ros2_iron/install/ament_cmake_pyflakes:/home/gurum/ros2_iron/install/ament_cmake_pycodestyle:/home/gurum/ros2_iron/install/ament_cmake_pep257:/home/gurum/ros2_iron/install/ament_cmake_pclint:/home/gurum/ros2_iron/install/ament_lint_auto:/home/gurum/ros2_iron/install/ament_cmake:/home/gurum/ros2_iron/install/ament_cmake_version:/home/gurum/ros2_iron/install/ament_cmake_vendor_package:/home/gurum/ros2_iron/install/ament_cmake_pytest:/home/gurum/ros2_iron/install/ament_cmake_mypy:/home/gurum/ros2_iron/install/ament_cmake_lint_cmake:/home/gurum/ros2_iron/install/ament_cmake_flake8:/home/gurum/ros2_iron/install/ament_cmake_cpplint:/home/gurum/ros2_iron/install/ament_cmake_cppcheck:/home/gurum/ros2_iron/install/ament_cmake_copyright:/home/gurum/ros2_iron/install/ament_cmake_clang_tidy:/home/gurum/ros2_iron/install/ament_cmake_clang_format:/home/gurum/ros2_iron/install/ament_cmake_test:/home/gurum/ros2_iron/install/ament_cmake_target_dependencies:/home/gurum/ros2_iron/install/ament_cmake_python:/home/gurum/ros2_iron/install/ament_cmake_export_dependencies:/home/gurum/ros2_iron/install/ament_cmake_libraries:/home/gurum/ros2_iron/install/ament_cmake_include_directories:/home/gurum/ros2_iron/install/ament_cmake_gen_version_h:/home/gurum/ros2_iron/install/ament_cmake_export_targets:/home/gurum/ros2_iron/install/ament_cmake_export_link_flags:/home/gurum/ros2_iron/install/ament_cmake_export_interfaces:/home/gurum/ros2_iron/install/ament_cmake_export_libraries:/home/gurum/ros2_iron/install/ament_cmake_export_include_directories:/home/gurum/ros2_iron/install/ament_cmake_export_definitions:/home/gurum/ros2_iron/install/ament_cmake_core:/home/gurum/ros2_iron/install/ament_index_cpp:/home/gurum/ros2_iron/install/rqt_bag_plugins:/home/gurum/ros2_iron/install/rqt_bag:/home/gurum/ros2_iron/install/rosbag2_examples_py:/home/gurum/ros2_iron/install/launch_testing_examples:/home/gurum/ros2_iron/install/ros2bag:/home/gurum/ros2_iron/install/tracetools_test:/home/gurum/ros2_iron/install/tracetools_launch:/home/gurum/ros2_iron/install/topic_monitor:/home/gurum/ros2_iron/install/tf2_tools:/home/gurum/ros2_iron/install/examples_tf2_py:/home/gurum/ros2_iron/install/tf2_ros_py:/home/gurum/ros2_iron/install/examples_rclpy_pointcloud_publisher:/home/gurum/ros2_iron/install/sensor_msgs_py:/home/gurum/ros2_iron/install/quality_of_service_demo_py:/home/gurum/ros2_iron/install/rqt_plot:/home/gurum/ros2_iron/install/ros2doctor:/home/gurum/ros2_iron/install/lifecycle_py:/home/gurum/ros2_iron/install/examples_rclpy_minimal_subscriber:/home/gurum/ros2_iron/install/examples_rclpy_minimal_service:/home/gurum/ros2_iron/install/examples_rclpy_minimal_publisher:/home/gurum/ros2_iron/install/examples_rclpy_minimal_client:/home/gurum/ros2_iron/install/examples_rclpy_executors:/home/gurum/ros2_iron/install/demo_nodes_py:/home/gurum/ros2_iron/install/rqt:/home/gurum/ros2_iron/install/ros2component:/home/gurum/ros2_iron/install/sros2:/home/gurum/ros2_iron/install/rqt_topic:/home/gurum/ros2_iron/install/rqt_srv:/home/gurum/ros2_iron/install/rqt_shell:/home/gurum/ros2_iron/install/rqt_service_caller:/home/gurum/ros2_iron/install/rqt_reconfigure:/home/gurum/ros2_iron/install/rqt_py_console:/home/gurum/ros2_iron/install/rqt_publisher:/home/gurum/ros2_iron/install/rqt_action:/home/gurum/ros2_iron/install/rqt_msg:/home/gurum/ros2_iron/install/rqt_console:/home/gurum/ros2_iron/install/rqt_graph:/home/gurum/ros2_iron/install/rqt_gui_py:/home/gurum/ros2_iron/install/rqt_gui:/home/gurum/ros2_iron/install/ros2trace:/home/gurum/ros2_iron/install/ros2topic:/home/gurum/ros2_iron/install/ros2test:/home/gurum/ros2_iron/install/ros2param:/home/gurum/ros2_iron/install/ros2lifecycle:/home/gurum/ros2_iron/install/ros2service:/home/gurum/ros2_iron/install/ros2run:/home/gurum/ros2_iron/install/ros2launch:/home/gurum/ros2_iron/install/ros2pkg:/home/gurum/ros2_iron/install/ros2node:/home/gurum/ros2_iron/install/ros2multicast:/home/gurum/ros2_iron/install/ros2interface:/home/gurum/ros2_iron/install/ros2action:/home/gurum/ros2_iron/install/ros2cli:/home/gurum/ros2_iron/install/launch_testing_ros:/home/gurum/ros2_iron/install/launch_ros:/home/gurum/ros2_iron/install/examples_rclpy_minimal_action_server:/home/gurum/ros2_iron/install/examples_rclpy_minimal_action_client:/home/gurum/ros2_iron/install/examples_rclpy_guard_conditions:/home/gurum/ros2_iron/install/action_tutorials_py:/home/gurum/ros2_iron/install/ament_uncrustify:/home/gurum/ros2_iron/install/tracetools_trace:/home/gurum/ros2_iron/install/tracetools_read:/home/gurum/ros2_iron/install/test_tracetools_launch:/home/gurum/ros2_iron/install/test_ros2trace:/home/gurum/ros2_iron/install/test_launch_ros:/home/gurum/ros2_iron/install/rpyutils:/home/gurum/ros2_iron/install/rosidl_runtime_py:/home/gurum/ros2_iron/install/rosidl_pycommon:/home/gurum/ros2_iron/install/rosidl_cli:/home/gurum/ros2_iron/install/launch_pytest:/home/gurum/ros2_iron/install/launch_testing:/home/gurum/ros2_iron/install/launch_yaml:/home/gurum/ros2_iron/install/launch_xml:/home/gurum/ros2_iron/install/launch:/home/gurum/ros2_iron/install/osrf_pycommon:/home/gurum/ros2_iron/install/domain_coordinator:/home/gurum/ros2_iron/install/ament_xmllint:/home/gurum/ros2_iron/install/ament_pyflakes:/home/gurum/ros2_iron/install/ament_pycodestyle:/home/gurum/ros2_iron/install/ament_pep257:/home/gurum/ros2_iron/install/ament_pclint:/home/gurum/ros2_iron/install/ament_package:/home/gurum/ros2_iron/install/ament_mypy:/home/gurum/ros2_iron/install/ament_lint_cmake:/home/gurum/ros2_iron/install/ament_flake8:/home/gurum/ros2_iron/install/ament_copyright:/home/gurum/ros2_iron/install/ament_lint:/home/gurum/ros2_iron/install/ament_index_python:/home/gurum/ros2_iron/install/ament_cpplint:/home/gurum/ros2_iron/install/ament_cppcheck:/home/gurum/ros2_iron/install/ament_clang_tidy:/home/gurum/ros2_iron/install/ament_clang_format _=/usr/bin/env /usr/bin/cmake --build /home/gurum/ros2_iron/src/ros2/rmw_gurumdds/build/rmw_gurumdds_cpp -- -j16 -l16
