[35m[1mConsolidate compiler generated dependencies of target rmw_gurumdds_cpp[0m
[  2%] [32mBuilding CXX object CMakeFiles/rmw_gurumdds_cpp.dir/src/qos.cpp.o[0m
/home/gurum/gurumnet/rmw_gurumdds/rmw_gurumdds_cpp/src/qos.cpp: In instantiation of â€˜[01m[Kbool set_entity_qos_from_profile_generic(const rmw_qos_profile_t*, const rosidl_type_hash_t&, dds_EntityQos*) [with dds_EntityQos = dds_DataWriterQos; rmw_qos_profile_t = rmw_qos_profile_s; rosidl_type_hash_t = rosidl_type_hash_s][m[Kâ€™:
[01m[K/home/gurum/gurumnet/rmw_gurumdds/rmw_gurumdds_cpp/src/qos.cpp:179:38:[m[K   required from here
[01m[K/home/gurum/gurumnet/rmw_gurumdds/rmw_gurumdds_cpp/src/qos.cpp:156:25:[m[K [01;31m[Kerror: [m[Kâ€˜[01m[Kstruct dds_UserDataQosPolicy[m[Kâ€™ has no member named â€˜[01m[Kresize[m[Kâ€™; did you mean â€˜[01m[Ksize[m[Kâ€™?
  156 |   [01;31m[Kentity_qos->user_data.resize[m[K(user_data.size());
      |   [01;31m[K~~~~~~~~~~~~~~~~~~~~~~^~~~~~[m[K
      |   [32m[Ksize[m[K
[01m[K/home/gurum/gurumnet/rmw_gurumdds/rmw_gurumdds_cpp/src/qos.cpp:157:25:[m[K [01;31m[Kerror: [m[Kâ€˜[01m[Kstruct dds_UserDataQosPolicy[m[Kâ€™ has no member named â€˜[01m[KsetValue[m[Kâ€™
  157 |   [01;31m[Kentity_qos->user_data.setValue[m[K(user_data);
      |   [01;31m[K~~~~~~~~~~~~~~~~~~~~~~^~~~~~~~[m[K
/home/gurum/gurumnet/rmw_gurumdds/rmw_gurumdds_cpp/src/qos.cpp: In instantiation of â€˜[01m[Kbool set_entity_qos_from_profile_generic(const rmw_qos_profile_t*, const rosidl_type_hash_t&, dds_EntityQos*) [with dds_EntityQos = dds_DataReaderQos; rmw_qos_profile_t = rmw_qos_profile_s; rosidl_type_hash_t = rosidl_type_hash_s][m[Kâ€™:
[01m[K/home/gurum/gurumnet/rmw_gurumdds/rmw_gurumdds_cpp/src/qos.cpp:196:38:[m[K   required from here
[01m[K/home/gurum/gurumnet/rmw_gurumdds/rmw_gurumdds_cpp/src/qos.cpp:156:25:[m[K [01;31m[Kerror: [m[Kâ€˜[01m[Kstruct dds_UserDataQosPolicy[m[Kâ€™ has no member named â€˜[01m[Kresize[m[Kâ€™; did you mean â€˜[01m[Ksize[m[Kâ€™?
  156 |   [01;31m[Kentity_qos->user_data.resize[m[K(user_data.size());
      |   [01;31m[K~~~~~~~~~~~~~~~~~~~~~~^~~~~~[m[K
      |   [32m[Ksize[m[K
[01m[K/home/gurum/gurumnet/rmw_gurumdds/rmw_gurumdds_cpp/src/qos.cpp:157:25:[m[K [01;31m[Kerror: [m[Kâ€˜[01m[Kstruct dds_UserDataQosPolicy[m[Kâ€™ has no member named â€˜[01m[KsetValue[m[Kâ€™
  157 |   [01;31m[Kentity_qos->user_data.setValue[m[K(user_data);
      |   [01;31m[K~~~~~~~~~~~~~~~~~~~~~~^~~~~~~~[m[K
gmake[2]: *** [CMakeFiles/rmw_gurumdds_cpp.dir/build.make:174: CMakeFiles/rmw_gurumdds_cpp.dir/src/qos.cpp.o] Error 1
gmake[1]: *** [CMakeFiles/Makefile2:137: CMakeFiles/rmw_gurumdds_cpp.dir/all] Error 2
gmake: *** [Makefile:146: all] Error 2
