-- Found ament_cmake_ros: 0.11.2 (/home/gurum/ros2_iron/install/ament_cmake_ros/share/ament_cmake_ros/cmake)
-- Override CMake install command with custom implementation using symlinks instead of copying resources
-- Found rcpputils: 2.6.1 (/home/gurum/ros2_iron/install/rcpputils/share/rcpputils/cmake)
-- Found gurumdds_cmake_module: 5.0.0 (/home/gurum/ros2_iron/src/ros2/rmw_gurumdds/install/gurumdds_cmake_module/share/gurumdds_cmake_module/cmake)
-- Found GurumDDS:/usr/share/gurumdds/cmake/../../..
-- Found rosidl_typesupport_introspection_c: 4.0.0 (/home/gurum/ros2_iron/install/rosidl_typesupport_introspection_c/share/rosidl_typesupport_introspection_c/cmake)
-- Found rosidl_typesupport_introspection_cpp: 4.0.0 (/home/gurum/ros2_iron/install/rosidl_typesupport_introspection_cpp/share/rosidl_typesupport_introspection_cpp/cmake)
-- Found rmw: 7.1.0 (/home/gurum/ros2_iron/install/rmw/share/rmw/cmake)
-- Found rmw_dds_common: 2.0.1 (/home/gurum/ros2_iron/install/rmw_dds_common/share/rmw_dds_common/cmake)
-- Using all available rosidl_typesupport_c: rosidl_typesupport_introspection_c;rosidl_typesupport_fastrtps_c
-- Using all available rosidl_typesupport_cpp: rosidl_typesupport_introspection_cpp;rosidl_typesupport_fastrtps_cpp
-- Found ament_lint_auto: 0.14.1 (/home/gurum/ros2_iron/install/ament_lint_auto/share/ament_lint_auto/cmake)
-- Added test 'copyright' to check source files copyright and LICENSE
-- Added test 'cppcheck' to perform static code analysis on C / C++ code
-- Configured cppcheck include dirs: /home/gurum/ros2_iron/src/ros2/rmw_gurumdds/rmw_gurumdds_cpp/include
-- Configured cppcheck exclude dirs and/or files: 
-- Added test 'cpplint' to check C / C++ code against the Google style
-- Configured cpplint exclude dirs and/or files: 
-- Added test 'lint_cmake' to check CMake code style
-- Added test 'uncrustify' to check C / C++ code style
-- Configured uncrustify additional arguments: 
-- Added test 'xmllint' to check XML markup files
-- Configuring done
-- Generating done
-- Build files have been written to: /home/gurum/ros2_iron/src/ros2/rmw_gurumdds/build/rmw_gurumdds_cpp
[35m[1mConsolidate compiler generated dependencies of target rmw_gurumdds_cpp[0m
[  5%] [32mBuilding CXX object CMakeFiles/rmw_gurumdds_cpp.dir/src/names_and_types_helpers.cpp.o[0m
[  8%] [32mBuilding CXX object CMakeFiles/rmw_gurumdds_cpp.dir/src/rmw_client.cpp.o[0m
[ 10%] [32mBuilding CXX object CMakeFiles/rmw_gurumdds_cpp.dir/src/get_entities.cpp.o[0m
[ 13%] [32mBuilding CXX object CMakeFiles/rmw_gurumdds_cpp.dir/src/rmw_init.cpp.o[0m
[ 16%] [32mBuilding CXX object CMakeFiles/rmw_gurumdds_cpp.dir/src/rmw_logging.cpp.o[0m
[ 16%] [32mBuilding CXX object CMakeFiles/rmw_gurumdds_cpp.dir/src/demangle.cpp.o[0m
[ 18%] [32mBuilding CXX object CMakeFiles/rmw_gurumdds_cpp.dir/src/rmw_node_info_and_types.cpp.o[0m
[ 21%] [32mBuilding CXX object CMakeFiles/rmw_gurumdds_cpp.dir/src/rmw_node.cpp.o[0m
[ 24%] [32mBuilding CXX object CMakeFiles/rmw_gurumdds_cpp.dir/src/rmw_publisher.cpp.o[0m
[ 27%] [32mBuilding CXX object CMakeFiles/rmw_gurumdds_cpp.dir/src/rmw_count.cpp.o[0m
[ 29%] [32mBuilding CXX object CMakeFiles/rmw_gurumdds_cpp.dir/src/rmw_service.cpp.o[0m
[ 32%] [32mBuilding CXX object CMakeFiles/rmw_gurumdds_cpp.dir/src/rmw_subscription.cpp.o[0m
[ 35%] [32mBuilding CXX object CMakeFiles/rmw_gurumdds_cpp.dir/src/rmw_topic_names_and_types.cpp.o[0m
[ 40%] [32mBuilding CXX object CMakeFiles/rmw_gurumdds_cpp.dir/src/rmw_get_topic_endpoint_info.cpp.o[0m
[ 40%] [32mBuilding CXX object CMakeFiles/rmw_gurumdds_cpp.dir/src/rmw_service_names_and_types.cpp.o[0m
[ 43%] [32mBuilding CXX object CMakeFiles/rmw_gurumdds_cpp.dir/src/rmw_context_impl.cpp.o[0m
[ 45%] [32mBuilding CXX object CMakeFiles/rmw_gurumdds_cpp.dir/src/context_listener_thread.cpp.o[0m
[ 48%] [32mBuilding CXX object CMakeFiles/rmw_gurumdds_cpp.dir/src/graph_cache.cpp.o[0m
[ 51%] [32mBuilding CXX object CMakeFiles/rmw_gurumdds_cpp.dir/src/types.cpp.o[0m
[01m[K/home/gurum/ros2_iron/src/ros2/rmw_gurumdds/rmw_gurumdds_cpp/src/graph_cache.cpp:[m[K In function â€˜[01m[Krmw_ret_t graph_cache_initialize(rmw_context_impl_t*)[m[Kâ€™:
[01m[K/home/gurum/ros2_iron/src/ros2/rmw_gurumdds/rmw_gurumdds_cpp/src/graph_cache.cpp:340:12:[m[K [01;31m[Kerror: [m[Kcannot convert â€˜[01m[Kstd::nullptr_t[m[Kâ€™ to â€˜[01m[Krmw_ret_t[m[Kâ€™ {aka â€˜[01m[Kint[m[Kâ€™} in return
  340 |     return [01;31m[Knullptr[m[K;
      |            [01;31m[K^~~~~~~[m[K
[01m[K/home/gurum/ros2_iron/src/ros2/rmw_gurumdds/rmw_gurumdds_cpp/src/graph_cache.cpp:354:84:[m[K [01;31m[Kerror: [m[Kâ€˜[01m[Kname[m[Kâ€™ was not declared in this scope; did you mean â€˜[01m[Krosidl_generator_traits::name[m[Kâ€™?
  354 |   node_handle->name = static_cast<const char *>(rmw_allocate(sizeof(char) * strlen([01;31m[Kname[m[K) + 1));
      |                                                                                    [01;31m[K^~~~[m[K
      |                                                                                    [32m[Krosidl_generator_traits::name[m[K
In file included from [01m[K/home/gurum/ros2_iron/build/rmw_dds_common/rosidl_generator_cpp/rmw_dds_common/msg/detail/gid__traits.hpp:15[m[K,
                 from [01m[K/home/gurum/ros2_iron/build/rmw_dds_common/rosidl_generator_cpp/rmw_dds_common/msg/gid.hpp:9[m[K,
                 from [01m[K/home/gurum/ros2_iron/install/rmw_dds_common/include/rmw_dds_common/rmw_dds_common/gid_utils.hpp:21[m[K,
                 from [01m[K/home/gurum/ros2_iron/install/rmw_dds_common/include/rmw_dds_common/rmw_dds_common/graph_cache.hpp:33[m[K,
                 from [01m[K/home/gurum/ros2_iron/install/rmw_dds_common/include/rmw_dds_common/rmw_dds_common/context.hpp:24[m[K,
                 from [01m[K/home/gurum/ros2_iron/src/ros2/rmw_gurumdds/rmw_gurumdds_cpp/include/rmw_gurumdds_cpp/rmw_context_impl.hpp:37[m[K,
                 from [01m[K/home/gurum/ros2_iron/src/ros2/rmw_gurumdds/rmw_gurumdds_cpp/src/graph_cache.cpp:25[m[K:
[01m[K/home/gurum/ros2_iron/src/ros2/rosidl/rosidl_runtime_cpp/include/rosidl_runtime_cpp/traits.hpp:156:21:[m[K [01;36m[Knote: [m[Kâ€˜[01m[Krosidl_generator_traits::name[m[Kâ€™ declared here
  156 | inline const char * [01;36m[Kname[m[K();
      |                     [01;36m[K^~~~[m[K
[01m[K/home/gurum/ros2_iron/src/ros2/rmw_gurumdds/rmw_gurumdds_cpp/src/graph_cache.cpp:357:12:[m[K [01;31m[Kerror: [m[Kcannot convert â€˜[01m[Kstd::nullptr_t[m[Kâ€™ to â€˜[01m[Krmw_ret_t[m[Kâ€™ {aka â€˜[01m[Kint[m[Kâ€™} in return
  357 |     return [01;31m[Knullptr[m[K;
      |            [01;31m[K^~~~~~~[m[K
[01m[K/home/gurum/ros2_iron/src/ros2/rmw_gurumdds/rmw_gurumdds_cpp/src/graph_cache.cpp:362:66:[m[K [01;31m[Kerror: [m[Kâ€˜[01m[Knamespace_[m[Kâ€™ was not declared in this scope
  362 |     static_cast<const char *>(rmw_allocate(sizeof(char) * strlen([01;31m[Knamespace_[m[K) + 1));
      |                                                                  [01;31m[K^~~~~~~~~~[m[K
[01m[K/home/gurum/ros2_iron/src/ros2/rmw_gurumdds/rmw_gurumdds_cpp/src/graph_cache.cpp:365:12:[m[K [01;31m[Kerror: [m[Kcannot convert â€˜[01m[Kstd::nullptr_t[m[Kâ€™ to â€˜[01m[Krmw_ret_t[m[Kâ€™ {aka â€˜[01m[Kint[m[Kâ€™} in return
  365 |     return [01;31m[Knullptr[m[K;
      |            [01;31m[K^~~~~~~[m[K
[01m[K/home/gurum/ros2_iron/src/ros2/rmw_gurumdds/rmw_gurumdds_cpp/src/graph_cache.cpp:369:44:[m[K [01;31m[Kerror: [m[Kâ€˜[01m[Kimplementation_identifier[m[Kâ€™ was not declared in this scope; did you mean â€˜[01m[Krmw_get_implementation_identifier[m[Kâ€™?
  369 |   node_handle->implementation_identifier = [01;31m[Kimplementation_identifier[m[K;
      |                                            [01;31m[K^~~~~~~~~~~~~~~~~~~~~~~~~[m[K
      |                                            [32m[Krmw_get_implementation_identifier[m[K
[01m[K/home/gurum/ros2_iron/src/ros2/rmw_gurumdds/rmw_gurumdds_cpp/src/graph_cache.cpp:371:26:[m[K [01;31m[Kerror: [m[Kâ€˜[01m[Kcontext[m[Kâ€™ was not declared in this scope
  371 |   node_handle->context = [01;31m[Kcontext[m[K;
      |                          [01;31m[K^~~~~~~[m[K
gmake[2]: *** [CMakeFiles/rmw_gurumdds_cpp.dir/build.make:524: CMakeFiles/rmw_gurumdds_cpp.dir/src/graph_cache.cpp.o] Error 1
gmake[2]: *** Waiting for unfinished jobs....
gmake[1]: *** [CMakeFiles/Makefile2:137: CMakeFiles/rmw_gurumdds_cpp.dir/all] Error 2
gmake: *** [Makefile:146: all] Error 2
