[35m[1mConsolidate compiler generated dependencies of target rmw_gurumdds_cpp[0m
[  2%] [32mBuilding CXX object CMakeFiles/rmw_gurumdds_cpp.dir/src/qos.cpp.o[0m
[01m[K/home/gurum/gurumnet/rmw_gurumdds/rmw_gurumdds_cpp/src/qos.cpp:[m[K In function â€˜[01m[Kbool set_entity_qos_from_profile_generic(const rmw_qos_profile_t*, const rosidl_type_hash_t&, dds_EntityQos*)[m[Kâ€™:
[01m[K/home/gurum/gurumnet/rmw_gurumdds/rmw_gurumdds_cpp/src/qos.cpp:143:37:[m[K [01;31m[Kerror: [m[Kâ€˜[01m[Kencode_type_hash_for_user_data_qos[m[Kâ€™ is not a member of â€˜[01m[Krmw_dds_common[m[Kâ€™
  143 |   if (RMW_RET_OK != rmw_dds_common::[01;31m[Kencode_type_hash_for_user_data_qos[m[K(type_hash, user_data_str)) {
      |                                     [01;31m[K^~~~~~~~~~~~~~~~~~~~~~~~~~~~~~~~~~[m[K
[01m[K/home/gurum/gurumnet/rmw_gurumdds/rmw_gurumdds_cpp/src/qos.cpp:144:5:[m[K [01;31m[Kerror: [m[Kthere are no arguments to â€˜[01m[KRCUTILS_LOG_WARN_NAMED[m[Kâ€™ that depend on a template parameter, so a declaration of â€˜[01m[KRCUTILS_LOG_WARN_NAMED[m[Kâ€™ must be available [[01;31m[K]8;;https://gcc.gnu.org/onlinedocs/gcc/Warning-Options.html#index-fpermissive-fpermissive]8;;[m[K]
  144 |     [01;31m[KRCUTILS_LOG_WARN_NAMED[m[K(
      |     [01;31m[K^~~~~~~~~~~~~~~~~~~~~~[m[K
[01m[K/home/gurum/gurumnet/rmw_gurumdds/rmw_gurumdds_cpp/src/qos.cpp:144:5:[m[K [01;36m[Knote: [m[K(if you use â€˜[01m[K-fpermissive[m[Kâ€™, G++ will accept your code, but allowing the use of an undeclared name is deprecated)
[01m[K/home/gurum/gurumnet/rmw_gurumdds/rmw_gurumdds_cpp/src/qos.cpp:152:8:[m[K [01;31m[Kerror: [m[Kâ€˜[01m[Kvector[m[Kâ€™ is not a member of â€˜[01m[Kstd[m[Kâ€™
  152 |   std::[01;31m[Kvector[m[K<uint8_t> user_data(user_data_str.begin(), user_data_str.end());
      |        [01;31m[K^~~~~~[m[K
[01m[K/home/gurum/gurumnet/rmw_gurumdds/rmw_gurumdds_cpp/src/qos.cpp:23:1:[m[K [01;36m[Knote: [m[Kâ€˜[01m[Kstd::vector[m[Kâ€™ is defined in header â€˜[01m[K<vector>[m[Kâ€™; did you forget to â€˜[01m[K#include <vector>[m[Kâ€™?
   22 | #include "rmw_gurumdds_cpp/qos.hpp"
  +++ |+[32m[K#include <vector>[m[K
   23 | 
[01m[K/home/gurum/gurumnet/rmw_gurumdds/rmw_gurumdds_cpp/src/qos.cpp:152:22:[m[K [01;31m[Kerror: [m[Kexpected primary-expression before â€˜[01m[K>[m[Kâ€™ token
  152 |   std::vector<uint8_t[01;31m[K>[m[K user_data(user_data_str.begin(), user_data_str.end());
      |                      [01;31m[K^[m[K
[01m[K/home/gurum/gurumnet/rmw_gurumdds/rmw_gurumdds_cpp/src/qos.cpp:152:24:[m[K [01;31m[Kerror: [m[Kthere are no arguments to â€˜[01m[Kuser_data[m[Kâ€™ that depend on a template parameter, so a declaration of â€˜[01m[Kuser_data[m[Kâ€™ must be available [[01;31m[K]8;;https://gcc.gnu.org/onlinedocs/gcc/Warning-Options.html#index-fpermissive-fpermissive]8;;[m[K]
  152 |   std::vector<uint8_t> [01;31m[Kuser_data[m[K(user_data_str.begin(), user_data_str.end());
      |                        [01;31m[K^~~~~~~~~[m[K
[01m[K/home/gurum/gurumnet/rmw_gurumdds/rmw_gurumdds_cpp/src/qos.cpp:153:33:[m[K [01;31m[Kerror: [m[Kâ€˜[01m[Kuser_data[m[Kâ€™ was not declared in this scope; did you mean â€˜[01m[Kuser_data_str[m[Kâ€™?
  153 |   entity_qos.user_data().resize([01;31m[Kuser_data[m[K.size());
      |                                 [01;31m[K^~~~~~~~~[m[K
      |                                 [32m[Kuser_data_str[m[K
/home/gurum/gurumnet/rmw_gurumdds/rmw_gurumdds_cpp/src/qos.cpp: In instantiation of â€˜[01m[Kbool set_entity_qos_from_profile_generic(const rmw_qos_profile_t*, const rosidl_type_hash_t&, dds_EntityQos*) [with dds_EntityQos = dds_DataWriterQos; rmw_qos_profile_t = rmw_qos_profile_s; rosidl_type_hash_t = rosidl_type_hash_s][m[Kâ€™:
[01m[K/home/gurum/gurumnet/rmw_gurumdds/rmw_gurumdds_cpp/src/qos.cpp:176:38:[m[K   required from here
[01m[K/home/gurum/gurumnet/rmw_gurumdds/rmw_gurumdds_cpp/src/qos.cpp:144:27:[m[K [01;31m[Kerror: [m[Kâ€˜[01m[KRCUTILS_LOG_WARN_NAMED[m[Kâ€™ was not declared in this scope; did you mean â€˜[01m[KRCUTILS_WARN_UNUSED[m[Kâ€™?
  144 |     [01;31m[KRCUTILS_LOG_WARN_NAMED([m[K
      |     [01;31m[K~~~~~~~~~~~~~~~~~~~~~~^[m[K
  145 | [01;31m[K      "rmw_gurumdds_cpp",[m[K
      |       [01;31m[K~~~~~~~~~~~~~~~~~~~[m[K  
  146 | [01;31m[K      "Failed to encode type hash for topic, will not distribute it in USER_DATA.")[m[K;
      |       [01;31m[K~~~~~~~~~~~~~~~~~~~~~~~~~~~~~~~~~~~~~~~~~~~~~~~~~~~~~~~~~~~~~~~~~~~~~~~~~~~~~[m[K
[01m[K/home/gurum/gurumnet/rmw_gurumdds/rmw_gurumdds_cpp/src/qos.cpp:152:33:[m[K [01;31m[Kerror: [m[Kâ€˜[01m[Kuser_data[m[Kâ€™ was not declared in this scope; did you mean â€˜[01m[Kuser_data_str[m[Kâ€™?
  152 |   std::vector<uint8_t> [01;31m[Kuser_data(user_data_str.begin(), user_data_str.end())[m[K;
      |                        [01;31m[K~~~~~~~~~^~~~~~~~~~~~~~~~~~~~~~~~~~~~~~~~~~~~~~~~~~~~[m[K
      |                        [32m[Kuser_data_str[m[K
[01m[K/home/gurum/gurumnet/rmw_gurumdds/rmw_gurumdds_cpp/src/qos.cpp:153:14:[m[K [01;31m[Kerror: [m[Krequest for member â€˜[01m[Kuser_data[m[Kâ€™ in â€˜[01m[Kentity_qos[m[Kâ€™, which is of pointer type â€˜[01m[Kdds_DataWriterQos*[m[Kâ€™ (maybe you meant to use â€˜[01m[K->[m[Kâ€™ ?)
  153 |   [01;31m[Kentity_qos.user_data[m[K().resize(user_data.size());
      |   [01;31m[K~~~~~~~~~~~^~~~~~~~~[m[K
[01m[K/home/gurum/gurumnet/rmw_gurumdds/rmw_gurumdds_cpp/src/qos.cpp:154:14:[m[K [01;31m[Kerror: [m[Krequest for member â€˜[01m[Kuser_data[m[Kâ€™ in â€˜[01m[Kentity_qos[m[Kâ€™, which is of pointer type â€˜[01m[Kdds_DataWriterQos*[m[Kâ€™ (maybe you meant to use â€˜[01m[K->[m[Kâ€™ ?)
  154 |   [01;31m[Kentity_qos.user_data[m[K().setValue(user_data);
      |   [01;31m[K~~~~~~~~~~~^~~~~~~~~[m[K
/home/gurum/gurumnet/rmw_gurumdds/rmw_gurumdds_cpp/src/qos.cpp: In instantiation of â€˜[01m[Kbool set_entity_qos_from_profile_generic(const rmw_qos_profile_t*, const rosidl_type_hash_t&, dds_EntityQos*) [with dds_EntityQos = dds_DataReaderQos; rmw_qos_profile_t = rmw_qos_profile_s; rosidl_type_hash_t = rosidl_type_hash_s][m[Kâ€™:
[01m[K/home/gurum/gurumnet/rmw_gurumdds/rmw_gurumdds_cpp/src/qos.cpp:193:38:[m[K   required from here
[01m[K/home/gurum/gurumnet/rmw_gurumdds/rmw_gurumdds_cpp/src/qos.cpp:144:27:[m[K [01;31m[Kerror: [m[Kâ€˜[01m[KRCUTILS_LOG_WARN_NAMED[m[Kâ€™ was not declared in this scope; did you mean â€˜[01m[KRCUTILS_WARN_UNUSED[m[Kâ€™?
  144 |     [01;31m[KRCUTILS_LOG_WARN_NAMED([m[K
      |     [01;31m[K~~~~~~~~~~~~~~~~~~~~~~^[m[K
  145 | [01;31m[K      "rmw_gurumdds_cpp",[m[K
      |       [01;31m[K~~~~~~~~~~~~~~~~~~~[m[K  
  146 | [01;31m[K      "Failed to encode type hash for topic, will not distribute it in USER_DATA.")[m[K;
      |       [01;31m[K~~~~~~~~~~~~~~~~~~~~~~~~~~~~~~~~~~~~~~~~~~~~~~~~~~~~~~~~~~~~~~~~~~~~~~~~~~~~~[m[K
[01m[K/home/gurum/gurumnet/rmw_gurumdds/rmw_gurumdds_cpp/src/qos.cpp:152:33:[m[K [01;31m[Kerror: [m[Kâ€˜[01m[Kuser_data[m[Kâ€™ was not declared in this scope; did you mean â€˜[01m[Kuser_data_str[m[Kâ€™?
  152 |   std::vector<uint8_t> [01;31m[Kuser_data(user_data_str.begin(), user_data_str.end())[m[K;
      |                        [01;31m[K~~~~~~~~~^~~~~~~~~~~~~~~~~~~~~~~~~~~~~~~~~~~~~~~~~~~~[m[K
      |                        [32m[Kuser_data_str[m[K
[01m[K/home/gurum/gurumnet/rmw_gurumdds/rmw_gurumdds_cpp/src/qos.cpp:153:14:[m[K [01;31m[Kerror: [m[Krequest for member â€˜[01m[Kuser_data[m[Kâ€™ in â€˜[01m[Kentity_qos[m[Kâ€™, which is of pointer type â€˜[01m[Kdds_DataReaderQos*[m[Kâ€™ (maybe you meant to use â€˜[01m[K->[m[Kâ€™ ?)
  153 |   [01;31m[Kentity_qos.user_data[m[K().resize(user_data.size());
      |   [01;31m[K~~~~~~~~~~~^~~~~~~~~[m[K
[01m[K/home/gurum/gurumnet/rmw_gurumdds/rmw_gurumdds_cpp/src/qos.cpp:154:14:[m[K [01;31m[Kerror: [m[Krequest for member â€˜[01m[Kuser_data[m[Kâ€™ in â€˜[01m[Kentity_qos[m[Kâ€™, which is of pointer type â€˜[01m[Kdds_DataReaderQos*[m[Kâ€™ (maybe you meant to use â€˜[01m[K->[m[Kâ€™ ?)
  154 |   [01;31m[Kentity_qos.user_data[m[K().setValue(user_data);
      |   [01;31m[K~~~~~~~~~~~^~~~~~~~~[m[K
gmake[2]: *** [CMakeFiles/rmw_gurumdds_cpp.dir/build.make:174: CMakeFiles/rmw_gurumdds_cpp.dir/src/qos.cpp.o] Error 1
gmake[1]: *** [CMakeFiles/Makefile2:137: CMakeFiles/rmw_gurumdds_cpp.dir/all] Error 2
gmake: *** [Makefile:146: all] Error 2
