[01m[K/home/gurum/ros2_iron/src/ros2/rmw_gurumdds/rmw_gurumdds_cpp/src/graph_cache.cpp:[m[K In function â€˜[01m[Krmw_ret_t graph_cache_initialize(rmw_context_impl_t*)[m[Kâ€™:
[01m[K/home/gurum/ros2_iron/src/ros2/rmw_gurumdds/rmw_gurumdds_cpp/src/graph_cache.cpp:375:37:[m[K [01;31m[Kerror: [m[Kconversion from â€˜[01m[Krmw_context_t*[m[Kâ€™ {aka â€˜[01m[Krmw_context_s*[m[Kâ€™} to non-scalar type â€˜[01m[Krmw_context_impl_t[m[Kâ€™ {aka â€˜[01m[Krmw_context_impl_s[m[Kâ€™} requested
  375 |   rmw_context_impl_t context = [01;31m[Kctx->base[m[K;
      |                                [01;31m[K~~~~~^~~~[m[K
[01m[K/home/gurum/ros2_iron/src/ros2/rmw_gurumdds/rmw_gurumdds_cpp/src/graph_cache.cpp:376:51:[m[K [01;31m[Kerror: [m[Kbase operand of â€˜[01m[K->[m[Kâ€™ has non-pointer type â€˜[01m[Krmw_context_impl_t[m[Kâ€™ {aka â€˜[01m[Krmw_context_impl_s[m[Kâ€™}
  376 |   node_handle->implementation_identifier = context[01;31m[K->[m[Kimplementation_identifier;
      |                                                   [01;31m[K^~[m[K
[01m[K/home/gurum/ros2_iron/src/ros2/rmw_gurumdds/rmw_gurumdds_cpp/src/graph_cache.cpp:378:26:[m[K [01;31m[Kerror: [m[Kcannot convert â€˜[01m[Krmw_context_impl_t[m[Kâ€™ {aka â€˜[01m[Krmw_context_impl_s[m[Kâ€™} to â€˜[01m[Krmw_context_t*[m[Kâ€™ {aka â€˜[01m[Krmw_context_s*[m[Kâ€™} in assignment
  378 |   node_handle->context = [01;31m[Kcontext[m[K;
      |                          [01;31m[K^~~~~~~[m[K
      |                          [01;31m[K|[m[K
      |                          [01;31m[Krmw_context_impl_t {aka rmw_context_impl_s}[m[K
gmake[2]: *** [CMakeFiles/rmw_gurumdds_cpp.dir/build.make:524: CMakeFiles/rmw_gurumdds_cpp.dir/src/graph_cache.cpp.o] Error 1
gmake[1]: *** [CMakeFiles/Makefile2:137: CMakeFiles/rmw_gurumdds_cpp.dir/all] Error 2
gmake: *** [Makefile:146: all] Error 2
