-- The C compiler identification is GNU 11.3.0
-- The CXX compiler identification is GNU 11.3.0
-- Detecting C compiler ABI info
-- Detecting C compiler ABI info - done
-- Check for working C compiler: /usr/bin/cc - skipped
-- Detecting C compile features
-- Detecting C compile features - done
-- Detecting CXX compiler ABI info
-- Detecting CXX compiler ABI info - done
-- Check for working CXX compiler: /usr/bin/c++ - skipped
-- Detecting CXX compile features
-- Detecting CXX compile features - done
-- Found ament_cmake_ros: 0.11.2 (/home/gurum/ros2_iron/install/ament_cmake_ros/share/ament_cmake_ros/cmake)
-- Found Python3: /usr/bin/python3.10 (found version "3.10.6") found components: Interpreter 
-- Override CMake install command with custom implementation using symlinks instead of copying resources
-- Found rcpputils: 2.6.1 (/home/gurum/ros2_iron/install/rcpputils/share/rcpputils/cmake)
-- Found gurumdds_cmake_module: 5.0.0 (/home/gurum/gurumnet/rmw_gurumdds/install/gurumdds_cmake_module/share/gurumdds_cmake_module/cmake)
-- Found GurumDDS:/usr/share/gurumdds/cmake/../../..
-- Found rosidl_typesupport_introspection_c: 4.0.0 (/home/gurum/ros2_iron/install/rosidl_typesupport_introspection_c/share/rosidl_typesupport_introspection_c/cmake)
-- Found rosidl_typesupport_introspection_cpp: 4.0.0 (/home/gurum/ros2_iron/install/rosidl_typesupport_introspection_cpp/share/rosidl_typesupport_introspection_cpp/cmake)
-- Found rmw: 7.1.0 (/home/gurum/ros2_iron/install/rmw/share/rmw/cmake)
-- Found rmw_dds_common: 2.0.1 (/home/gurum/ros2_iron/install/rmw_dds_common/share/rmw_dds_common/cmake)
-- Using all available rosidl_typesupport_c: rosidl_typesupport_introspection_c;rosidl_typesupport_fastrtps_c
-- Using all available rosidl_typesupport_cpp: rosidl_typesupport_introspection_cpp;rosidl_typesupport_fastrtps_cpp
-- Found ament_lint_auto: 0.14.1 (/home/gurum/ros2_iron/install/ament_lint_auto/share/ament_lint_auto/cmake)
-- Added test 'copyright' to check source files copyright and LICENSE
-- Added test 'cppcheck' to perform static code analysis on C / C++ code
-- Configured cppcheck include dirs: /home/gurum/gurumnet/rmw_gurumdds/rmw_gurumdds_cpp/include
-- Configured cppcheck exclude dirs and/or files: 
-- Added test 'cpplint' to check C / C++ code against the Google style
-- Configured cpplint exclude dirs and/or files: 
-- Added test 'lint_cmake' to check CMake code style
-- Added test 'uncrustify' to check C / C++ code style
-- Configured uncrustify additional arguments: 
-- Added test 'xmllint' to check XML markup files
-- Configuring done
-- Generating done
-- Build files have been written to: /home/gurum/gurumnet/rmw_gurumdds/build/rmw_gurumdds_cpp
[ 18%] [32mBuilding CXX object CMakeFiles/rmw_gurumdds_cpp.dir/src/qos.cpp.o[0m
[ 18%] [32mBuilding CXX object CMakeFiles/rmw_gurumdds_cpp.dir/src/get_entities.cpp.o[0m
[ 18%] [32mBuilding CXX object CMakeFiles/rmw_gurumdds_cpp.dir/src/message_converter.cpp.o[0m
[ 18%] [32mBuilding CXX object CMakeFiles/rmw_gurumdds_cpp.dir/src/names_and_types_helpers.cpp.o[0m
[ 21%] [32mBuilding CXX object CMakeFiles/rmw_gurumdds_cpp.dir/src/rmw_compare_gids_equal.cpp.o[0m
[ 24%] [32mBuilding CXX object CMakeFiles/rmw_gurumdds_cpp.dir/src/rmw_client.cpp.o[0m
[ 24%] [32mBuilding CXX object CMakeFiles/rmw_gurumdds_cpp.dir/src/identifier.cpp.o[0m
[ 27%] [32mBuilding CXX object CMakeFiles/rmw_gurumdds_cpp.dir/src/rmw_count.cpp.o[0m
[ 29%] [32mBuilding CXX object CMakeFiles/rmw_gurumdds_cpp.dir/src/rmw_event.cpp.o[0m
[ 32%] [32mBuilding CXX object CMakeFiles/rmw_gurumdds_cpp.dir/src/rmw_features.cpp.o[0m
[ 18%] [32mBuilding CXX object CMakeFiles/rmw_gurumdds_cpp.dir/src/event_converter.cpp.o[0m
[ 18%] [32mBuilding CXX object CMakeFiles/rmw_gurumdds_cpp.dir/src/demangle.cpp.o[0m
[ 35%] [32mBuilding CXX object CMakeFiles/rmw_gurumdds_cpp.dir/src/rmw_get_implementation_identifier.cpp.o[0m
[ 37%] [32mBuilding CXX object CMakeFiles/rmw_gurumdds_cpp.dir/src/namespace_prefix.cpp.o[0m
[ 40%] [32mBuilding CXX object CMakeFiles/rmw_gurumdds_cpp.dir/src/rmw_get_network_flow_endpoints.cpp.o[0m
[ 43%] [32mBuilding CXX object CMakeFiles/rmw_gurumdds_cpp.dir/src/rmw_get_serialization_format.cpp.o[0m
[ 45%] [32mBuilding CXX object CMakeFiles/rmw_gurumdds_cpp.dir/src/rmw_get_topic_endpoint_info.cpp.o[0m
[ 48%] [32mBuilding CXX object CMakeFiles/rmw_gurumdds_cpp.dir/src/rmw_guard_condition.cpp.o[0m
[ 51%] [32mBuilding CXX object CMakeFiles/rmw_gurumdds_cpp.dir/src/rmw_init.cpp.o[0m
[ 54%] [32mBuilding CXX object CMakeFiles/rmw_gurumdds_cpp.dir/src/rmw_logging.cpp.o[0m
[ 56%] [32mBuilding CXX object CMakeFiles/rmw_gurumdds_cpp.dir/src/rmw_node_info_and_types.cpp.o[0m
[ 59%] [32mBuilding CXX object CMakeFiles/rmw_gurumdds_cpp.dir/src/rmw_node.cpp.o[0m
[ 62%] [32mBuilding CXX object CMakeFiles/rmw_gurumdds_cpp.dir/src/rmw_publisher.cpp.o[0m
[ 64%] [32mBuilding CXX object CMakeFiles/rmw_gurumdds_cpp.dir/src/rmw_qos.cpp.o[0m
[ 67%] [32mBuilding CXX object CMakeFiles/rmw_gurumdds_cpp.dir/src/rmw_serialize.cpp.o[0m
[ 70%] [32mBuilding CXX object CMakeFiles/rmw_gurumdds_cpp.dir/src/rmw_service_names_and_types.cpp.o[0m
[01m[K/home/gurum/gurumnet/rmw_gurumdds/rmw_gurumdds_cpp/src/rmw_event.cpp:[m[K In function â€˜[01m[Krmw_ret_t rmw_take_event(const rmw_event_t*, void*, bool*)[m[Kâ€™:
[01m[K/home/gurum/gurumnet/rmw_gurumdds/rmw_gurumdds_cpp/src/rmw_event.cpp:176:5:[m[K [01;31m[Kerror: [m[Kmultiple default labels in one switch
  176 |     [01;31m[Kdefault[m[K:
      |     [01;31m[K^~~~~~~[m[K
[01m[K/home/gurum/gurumnet/rmw_gurumdds/rmw_gurumdds_cpp/src/rmw_event.cpp:171:5:[m[K [01;36m[Knote: [m[Kthis is the first default label
  171 |     [01;36m[Kdefault[m[K:
      |     [01;36m[K^~~~~~~[m[K
[ 72%] [32mBuilding CXX object CMakeFiles/rmw_gurumdds_cpp.dir/src/rmw_service.cpp.o[0m
[ 75%] [32mBuilding CXX object CMakeFiles/rmw_gurumdds_cpp.dir/src/rmw_subscription.cpp.o[0m
gmake[2]: *** [CMakeFiles/rmw_gurumdds_cpp.dir/build.make:230: CMakeFiles/rmw_gurumdds_cpp.dir/src/rmw_event.cpp.o] Error 1
gmake[2]: *** Waiting for unfinished jobs....
gmake[1]: *** [CMakeFiles/Makefile2:137: CMakeFiles/rmw_gurumdds_cpp.dir/all] Error 2
gmake: *** [Makefile:146: all] Error 2
