[0.042s] Invoking command in '/home/gurum/gurumnet/rmw_gurumdds/build/rmw_gurumdds_cpp': AMENT_PREFIX_PATH=/home/gurum/gurumnet/rmw_gurumdds/install/gurumdds_cmake_module:${AMENT_PREFIX_PATH} CMAKE_PREFIX_PATH=/home/gurum/gurumnet/rmw_gurumdds/install/gurumdds_cmake_module:/home/gurum/ros2_iron/install/rosbag2:/home/gurum/ros2_iron/install/rosbag2_storage_default_plugins:/home/gurum/ros2_iron/install/rosbag2_storage_mcap:/home/gurum/ros2_iron/install/rosbag2_compression_zstd:/home/gurum/ros2_iron/install/mcap_vendor:/home/gurum/ros2_iron/install/zstd_vendor:/home/gurum/ros2_iron/install/rviz_visual_testing_framework:/home/gurum/ros2_iron/install/rviz2:/home/gurum/ros2_iron/install/rviz_default_plugins:/home/gurum/ros2_iron/install/rviz_common:/home/gurum/ros2_iron/install/rosbag2_py:/home/gurum/ros2_iron/install/rosbag2_transport:/home/gurum/ros2_iron/install/rosbag2_storage_sqlite3:/home/gurum/ros2_iron/install/rosbag2_examples_cpp:/home/gurum/ros2_iron/install/rosbag2_compression:/home/gurum/ros2_iron/install/rosbag2_cpp:/home/gurum/ros2_iron/install/rosbag2_storage:/home/gurum/ros2_iron/install/image_common:/home/gurum/ros2_iron/install/camera_info_manager:/home/gurum/ros2_iron/install/camera_calibration_parsers:/home/gurum/ros2_iron/install/yaml_cpp_vendor:/home/gurum/ros2_iron/install/interactive_markers:/home/gurum/ros2_iron/install/common_interfaces:/home/gurum/ros2_iron/install/visualization_msgs:/home/gurum/ros2_iron/install/dummy_robot_bringup:/home/gurum/ros2_iron/install/robot_state_publisher:/home/gurum/ros2_iron/install/kdl_parser:/home/gurum/ros2_iron/install/urdf:/home/gurum/ros2_iron/install/urdfdom:/home/gurum/ros2_iron/install/urdf_parser_plugin:/home/gurum/ros2_iron/install/urdfdom_headers:/home/gurum/ros2_iron/install/turtlesim:/home/gurum/ros2_iron/install/trajectory_msgs:/home/gurum/ros2_iron/install/topic_statistics_demo:/home/gurum/ros2_iron/install/pendulum_control:/home/gurum/ros2_iron/install/tlsf_cpp:/home/gurum/ros2_iron/install/geometry2:/home/gurum/ros2_iron/install/tf2_sensor_msgs:/home/gurum/ros2_iron/install/test_tf2:/home/gurum/ros2_iron/install/tf2_kdl:/home/gurum/ros2_iron/install/tf2_geometry_msgs:/home/gurum/ros2_iron/install/tf2_eigen:/home/gurum/ros2_iron/install/tf2_bullet:/home/gurum/ros2_iron/install/tf2_ros:/home/gurum/ros2_iron/install/tf2_py:/home/gurum/ros2_iron/install/tf2_msgs:/home/gurum/ros2_iron/install/tf2_eigen_kdl:/home/gurum/ros2_iron/install/laser_geometry:/home/gurum/ros2_iron/install/tf2:/home/gurum/ros2_iron/install/test_tracetools:/home/gurum/ros2_iron/install/test_msgs:/home/gurum/ros2_iron/install/test_communication:/home/gurum/ros2_iron/install/stereo_msgs:/home/gurum/ros2_iron/install/std_srvs:/home/gurum/ros2_iron/install/shape_msgs:/home/gurum/ros2_iron/install/quality_of_service_demo_cpp:/home/gurum/ros2_iron/install/map_msgs:/home/gurum/ros2_iron/install/intra_process_demo:/home/gurum/ros2_iron/install/image_transport:/home/gurum/ros2_iron/install/image_tools:/home/gurum/ros2_iron/install/dummy_sensors:/home/gurum/ros2_iron/install/sensor_msgs:/home/gurum/ros2_iron/install/ros2cli_common_extensions:/home/gurum/ros2_iron/install/dummy_map_server:/home/gurum/ros2_iron/install/nav_msgs:/home/gurum/ros2_iron/install/logging_demo:/home/gurum/ros2_iron/install/lifecycle:/home/gurum/ros2_iron/install/diagnostic_msgs:/home/gurum/ros2_iron/install/geometry_msgs:/home/gurum/ros2_iron/install/examples_rclcpp_wait_set:/home/gurum/ros2_iron/install/examples_rclcpp_multithreaded_executor:/home/gurum/ros2_iron/install/examples_rclcpp_minimal_subscriber:/home/gurum/ros2_iron/install/examples_rclcpp_minimal_publisher:/home/gurum/ros2_iron/install/examples_rclcpp_minimal_composition:/home/gurum/ros2_iron/install/examples_rclcpp_cbg_executor:/home/gurum/ros2_iron/install/demo_nodes_cpp_native:/home/gurum/ros2_iron/install/demo_nodes_cpp:/home/gurum/ros2_iron/install/composition:/home/gurum/ros2_iron/install/actionlib_msgs:/home/gurum/ros2_iron/install/std_msgs:/home/gurum/ros2_iron/install/rqt_gui_cpp:/home/gurum/ros2_iron/install/rosbag2_test_common:/home/gurum/ros2_iron/install/ros2lifecycle_test_fixtures:/home/gurum/ros2_iron/install/rclcpp_lifecycle:/home/gurum/ros2_iron/install/action_tutorials_cpp:/home/gurum/ros2_iron/install/rclcpp_components:/home/gurum/ros2_iron/install/examples_rclcpp_minimal_action_server:/home/gurum/ros2_iron/install/examples_rclcpp_minimal_action_client:/home/gurum/ros2_iron/install/rclcpp_action:/home/gurum/ros2_iron/install/message_filters:/home/gurum/ros2_iron/install/examples_rclcpp_minimal_timer:/home/gurum/ros2_iron/install/examples_rclcpp_minimal_service:/home/gurum/ros2_iron/install/examples_rclcpp_minimal_client:/home/gurum/ros2_iron/install/examples_rclcpp_async_client:/home/gurum/ros2_iron/install/rclcpp:/home/gurum/ros2_iron/install/libstatistics_collector:/home/gurum/ros2_iron/install/statistics_msgs:/home/gurum/ros2_iron/install/sros2_cmake:/home/gurum/ros2_iron/install/rqt_py_common:/home/gurum/ros2_iron/install/ros_testing:/home/gurum/ros2_iron/install/rclpy:/home/gurum/ros2_iron/install/rosgraph_msgs:/home/gurum/ros2_iron/install/rosbag2_interfaces:/home/gurum/ros2_iron/install/ros2cli_test_interfaces:/home/gurum/ros2_iron/install/rcl_lifecycle:/home/gurum/ros2_iron/install/rcl_action:/home/gurum/ros2_iron/install/rcl:/home/gurum/ros2_iron/install/rmw_implementation:/home/gurum/ros2_iron/install/rmw_fastrtps_dynamic_cpp:/home/gurum/ros2_iron/install/rmw_fastrtps_cpp:/home/gurum/ros2_iron/install/rmw_fastrtps_shared_cpp:/home/gurum/ros2_iron/install/rmw_cyclonedds_cpp:/home/gurum/ros2_iron/install/rmw_connextddsmicro:/home/gurum/ros2_iron/install/rmw_connextdds:/home/gurum/ros2_iron/install/rmw_connextdds_common:/home/gurum/ros2_iron/install/rmw_dds_common:/home/gurum/ros2_iron/install/composition_interfaces:/home/gurum/ros2_iron/install/rcl_interfaces:/home/gurum/ros2_iron/install/pendulum_msgs:/home/gurum/ros2_iron/install/lifecycle_msgs:/home/gurum/ros2_iron/install/example_interfaces:/home/gurum/ros2_iron/install/action_tutorials_interfaces:/home/gurum/ros2_iron/install/rosidl_default_runtime:/home/gurum/ros2_iron/install/rosidl_default_generators:/home/gurum/ros2_iron/install/action_msgs:/home/gurum/ros2_iron/install/unique_identifier_msgs:/home/gurum/ros2_iron/install/ament_lint_common:/home/gurum/ros2_iron/install/ament_cmake_uncrustify:/home/gurum/ros2_iron/install/uncrustify_vendor:/home/gurum/ros2_iron/install/type_description_interfaces:/home/gurum/ros2_iron/install/tracetools:/home/gurum/ros2_iron/install/tlsf:/home/gurum/ros2_iron/install/tinyxml_vendor:/home/gurum/ros2_iron/install/qt_gui_core:/home/gurum/ros2_iron/install/qt_gui_cpp:/home/gurum/ros2_iron/install/pluginlib:/home/gurum/ros2_iron/install/tinyxml2_vendor:/home/gurum/ros2_iron/install/test_security:/home/gurum/ros2_iron/install/test_rmw_implementation:/home/gurum/ros2_iron/install/test_rclcpp:/home/gurum/ros2_iron/install/test_quality_of_service:/home/gurum/ros2_iron/install/test_launch_testing:/home/gurum/ros2_iron/install/test_interface_files:/home/gurum/ros2_iron/install/test_cli_remapping:/home/gurum/ros2_iron/install/test_cli:/home/gurum/ros2_iron/install/qt_gui_app:/home/gurum/ros2_iron/install/qt_gui:/home/gurum/ros2_iron/install/tango_icons_vendor:/home/gurum/ros2_iron/install/sqlite3_vendor:/home/gurum/ros2_iron/install/rcl_logging_spdlog:/home/gurum/ros2_iron/install/spdlog_vendor:/home/gurum/ros2_iron/install/shared_queues_vendor:/home/gurum/ros2_iron/install/service_msgs:/home/gurum/ros2_iron/install/rviz_rendering_tests:/home/gurum/ros2_iron/install/rviz_rendering:/home/gurum/ros2_iron/install/rviz_ogre_vendor:/home/gurum/ros2_iron/install/rviz_assimp_vendor:/home/gurum/ros2_iron/install/rttest:/home/gurum/ros2_iron/install/rti_connext_dds_cmake_module:/home/gurum/ros2_iron/install/builtin_interfaces:/home/gurum/ros2_iron/install/rosidl_core_runtime:/home/gurum/ros2_iron/install/rosidl_core_generators:/home/gurum/ros2_iron/install/rosidl_generator_py:/home/gurum/ros2_iron/install/rosidl_typesupport_tests:/home/gurum/ros2_iron/install/rosidl_typesupport_introspection_tests:/home/gurum/ros2_iron/install/rosidl_typesupport_cpp:/home/gurum/ros2_iron/install/rosidl_typesupport_introspection_cpp:/home/gurum/ros2_iron/install/rosidl_typesupport_c:/home/gurum/ros2_iron/install/rosidl_typesupport_introspection_c:/home/gurum/ros2_iron/install/rosidl_typesupport_fastrtps_c:/home/gurum/ros2_iron/install/rosidl_typesupport_fastrtps_cpp:/home/gurum/ros2_iron/install/rosidl_generator_cpp:/home/gurum/ros2_iron/install/rosidl_runtime_cpp:/home/gurum/ros2_iron/install/rosidl_dynamic_typesupport_fastrtps:/home/gurum/ros2_iron/install/rcl_yaml_param_parser:/home/gurum/ros2_iron/install/rmw:/home/gurum/ros2_iron/install/rosidl_dynamic_typesupport:/home/gurum/ros2_iron/install/rosidl_runtime_c:/home/gurum/ros2_iron/install/rosidl_generator_c:/home/gurum/ros2_iron/install/rosidl_typesupport_interface:/home/gurum/ros2_iron/install/rosidl_generator_dds_idl:/home/gurum/ros2_iron/install/rosidl_cmake:/home/gurum/ros2_iron/install/rosidl_generator_type_description:/home/gurum/ros2_iron/install/rosidl_parser:/home/gurum/ros2_iron/install/rosidl_generator_tests:/home/gurum/ros2_iron/install/rosidl_adapter:/home/gurum/ros2_iron/install/rosbag2_tests:/home/gurum/ros2_iron/install/rosbag2_test_msgdefs:/home/gurum/ros2_iron/install/ros_environment:/home/gurum/ros2_iron/install/rmw_implementation_cmake:/home/gurum/ros2_iron/install/resource_retriever:/home/gurum/ros2_iron/install/class_loader:/home/gurum/ros2_iron/install/rcpputils:/home/gurum/ros2_iron/install/rcl_logging_noop:/home/gurum/ros2_iron/install/rcl_logging_interface:/home/gurum/ros2_iron/install/rcutils:/home/gurum/ros2_iron/install/qt_gui_py_common:/home/gurum/ros2_iron/install/qt_dotgraph:/home/gurum/ros2_iron/install/python_qt_binding:/home/gurum/ros2_iron/install/python_orocos_kdl_vendor:/home/gurum/ros2_iron/install/launch_testing_ament_cmake:/home/gurum/ros2_iron/install/python_cmake_module:/home/gurum/ros2_iron/install/pybind11_vendor:/home/gurum/ros2_iron/install/performance_test_fixture:/home/gurum/ros2_iron/install/osrf_testing_tools_cpp:/home/gurum/ros2_iron/install/orocos_kdl_vendor:/home/gurum/ros2_iron/install/mimick_vendor:/home/gurum/ros2_iron/install/libyaml_vendor:/home/gurum/ros2_iron/install/libcurl_vendor:/home/gurum/ros2_iron/install/keyboard_handler:/home/gurum/ros2_iron/install/ignition_math6_vendor:/home/gurum/ros2_iron/install/ignition_cmake2_vendor:/home/gurum/ros2_iron/install/cyclonedds:/home/gurum/ros2_iron/install/iceoryx_posh:/home/gurum/ros2_iron/install/iceoryx_hoofs:/home/gurum/ros2_iron/install/iceoryx_binding_c:/home/gurum/ros2_iron/install/ament_cmake_ros:/home/gurum/ros2_iron/install/ament_cmake_gmock:/home/gurum/ros2_iron/install/gmock_vendor:/home/gurum/ros2_iron/install/ament_cmake_auto:/home/gurum/ros2_iron/install/ament_cmake_gtest:/home/gurum/ros2_iron/install/gtest_vendor:/home/gurum/ros2_iron/install/ament_cmake_google_benchmark:/home/gurum/ros2_iron/install/google_benchmark_vendor:/home/gurum/ros2_iron/install/fastrtps:/home/gurum/ros2_iron/install/foonathan_memory_vendor:/home/gurum/ros2_iron/install/fastrtps_cmake_module:/home/gurum/ros2_iron/install/fastcdr:/home/gurum/ros2_iron/install/eigen3_cmake_module:/home/gurum/ros2_iron/install/console_bridge_vendor:/home/gurum/ros2_iron/install/ament_cmake_xmllint:/home/gurum/ros2_iron/install/ament_cmake_pyflakes:/home/gurum/ros2_iron/install/ament_cmake_pycodestyle:/home/gurum/ros2_iron/install/ament_cmake_pep257:/home/gurum/ros2_iron/install/ament_cmake_pclint:/home/gurum/ros2_iron/install/ament_lint_auto:/home/gurum/ros2_iron/install/ament_cmake:/home/gurum/ros2_iron/install/ament_cmake_version:/home/gurum/ros2_iron/install/ament_cmake_vendor_package:/home/gurum/ros2_iron/install/ament_cmake_pytest:/home/gurum/ros2_iron/install/ament_cmake_mypy:/home/gurum/ros2_iron/install/ament_cmake_lint_cmake:/home/gurum/ros2_iron/install/ament_cmake_flake8:/home/gurum/ros2_iron/install/ament_cmake_cpplint:/home/gurum/ros2_iron/install/ament_cmake_cppcheck:/home/gurum/ros2_iron/install/ament_cmake_copyright:/home/gurum/ros2_iron/install/ament_cmake_clang_tidy:/home/gurum/ros2_iron/install/ament_cmake_clang_format:/home/gurum/ros2_iron/install/ament_cmake_test:/home/gurum/ros2_iron/install/ament_cmake_target_dependencies:/home/gurum/ros2_iron/install/ament_cmake_python:/home/gurum/ros2_iron/install/ament_cmake_export_dependencies:/home/gurum/ros2_iron/install/ament_cmake_libraries:/home/gurum/ros2_iron/install/ament_cmake_include_directories:/home/gurum/ros2_iron/install/ament_cmake_gen_version_h:/home/gurum/ros2_iron/install/ament_cmake_export_targets:/home/gurum/ros2_iron/install/ament_cmake_export_link_flags:/home/gurum/ros2_iron/install/ament_cmake_export_interfaces:/home/gurum/ros2_iron/install/ament_cmake_export_libraries:/home/gurum/ros2_iron/install/ament_cmake_export_include_directories:/home/gurum/ros2_iron/install/ament_cmake_export_definitions:/home/gurum/ros2_iron/install/ament_cmake_core:/home/gurum/ros2_iron/install/ament_index_cpp:/home/gurum/ros2_iron/install/rqt_bag_plugins:/home/gurum/ros2_iron/install/rqt_bag:/home/gurum/ros2_iron/install/rosbag2_examples_py:/home/gurum/ros2_iron/install/launch_testing_examples:/home/gurum/ros2_iron/install/ros2bag:/home/gurum/ros2_iron/install/tracetools_test:/home/gurum/ros2_iron/install/tracetools_launch:/home/gurum/ros2_iron/install/topic_monitor:/home/gurum/ros2_iron/install/tf2_tools:/home/gurum/ros2_iron/install/examples_tf2_py:/home/gurum/ros2_iron/install/tf2_ros_py:/home/gurum/ros2_iron/install/examples_rclpy_pointcloud_publisher:/home/gurum/ros2_iron/install/sensor_msgs_py:/home/gurum/ros2_iron/install/quality_of_service_demo_py:/home/gurum/ros2_iron/install/rqt_plot:/home/gurum/ros2_iron/install/ros2doctor:/home/gurum/ros2_iron/install/lifecycle_py:/home/gurum/ros2_iron/install/examples_rclpy_minimal_subscriber:/home/gurum/ros2_iron/install/examples_rclpy_minimal_service:/home/gurum/ros2_iron/install/examples_rclpy_minimal_publisher:/home/gurum/ros2_iron/install/examples_rclpy_minimal_client:/home/gurum/ros2_iron/install/examples_rclpy_executors:/home/gurum/ros2_iron/install/demo_nodes_py:/home/gurum/ros2_iron/install/rqt:/home/gurum/ros2_iron/install/ros2component:/home/gurum/ros2_iron/install/sros2:/home/gurum/ros2_iron/install/rqt_topic:/home/gurum/ros2_iron/install/rqt_srv:/home/gurum/ros2_iron/install/rqt_shell:/home/gurum/ros2_iron/install/rqt_service_caller:/home/gurum/ros2_iron/install/rqt_reconfigure:/home/gurum/ros2_iron/install/rqt_py_console:/home/gurum/ros2_iron/install/rqt_publisher:/home/gurum/ros2_iron/install/rqt_action:/home/gurum/ros2_iron/install/rqt_msg:/home/gurum/ros2_iron/install/rqt_console:/home/gurum/ros2_iron/install/rqt_graph:/home/gurum/ros2_iron/install/rqt_gui_py:/home/gurum/ros2_iron/install/rqt_gui:/home/gurum/ros2_iron/install/ros2trace:/home/gurum/ros2_iron/install/ros2topic:/home/gurum/ros2_iron/install/ros2test:/home/gurum/ros2_iron/install/ros2param:/home/gurum/ros2_iron/install/ros2lifecycle:/home/gurum/ros2_iron/install/ros2service:/home/gurum/ros2_iron/install/ros2run:/home/gurum/ros2_iron/install/ros2launch:/home/gurum/ros2_iron/install/ros2pkg:/home/gurum/ros2_iron/install/ros2node:/home/gurum/ros2_iron/install/ros2multicast:/home/gurum/ros2_iron/install/ros2interface:/home/gurum/ros2_iron/install/ros2action:/home/gurum/ros2_iron/install/ros2cli:/home/gurum/ros2_iron/install/launch_testing_ros:/home/gurum/ros2_iron/install/launch_ros:/home/gurum/ros2_iron/install/examples_rclpy_minimal_action_server:/home/gurum/ros2_iron/install/examples_rclpy_minimal_action_client:/home/gurum/ros2_iron/install/examples_rclpy_guard_conditions:/home/gurum/ros2_iron/install/action_tutorials_py:/home/gurum/ros2_iron/install/ament_uncrustify:/home/gurum/ros2_iron/install/tracetools_trace:/home/gurum/ros2_iron/install/tracetools_read:/home/gurum/ros2_iron/install/test_tracetools_launch:/home/gurum/ros2_iron/install/test_ros2trace:/home/gurum/ros2_iron/install/test_launch_ros:/home/gurum/ros2_iron/install/rpyutils:/home/gurum/ros2_iron/install/rosidl_runtime_py:/home/gurum/ros2_iron/install/rosidl_pycommon:/home/gurum/ros2_iron/install/rosidl_cli:/home/gurum/ros2_iron/install/launch_pytest:/home/gurum/ros2_iron/install/launch_testing:/home/gurum/ros2_iron/install/launch_yaml:/home/gurum/ros2_iron/install/launch_xml:/home/gurum/ros2_iron/install/launch:/home/gurum/ros2_iron/install/osrf_pycommon:/home/gurum/ros2_iron/install/domain_coordinator:/home/gurum/ros2_iron/install/ament_xmllint:/home/gurum/ros2_iron/install/ament_pyflakes:/home/gurum/ros2_iron/install/ament_pycodestyle:/home/gurum/ros2_iron/install/ament_pep257:/home/gurum/ros2_iron/install/ament_pclint:/home/gurum/ros2_iron/install/ament_package:/home/gurum/ros2_iron/install/ament_mypy:/home/gurum/ros2_iron/install/ament_lint_cmake:/home/gurum/ros2_iron/install/ament_flake8:/home/gurum/ros2_iron/install/ament_copyright:/home/gurum/ros2_iron/install/ament_lint:/home/gurum/ros2_iron/install/ament_index_python:/home/gurum/ros2_iron/install/ament_cpplint:/home/gurum/ros2_iron/install/ament_cppcheck:/home/gurum/ros2_iron/install/ament_clang_tidy:/home/gurum/ros2_iron/install/ament_clang_format GURUMDDS_HOME=/usr/share/gurumdds/cmake/../../.. LD_LIBRARY_PATH=/usr/share/gurumdds/cmake/../../../lib:${LD_LIBRARY_PATH} _=/usr/bin/env /usr/bin/cmake /home/gurum/gurumnet/rmw_gurumdds/rmw_gurumdds_cpp -DAMENT_CMAKE_SYMLINK_INSTALL=1 -DCMAKE_INSTALL_PREFIX=/home/gurum/gurumnet/rmw_gurumdds/install/rmw_gurumdds_cpp
[0.102s] -- The C compiler identification is GNU 11.3.0
[0.146s] -- The CXX compiler identification is GNU 11.3.0
[0.152s] -- Detecting C compiler ABI info
[0.222s] -- Detecting C compiler ABI info - done
[0.227s] -- Check for working C compiler: /usr/bin/cc - skipped
[0.227s] -- Detecting C compile features
[0.228s] -- Detecting C compile features - done
[0.229s] -- Detecting CXX compiler ABI info
[0.308s] -- Detecting CXX compiler ABI info - done
[0.313s] -- Check for working CXX compiler: /usr/bin/c++ - skipped
[0.313s] -- Detecting CXX compile features
[0.314s] -- Detecting CXX compile features - done
[0.324s] -- Found ament_cmake_ros: 0.11.2 (/home/gurum/ros2_iron/install/ament_cmake_ros/share/ament_cmake_ros/cmake)
[0.832s] -- Found Python3: /usr/bin/python3.10 (found version "3.10.6") found components: Interpreter 
[0.969s] -- Override CMake install command with custom implementation using symlinks instead of copying resources
[1.140s] -- Found rcpputils: 2.6.1 (/home/gurum/ros2_iron/install/rcpputils/share/rcpputils/cmake)
[1.161s] -- Found gurumdds_cmake_module: 5.0.0 (/home/gurum/gurumnet/rmw_gurumdds/install/gurumdds_cmake_module/share/gurumdds_cmake_module/cmake)
[1.161s] -- Found GurumDDS:/usr/share/gurumdds/cmake/../../..
[1.170s] -- Found rosidl_typesupport_introspection_c: 4.0.0 (/home/gurum/ros2_iron/install/rosidl_typesupport_introspection_c/share/rosidl_typesupport_introspection_c/cmake)
[1.219s] -- Found rosidl_typesupport_introspection_cpp: 4.0.0 (/home/gurum/ros2_iron/install/rosidl_typesupport_introspection_cpp/share/rosidl_typesupport_introspection_cpp/cmake)
[1.248s] -- Found rmw: 7.1.0 (/home/gurum/ros2_iron/install/rmw/share/rmw/cmake)
[1.265s] -- Found rmw_dds_common: 2.0.1 (/home/gurum/ros2_iron/install/rmw_dds_common/share/rmw_dds_common/cmake)
[1.343s] -- Using all available rosidl_typesupport_c: rosidl_typesupport_introspection_c;rosidl_typesupport_fastrtps_c
[1.381s] -- Using all available rosidl_typesupport_cpp: rosidl_typesupport_introspection_cpp;rosidl_typesupport_fastrtps_cpp
[1.510s] -- Found ament_lint_auto: 0.14.1 (/home/gurum/ros2_iron/install/ament_lint_auto/share/ament_lint_auto/cmake)
[1.729s] -- Added test 'copyright' to check source files copyright and LICENSE
[1.734s] -- Added test 'cppcheck' to perform static code analysis on C / C++ code
[1.734s] -- Configured cppcheck include dirs: /home/gurum/gurumnet/rmw_gurumdds/rmw_gurumdds_cpp/include
[1.734s] -- Configured cppcheck exclude dirs and/or files: 
[1.738s] -- Added test 'cpplint' to check C / C++ code against the Google style
[1.738s] -- Configured cpplint exclude dirs and/or files: 
[1.742s] -- Added test 'lint_cmake' to check CMake code style
[1.746s] -- Added test 'uncrustify' to check C / C++ code style
[1.746s] -- Configured uncrustify additional arguments: 
[1.750s] -- Added test 'xmllint' to check XML markup files
[1.758s] -- Configuring done
[1.766s] -- Generating done
[1.766s] -- Build files have been written to: /home/gurum/gurumnet/rmw_gurumdds/build/rmw_gurumdds_cpp
[1.770s] Invoked command in '/home/gurum/gurumnet/rmw_gurumdds/build/rmw_gurumdds_cpp' returned '0': AMENT_PREFIX_PATH=/home/gurum/gurumnet/rmw_gurumdds/install/gurumdds_cmake_module:${AMENT_PREFIX_PATH} CMAKE_PREFIX_PATH=/home/gurum/gurumnet/rmw_gurumdds/install/gurumdds_cmake_module:/home/gurum/ros2_iron/install/rosbag2:/home/gurum/ros2_iron/install/rosbag2_storage_default_plugins:/home/gurum/ros2_iron/install/rosbag2_storage_mcap:/home/gurum/ros2_iron/install/rosbag2_compression_zstd:/home/gurum/ros2_iron/install/mcap_vendor:/home/gurum/ros2_iron/install/zstd_vendor:/home/gurum/ros2_iron/install/rviz_visual_testing_framework:/home/gurum/ros2_iron/install/rviz2:/home/gurum/ros2_iron/install/rviz_default_plugins:/home/gurum/ros2_iron/install/rviz_common:/home/gurum/ros2_iron/install/rosbag2_py:/home/gurum/ros2_iron/install/rosbag2_transport:/home/gurum/ros2_iron/install/rosbag2_storage_sqlite3:/home/gurum/ros2_iron/install/rosbag2_examples_cpp:/home/gurum/ros2_iron/install/rosbag2_compression:/home/gurum/ros2_iron/install/rosbag2_cpp:/home/gurum/ros2_iron/install/rosbag2_storage:/home/gurum/ros2_iron/install/image_common:/home/gurum/ros2_iron/install/camera_info_manager:/home/gurum/ros2_iron/install/camera_calibration_parsers:/home/gurum/ros2_iron/install/yaml_cpp_vendor:/home/gurum/ros2_iron/install/interactive_markers:/home/gurum/ros2_iron/install/common_interfaces:/home/gurum/ros2_iron/install/visualization_msgs:/home/gurum/ros2_iron/install/dummy_robot_bringup:/home/gurum/ros2_iron/install/robot_state_publisher:/home/gurum/ros2_iron/install/kdl_parser:/home/gurum/ros2_iron/install/urdf:/home/gurum/ros2_iron/install/urdfdom:/home/gurum/ros2_iron/install/urdf_parser_plugin:/home/gurum/ros2_iron/install/urdfdom_headers:/home/gurum/ros2_iron/install/turtlesim:/home/gurum/ros2_iron/install/trajectory_msgs:/home/gurum/ros2_iron/install/topic_statistics_demo:/home/gurum/ros2_iron/install/pendulum_control:/home/gurum/ros2_iron/install/tlsf_cpp:/home/gurum/ros2_iron/install/geometry2:/home/gurum/ros2_iron/install/tf2_sensor_msgs:/home/gurum/ros2_iron/install/test_tf2:/home/gurum/ros2_iron/install/tf2_kdl:/home/gurum/ros2_iron/install/tf2_geometry_msgs:/home/gurum/ros2_iron/install/tf2_eigen:/home/gurum/ros2_iron/install/tf2_bullet:/home/gurum/ros2_iron/install/tf2_ros:/home/gurum/ros2_iron/install/tf2_py:/home/gurum/ros2_iron/install/tf2_msgs:/home/gurum/ros2_iron/install/tf2_eigen_kdl:/home/gurum/ros2_iron/install/laser_geometry:/home/gurum/ros2_iron/install/tf2:/home/gurum/ros2_iron/install/test_tracetools:/home/gurum/ros2_iron/install/test_msgs:/home/gurum/ros2_iron/install/test_communication:/home/gurum/ros2_iron/install/stereo_msgs:/home/gurum/ros2_iron/install/std_srvs:/home/gurum/ros2_iron/install/shape_msgs:/home/gurum/ros2_iron/install/quality_of_service_demo_cpp:/home/gurum/ros2_iron/install/map_msgs:/home/gurum/ros2_iron/install/intra_process_demo:/home/gurum/ros2_iron/install/image_transport:/home/gurum/ros2_iron/install/image_tools:/home/gurum/ros2_iron/install/dummy_sensors:/home/gurum/ros2_iron/install/sensor_msgs:/home/gurum/ros2_iron/install/ros2cli_common_extensions:/home/gurum/ros2_iron/install/dummy_map_server:/home/gurum/ros2_iron/install/nav_msgs:/home/gurum/ros2_iron/install/logging_demo:/home/gurum/ros2_iron/install/lifecycle:/home/gurum/ros2_iron/install/diagnostic_msgs:/home/gurum/ros2_iron/install/geometry_msgs:/home/gurum/ros2_iron/install/examples_rclcpp_wait_set:/home/gurum/ros2_iron/install/examples_rclcpp_multithreaded_executor:/home/gurum/ros2_iron/install/examples_rclcpp_minimal_subscriber:/home/gurum/ros2_iron/install/examples_rclcpp_minimal_publisher:/home/gurum/ros2_iron/install/examples_rclcpp_minimal_composition:/home/gurum/ros2_iron/install/examples_rclcpp_cbg_executor:/home/gurum/ros2_iron/install/demo_nodes_cpp_native:/home/gurum/ros2_iron/install/demo_nodes_cpp:/home/gurum/ros2_iron/install/composition:/home/gurum/ros2_iron/install/actionlib_msgs:/home/gurum/ros2_iron/install/std_msgs:/home/gurum/ros2_iron/install/rqt_gui_cpp:/home/gurum/ros2_iron/install/rosbag2_test_common:/home/gurum/ros2_iron/install/ros2lifecycle_test_fixtures:/home/gurum/ros2_iron/install/rclcpp_lifecycle:/home/gurum/ros2_iron/install/action_tutorials_cpp:/home/gurum/ros2_iron/install/rclcpp_components:/home/gurum/ros2_iron/install/examples_rclcpp_minimal_action_server:/home/gurum/ros2_iron/install/examples_rclcpp_minimal_action_client:/home/gurum/ros2_iron/install/rclcpp_action:/home/gurum/ros2_iron/install/message_filters:/home/gurum/ros2_iron/install/examples_rclcpp_minimal_timer:/home/gurum/ros2_iron/install/examples_rclcpp_minimal_service:/home/gurum/ros2_iron/install/examples_rclcpp_minimal_client:/home/gurum/ros2_iron/install/examples_rclcpp_async_client:/home/gurum/ros2_iron/install/rclcpp:/home/gurum/ros2_iron/install/libstatistics_collector:/home/gurum/ros2_iron/install/statistics_msgs:/home/gurum/ros2_iron/install/sros2_cmake:/home/gurum/ros2_iron/install/rqt_py_common:/home/gurum/ros2_iron/install/ros_testing:/home/gurum/ros2_iron/install/rclpy:/home/gurum/ros2_iron/install/rosgraph_msgs:/home/gurum/ros2_iron/install/rosbag2_interfaces:/home/gurum/ros2_iron/install/ros2cli_test_interfaces:/home/gurum/ros2_iron/install/rcl_lifecycle:/home/gurum/ros2_iron/install/rcl_action:/home/gurum/ros2_iron/install/rcl:/home/gurum/ros2_iron/install/rmw_implementation:/home/gurum/ros2_iron/install/rmw_fastrtps_dynamic_cpp:/home/gurum/ros2_iron/install/rmw_fastrtps_cpp:/home/gurum/ros2_iron/install/rmw_fastrtps_shared_cpp:/home/gurum/ros2_iron/install/rmw_cyclonedds_cpp:/home/gurum/ros2_iron/install/rmw_connextddsmicro:/home/gurum/ros2_iron/install/rmw_connextdds:/home/gurum/ros2_iron/install/rmw_connextdds_common:/home/gurum/ros2_iron/install/rmw_dds_common:/home/gurum/ros2_iron/install/composition_interfaces:/home/gurum/ros2_iron/install/rcl_interfaces:/home/gurum/ros2_iron/install/pendulum_msgs:/home/gurum/ros2_iron/install/lifecycle_msgs:/home/gurum/ros2_iron/install/example_interfaces:/home/gurum/ros2_iron/install/action_tutorials_interfaces:/home/gurum/ros2_iron/install/rosidl_default_runtime:/home/gurum/ros2_iron/install/rosidl_default_generators:/home/gurum/ros2_iron/install/action_msgs:/home/gurum/ros2_iron/install/unique_identifier_msgs:/home/gurum/ros2_iron/install/ament_lint_common:/home/gurum/ros2_iron/install/ament_cmake_uncrustify:/home/gurum/ros2_iron/install/uncrustify_vendor:/home/gurum/ros2_iron/install/type_description_interfaces:/home/gurum/ros2_iron/install/tracetools:/home/gurum/ros2_iron/install/tlsf:/home/gurum/ros2_iron/install/tinyxml_vendor:/home/gurum/ros2_iron/install/qt_gui_core:/home/gurum/ros2_iron/install/qt_gui_cpp:/home/gurum/ros2_iron/install/pluginlib:/home/gurum/ros2_iron/install/tinyxml2_vendor:/home/gurum/ros2_iron/install/test_security:/home/gurum/ros2_iron/install/test_rmw_implementation:/home/gurum/ros2_iron/install/test_rclcpp:/home/gurum/ros2_iron/install/test_quality_of_service:/home/gurum/ros2_iron/install/test_launch_testing:/home/gurum/ros2_iron/install/test_interface_files:/home/gurum/ros2_iron/install/test_cli_remapping:/home/gurum/ros2_iron/install/test_cli:/home/gurum/ros2_iron/install/qt_gui_app:/home/gurum/ros2_iron/install/qt_gui:/home/gurum/ros2_iron/install/tango_icons_vendor:/home/gurum/ros2_iron/install/sqlite3_vendor:/home/gurum/ros2_iron/install/rcl_logging_spdlog:/home/gurum/ros2_iron/install/spdlog_vendor:/home/gurum/ros2_iron/install/shared_queues_vendor:/home/gurum/ros2_iron/install/service_msgs:/home/gurum/ros2_iron/install/rviz_rendering_tests:/home/gurum/ros2_iron/install/rviz_rendering:/home/gurum/ros2_iron/install/rviz_ogre_vendor:/home/gurum/ros2_iron/install/rviz_assimp_vendor:/home/gurum/ros2_iron/install/rttest:/home/gurum/ros2_iron/install/rti_connext_dds_cmake_module:/home/gurum/ros2_iron/install/builtin_interfaces:/home/gurum/ros2_iron/install/rosidl_core_runtime:/home/gurum/ros2_iron/install/rosidl_core_generators:/home/gurum/ros2_iron/install/rosidl_generator_py:/home/gurum/ros2_iron/install/rosidl_typesupport_tests:/home/gurum/ros2_iron/install/rosidl_typesupport_introspection_tests:/home/gurum/ros2_iron/install/rosidl_typesupport_cpp:/home/gurum/ros2_iron/install/rosidl_typesupport_introspection_cpp:/home/gurum/ros2_iron/install/rosidl_typesupport_c:/home/gurum/ros2_iron/install/rosidl_typesupport_introspection_c:/home/gurum/ros2_iron/install/rosidl_typesupport_fastrtps_c:/home/gurum/ros2_iron/install/rosidl_typesupport_fastrtps_cpp:/home/gurum/ros2_iron/install/rosidl_generator_cpp:/home/gurum/ros2_iron/install/rosidl_runtime_cpp:/home/gurum/ros2_iron/install/rosidl_dynamic_typesupport_fastrtps:/home/gurum/ros2_iron/install/rcl_yaml_param_parser:/home/gurum/ros2_iron/install/rmw:/home/gurum/ros2_iron/install/rosidl_dynamic_typesupport:/home/gurum/ros2_iron/install/rosidl_runtime_c:/home/gurum/ros2_iron/install/rosidl_generator_c:/home/gurum/ros2_iron/install/rosidl_typesupport_interface:/home/gurum/ros2_iron/install/rosidl_generator_dds_idl:/home/gurum/ros2_iron/install/rosidl_cmake:/home/gurum/ros2_iron/install/rosidl_generator_type_description:/home/gurum/ros2_iron/install/rosidl_parser:/home/gurum/ros2_iron/install/rosidl_generator_tests:/home/gurum/ros2_iron/install/rosidl_adapter:/home/gurum/ros2_iron/install/rosbag2_tests:/home/gurum/ros2_iron/install/rosbag2_test_msgdefs:/home/gurum/ros2_iron/install/ros_environment:/home/gurum/ros2_iron/install/rmw_implementation_cmake:/home/gurum/ros2_iron/install/resource_retriever:/home/gurum/ros2_iron/install/class_loader:/home/gurum/ros2_iron/install/rcpputils:/home/gurum/ros2_iron/install/rcl_logging_noop:/home/gurum/ros2_iron/install/rcl_logging_interface:/home/gurum/ros2_iron/install/rcutils:/home/gurum/ros2_iron/install/qt_gui_py_common:/home/gurum/ros2_iron/install/qt_dotgraph:/home/gurum/ros2_iron/install/python_qt_binding:/home/gurum/ros2_iron/install/python_orocos_kdl_vendor:/home/gurum/ros2_iron/install/launch_testing_ament_cmake:/home/gurum/ros2_iron/install/python_cmake_module:/home/gurum/ros2_iron/install/pybind11_vendor:/home/gurum/ros2_iron/install/performance_test_fixture:/home/gurum/ros2_iron/install/osrf_testing_tools_cpp:/home/gurum/ros2_iron/install/orocos_kdl_vendor:/home/gurum/ros2_iron/install/mimick_vendor:/home/gurum/ros2_iron/install/libyaml_vendor:/home/gurum/ros2_iron/install/libcurl_vendor:/home/gurum/ros2_iron/install/keyboard_handler:/home/gurum/ros2_iron/install/ignition_math6_vendor:/home/gurum/ros2_iron/install/ignition_cmake2_vendor:/home/gurum/ros2_iron/install/cyclonedds:/home/gurum/ros2_iron/install/iceoryx_posh:/home/gurum/ros2_iron/install/iceoryx_hoofs:/home/gurum/ros2_iron/install/iceoryx_binding_c:/home/gurum/ros2_iron/install/ament_cmake_ros:/home/gurum/ros2_iron/install/ament_cmake_gmock:/home/gurum/ros2_iron/install/gmock_vendor:/home/gurum/ros2_iron/install/ament_cmake_auto:/home/gurum/ros2_iron/install/ament_cmake_gtest:/home/gurum/ros2_iron/install/gtest_vendor:/home/gurum/ros2_iron/install/ament_cmake_google_benchmark:/home/gurum/ros2_iron/install/google_benchmark_vendor:/home/gurum/ros2_iron/install/fastrtps:/home/gurum/ros2_iron/install/foonathan_memory_vendor:/home/gurum/ros2_iron/install/fastrtps_cmake_module:/home/gurum/ros2_iron/install/fastcdr:/home/gurum/ros2_iron/install/eigen3_cmake_module:/home/gurum/ros2_iron/install/console_bridge_vendor:/home/gurum/ros2_iron/install/ament_cmake_xmllint:/home/gurum/ros2_iron/install/ament_cmake_pyflakes:/home/gurum/ros2_iron/install/ament_cmake_pycodestyle:/home/gurum/ros2_iron/install/ament_cmake_pep257:/home/gurum/ros2_iron/install/ament_cmake_pclint:/home/gurum/ros2_iron/install/ament_lint_auto:/home/gurum/ros2_iron/install/ament_cmake:/home/gurum/ros2_iron/install/ament_cmake_version:/home/gurum/ros2_iron/install/ament_cmake_vendor_package:/home/gurum/ros2_iron/install/ament_cmake_pytest:/home/gurum/ros2_iron/install/ament_cmake_mypy:/home/gurum/ros2_iron/install/ament_cmake_lint_cmake:/home/gurum/ros2_iron/install/ament_cmake_flake8:/home/gurum/ros2_iron/install/ament_cmake_cpplint:/home/gurum/ros2_iron/install/ament_cmake_cppcheck:/home/gurum/ros2_iron/install/ament_cmake_copyright:/home/gurum/ros2_iron/install/ament_cmake_clang_tidy:/home/gurum/ros2_iron/install/ament_cmake_clang_format:/home/gurum/ros2_iron/install/ament_cmake_test:/home/gurum/ros2_iron/install/ament_cmake_target_dependencies:/home/gurum/ros2_iron/install/ament_cmake_python:/home/gurum/ros2_iron/install/ament_cmake_export_dependencies:/home/gurum/ros2_iron/install/ament_cmake_libraries:/home/gurum/ros2_iron/install/ament_cmake_include_directories:/home/gurum/ros2_iron/install/ament_cmake_gen_version_h:/home/gurum/ros2_iron/install/ament_cmake_export_targets:/home/gurum/ros2_iron/install/ament_cmake_export_link_flags:/home/gurum/ros2_iron/install/ament_cmake_export_interfaces:/home/gurum/ros2_iron/install/ament_cmake_export_libraries:/home/gurum/ros2_iron/install/ament_cmake_export_include_directories:/home/gurum/ros2_iron/install/ament_cmake_export_definitions:/home/gurum/ros2_iron/install/ament_cmake_core:/home/gurum/ros2_iron/install/ament_index_cpp:/home/gurum/ros2_iron/install/rqt_bag_plugins:/home/gurum/ros2_iron/install/rqt_bag:/home/gurum/ros2_iron/install/rosbag2_examples_py:/home/gurum/ros2_iron/install/launch_testing_examples:/home/gurum/ros2_iron/install/ros2bag:/home/gurum/ros2_iron/install/tracetools_test:/home/gurum/ros2_iron/install/tracetools_launch:/home/gurum/ros2_iron/install/topic_monitor:/home/gurum/ros2_iron/install/tf2_tools:/home/gurum/ros2_iron/install/examples_tf2_py:/home/gurum/ros2_iron/install/tf2_ros_py:/home/gurum/ros2_iron/install/examples_rclpy_pointcloud_publisher:/home/gurum/ros2_iron/install/sensor_msgs_py:/home/gurum/ros2_iron/install/quality_of_service_demo_py:/home/gurum/ros2_iron/install/rqt_plot:/home/gurum/ros2_iron/install/ros2doctor:/home/gurum/ros2_iron/install/lifecycle_py:/home/gurum/ros2_iron/install/examples_rclpy_minimal_subscriber:/home/gurum/ros2_iron/install/examples_rclpy_minimal_service:/home/gurum/ros2_iron/install/examples_rclpy_minimal_publisher:/home/gurum/ros2_iron/install/examples_rclpy_minimal_client:/home/gurum/ros2_iron/install/examples_rclpy_executors:/home/gurum/ros2_iron/install/demo_nodes_py:/home/gurum/ros2_iron/install/rqt:/home/gurum/ros2_iron/install/ros2component:/home/gurum/ros2_iron/install/sros2:/home/gurum/ros2_iron/install/rqt_topic:/home/gurum/ros2_iron/install/rqt_srv:/home/gurum/ros2_iron/install/rqt_shell:/home/gurum/ros2_iron/install/rqt_service_caller:/home/gurum/ros2_iron/install/rqt_reconfigure:/home/gurum/ros2_iron/install/rqt_py_console:/home/gurum/ros2_iron/install/rqt_publisher:/home/gurum/ros2_iron/install/rqt_action:/home/gurum/ros2_iron/install/rqt_msg:/home/gurum/ros2_iron/install/rqt_console:/home/gurum/ros2_iron/install/rqt_graph:/home/gurum/ros2_iron/install/rqt_gui_py:/home/gurum/ros2_iron/install/rqt_gui:/home/gurum/ros2_iron/install/ros2trace:/home/gurum/ros2_iron/install/ros2topic:/home/gurum/ros2_iron/install/ros2test:/home/gurum/ros2_iron/install/ros2param:/home/gurum/ros2_iron/install/ros2lifecycle:/home/gurum/ros2_iron/install/ros2service:/home/gurum/ros2_iron/install/ros2run:/home/gurum/ros2_iron/install/ros2launch:/home/gurum/ros2_iron/install/ros2pkg:/home/gurum/ros2_iron/install/ros2node:/home/gurum/ros2_iron/install/ros2multicast:/home/gurum/ros2_iron/install/ros2interface:/home/gurum/ros2_iron/install/ros2action:/home/gurum/ros2_iron/install/ros2cli:/home/gurum/ros2_iron/install/launch_testing_ros:/home/gurum/ros2_iron/install/launch_ros:/home/gurum/ros2_iron/install/examples_rclpy_minimal_action_server:/home/gurum/ros2_iron/install/examples_rclpy_minimal_action_client:/home/gurum/ros2_iron/install/examples_rclpy_guard_conditions:/home/gurum/ros2_iron/install/action_tutorials_py:/home/gurum/ros2_iron/install/ament_uncrustify:/home/gurum/ros2_iron/install/tracetools_trace:/home/gurum/ros2_iron/install/tracetools_read:/home/gurum/ros2_iron/install/test_tracetools_launch:/home/gurum/ros2_iron/install/test_ros2trace:/home/gurum/ros2_iron/install/test_launch_ros:/home/gurum/ros2_iron/install/rpyutils:/home/gurum/ros2_iron/install/rosidl_runtime_py:/home/gurum/ros2_iron/install/rosidl_pycommon:/home/gurum/ros2_iron/install/rosidl_cli:/home/gurum/ros2_iron/install/launch_pytest:/home/gurum/ros2_iron/install/launch_testing:/home/gurum/ros2_iron/install/launch_yaml:/home/gurum/ros2_iron/install/launch_xml:/home/gurum/ros2_iron/install/launch:/home/gurum/ros2_iron/install/osrf_pycommon:/home/gurum/ros2_iron/install/domain_coordinator:/home/gurum/ros2_iron/install/ament_xmllint:/home/gurum/ros2_iron/install/ament_pyflakes:/home/gurum/ros2_iron/install/ament_pycodestyle:/home/gurum/ros2_iron/install/ament_pep257:/home/gurum/ros2_iron/install/ament_pclint:/home/gurum/ros2_iron/install/ament_package:/home/gurum/ros2_iron/install/ament_mypy:/home/gurum/ros2_iron/install/ament_lint_cmake:/home/gurum/ros2_iron/install/ament_flake8:/home/gurum/ros2_iron/install/ament_copyright:/home/gurum/ros2_iron/install/ament_lint:/home/gurum/ros2_iron/install/ament_index_python:/home/gurum/ros2_iron/install/ament_cpplint:/home/gurum/ros2_iron/install/ament_cppcheck:/home/gurum/ros2_iron/install/ament_clang_tidy:/home/gurum/ros2_iron/install/ament_clang_format GURUMDDS_HOME=/usr/share/gurumdds/cmake/../../.. LD_LIBRARY_PATH=/usr/share/gurumdds/cmake/../../../lib:${LD_LIBRARY_PATH} _=/usr/bin/env /usr/bin/cmake /home/gurum/gurumnet/rmw_gurumdds/rmw_gurumdds_cpp -DAMENT_CMAKE_SYMLINK_INSTALL=1 -DCMAKE_INSTALL_PREFIX=/home/gurum/gurumnet/rmw_gurumdds/install/rmw_gurumdds_cpp
[1.771s] Invoking command in '/home/gurum/gurumnet/rmw_gurumdds/build/rmw_gurumdds_cpp': AMENT_PREFIX_PATH=/home/gurum/gurumnet/rmw_gurumdds/install/gurumdds_cmake_module:${AMENT_PREFIX_PATH} CMAKE_PREFIX_PATH=/home/gurum/gurumnet/rmw_gurumdds/install/gurumdds_cmake_module:/home/gurum/ros2_iron/install/rosbag2:/home/gurum/ros2_iron/install/rosbag2_storage_default_plugins:/home/gurum/ros2_iron/install/rosbag2_storage_mcap:/home/gurum/ros2_iron/install/rosbag2_compression_zstd:/home/gurum/ros2_iron/install/mcap_vendor:/home/gurum/ros2_iron/install/zstd_vendor:/home/gurum/ros2_iron/install/rviz_visual_testing_framework:/home/gurum/ros2_iron/install/rviz2:/home/gurum/ros2_iron/install/rviz_default_plugins:/home/gurum/ros2_iron/install/rviz_common:/home/gurum/ros2_iron/install/rosbag2_py:/home/gurum/ros2_iron/install/rosbag2_transport:/home/gurum/ros2_iron/install/rosbag2_storage_sqlite3:/home/gurum/ros2_iron/install/rosbag2_examples_cpp:/home/gurum/ros2_iron/install/rosbag2_compression:/home/gurum/ros2_iron/install/rosbag2_cpp:/home/gurum/ros2_iron/install/rosbag2_storage:/home/gurum/ros2_iron/install/image_common:/home/gurum/ros2_iron/install/camera_info_manager:/home/gurum/ros2_iron/install/camera_calibration_parsers:/home/gurum/ros2_iron/install/yaml_cpp_vendor:/home/gurum/ros2_iron/install/interactive_markers:/home/gurum/ros2_iron/install/common_interfaces:/home/gurum/ros2_iron/install/visualization_msgs:/home/gurum/ros2_iron/install/dummy_robot_bringup:/home/gurum/ros2_iron/install/robot_state_publisher:/home/gurum/ros2_iron/install/kdl_parser:/home/gurum/ros2_iron/install/urdf:/home/gurum/ros2_iron/install/urdfdom:/home/gurum/ros2_iron/install/urdf_parser_plugin:/home/gurum/ros2_iron/install/urdfdom_headers:/home/gurum/ros2_iron/install/turtlesim:/home/gurum/ros2_iron/install/trajectory_msgs:/home/gurum/ros2_iron/install/topic_statistics_demo:/home/gurum/ros2_iron/install/pendulum_control:/home/gurum/ros2_iron/install/tlsf_cpp:/home/gurum/ros2_iron/install/geometry2:/home/gurum/ros2_iron/install/tf2_sensor_msgs:/home/gurum/ros2_iron/install/test_tf2:/home/gurum/ros2_iron/install/tf2_kdl:/home/gurum/ros2_iron/install/tf2_geometry_msgs:/home/gurum/ros2_iron/install/tf2_eigen:/home/gurum/ros2_iron/install/tf2_bullet:/home/gurum/ros2_iron/install/tf2_ros:/home/gurum/ros2_iron/install/tf2_py:/home/gurum/ros2_iron/install/tf2_msgs:/home/gurum/ros2_iron/install/tf2_eigen_kdl:/home/gurum/ros2_iron/install/laser_geometry:/home/gurum/ros2_iron/install/tf2:/home/gurum/ros2_iron/install/test_tracetools:/home/gurum/ros2_iron/install/test_msgs:/home/gurum/ros2_iron/install/test_communication:/home/gurum/ros2_iron/install/stereo_msgs:/home/gurum/ros2_iron/install/std_srvs:/home/gurum/ros2_iron/install/shape_msgs:/home/gurum/ros2_iron/install/quality_of_service_demo_cpp:/home/gurum/ros2_iron/install/map_msgs:/home/gurum/ros2_iron/install/intra_process_demo:/home/gurum/ros2_iron/install/image_transport:/home/gurum/ros2_iron/install/image_tools:/home/gurum/ros2_iron/install/dummy_sensors:/home/gurum/ros2_iron/install/sensor_msgs:/home/gurum/ros2_iron/install/ros2cli_common_extensions:/home/gurum/ros2_iron/install/dummy_map_server:/home/gurum/ros2_iron/install/nav_msgs:/home/gurum/ros2_iron/install/logging_demo:/home/gurum/ros2_iron/install/lifecycle:/home/gurum/ros2_iron/install/diagnostic_msgs:/home/gurum/ros2_iron/install/geometry_msgs:/home/gurum/ros2_iron/install/examples_rclcpp_wait_set:/home/gurum/ros2_iron/install/examples_rclcpp_multithreaded_executor:/home/gurum/ros2_iron/install/examples_rclcpp_minimal_subscriber:/home/gurum/ros2_iron/install/examples_rclcpp_minimal_publisher:/home/gurum/ros2_iron/install/examples_rclcpp_minimal_composition:/home/gurum/ros2_iron/install/examples_rclcpp_cbg_executor:/home/gurum/ros2_iron/install/demo_nodes_cpp_native:/home/gurum/ros2_iron/install/demo_nodes_cpp:/home/gurum/ros2_iron/install/composition:/home/gurum/ros2_iron/install/actionlib_msgs:/home/gurum/ros2_iron/install/std_msgs:/home/gurum/ros2_iron/install/rqt_gui_cpp:/home/gurum/ros2_iron/install/rosbag2_test_common:/home/gurum/ros2_iron/install/ros2lifecycle_test_fixtures:/home/gurum/ros2_iron/install/rclcpp_lifecycle:/home/gurum/ros2_iron/install/action_tutorials_cpp:/home/gurum/ros2_iron/install/rclcpp_components:/home/gurum/ros2_iron/install/examples_rclcpp_minimal_action_server:/home/gurum/ros2_iron/install/examples_rclcpp_minimal_action_client:/home/gurum/ros2_iron/install/rclcpp_action:/home/gurum/ros2_iron/install/message_filters:/home/gurum/ros2_iron/install/examples_rclcpp_minimal_timer:/home/gurum/ros2_iron/install/examples_rclcpp_minimal_service:/home/gurum/ros2_iron/install/examples_rclcpp_minimal_client:/home/gurum/ros2_iron/install/examples_rclcpp_async_client:/home/gurum/ros2_iron/install/rclcpp:/home/gurum/ros2_iron/install/libstatistics_collector:/home/gurum/ros2_iron/install/statistics_msgs:/home/gurum/ros2_iron/install/sros2_cmake:/home/gurum/ros2_iron/install/rqt_py_common:/home/gurum/ros2_iron/install/ros_testing:/home/gurum/ros2_iron/install/rclpy:/home/gurum/ros2_iron/install/rosgraph_msgs:/home/gurum/ros2_iron/install/rosbag2_interfaces:/home/gurum/ros2_iron/install/ros2cli_test_interfaces:/home/gurum/ros2_iron/install/rcl_lifecycle:/home/gurum/ros2_iron/install/rcl_action:/home/gurum/ros2_iron/install/rcl:/home/gurum/ros2_iron/install/rmw_implementation:/home/gurum/ros2_iron/install/rmw_fastrtps_dynamic_cpp:/home/gurum/ros2_iron/install/rmw_fastrtps_cpp:/home/gurum/ros2_iron/install/rmw_fastrtps_shared_cpp:/home/gurum/ros2_iron/install/rmw_cyclonedds_cpp:/home/gurum/ros2_iron/install/rmw_connextddsmicro:/home/gurum/ros2_iron/install/rmw_connextdds:/home/gurum/ros2_iron/install/rmw_connextdds_common:/home/gurum/ros2_iron/install/rmw_dds_common:/home/gurum/ros2_iron/install/composition_interfaces:/home/gurum/ros2_iron/install/rcl_interfaces:/home/gurum/ros2_iron/install/pendulum_msgs:/home/gurum/ros2_iron/install/lifecycle_msgs:/home/gurum/ros2_iron/install/example_interfaces:/home/gurum/ros2_iron/install/action_tutorials_interfaces:/home/gurum/ros2_iron/install/rosidl_default_runtime:/home/gurum/ros2_iron/install/rosidl_default_generators:/home/gurum/ros2_iron/install/action_msgs:/home/gurum/ros2_iron/install/unique_identifier_msgs:/home/gurum/ros2_iron/install/ament_lint_common:/home/gurum/ros2_iron/install/ament_cmake_uncrustify:/home/gurum/ros2_iron/install/uncrustify_vendor:/home/gurum/ros2_iron/install/type_description_interfaces:/home/gurum/ros2_iron/install/tracetools:/home/gurum/ros2_iron/install/tlsf:/home/gurum/ros2_iron/install/tinyxml_vendor:/home/gurum/ros2_iron/install/qt_gui_core:/home/gurum/ros2_iron/install/qt_gui_cpp:/home/gurum/ros2_iron/install/pluginlib:/home/gurum/ros2_iron/install/tinyxml2_vendor:/home/gurum/ros2_iron/install/test_security:/home/gurum/ros2_iron/install/test_rmw_implementation:/home/gurum/ros2_iron/install/test_rclcpp:/home/gurum/ros2_iron/install/test_quality_of_service:/home/gurum/ros2_iron/install/test_launch_testing:/home/gurum/ros2_iron/install/test_interface_files:/home/gurum/ros2_iron/install/test_cli_remapping:/home/gurum/ros2_iron/install/test_cli:/home/gurum/ros2_iron/install/qt_gui_app:/home/gurum/ros2_iron/install/qt_gui:/home/gurum/ros2_iron/install/tango_icons_vendor:/home/gurum/ros2_iron/install/sqlite3_vendor:/home/gurum/ros2_iron/install/rcl_logging_spdlog:/home/gurum/ros2_iron/install/spdlog_vendor:/home/gurum/ros2_iron/install/shared_queues_vendor:/home/gurum/ros2_iron/install/service_msgs:/home/gurum/ros2_iron/install/rviz_rendering_tests:/home/gurum/ros2_iron/install/rviz_rendering:/home/gurum/ros2_iron/install/rviz_ogre_vendor:/home/gurum/ros2_iron/install/rviz_assimp_vendor:/home/gurum/ros2_iron/install/rttest:/home/gurum/ros2_iron/install/rti_connext_dds_cmake_module:/home/gurum/ros2_iron/install/builtin_interfaces:/home/gurum/ros2_iron/install/rosidl_core_runtime:/home/gurum/ros2_iron/install/rosidl_core_generators:/home/gurum/ros2_iron/install/rosidl_generator_py:/home/gurum/ros2_iron/install/rosidl_typesupport_tests:/home/gurum/ros2_iron/install/rosidl_typesupport_introspection_tests:/home/gurum/ros2_iron/install/rosidl_typesupport_cpp:/home/gurum/ros2_iron/install/rosidl_typesupport_introspection_cpp:/home/gurum/ros2_iron/install/rosidl_typesupport_c:/home/gurum/ros2_iron/install/rosidl_typesupport_introspection_c:/home/gurum/ros2_iron/install/rosidl_typesupport_fastrtps_c:/home/gurum/ros2_iron/install/rosidl_typesupport_fastrtps_cpp:/home/gurum/ros2_iron/install/rosidl_generator_cpp:/home/gurum/ros2_iron/install/rosidl_runtime_cpp:/home/gurum/ros2_iron/install/rosidl_dynamic_typesupport_fastrtps:/home/gurum/ros2_iron/install/rcl_yaml_param_parser:/home/gurum/ros2_iron/install/rmw:/home/gurum/ros2_iron/install/rosidl_dynamic_typesupport:/home/gurum/ros2_iron/install/rosidl_runtime_c:/home/gurum/ros2_iron/install/rosidl_generator_c:/home/gurum/ros2_iron/install/rosidl_typesupport_interface:/home/gurum/ros2_iron/install/rosidl_generator_dds_idl:/home/gurum/ros2_iron/install/rosidl_cmake:/home/gurum/ros2_iron/install/rosidl_generator_type_description:/home/gurum/ros2_iron/install/rosidl_parser:/home/gurum/ros2_iron/install/rosidl_generator_tests:/home/gurum/ros2_iron/install/rosidl_adapter:/home/gurum/ros2_iron/install/rosbag2_tests:/home/gurum/ros2_iron/install/rosbag2_test_msgdefs:/home/gurum/ros2_iron/install/ros_environment:/home/gurum/ros2_iron/install/rmw_implementation_cmake:/home/gurum/ros2_iron/install/resource_retriever:/home/gurum/ros2_iron/install/class_loader:/home/gurum/ros2_iron/install/rcpputils:/home/gurum/ros2_iron/install/rcl_logging_noop:/home/gurum/ros2_iron/install/rcl_logging_interface:/home/gurum/ros2_iron/install/rcutils:/home/gurum/ros2_iron/install/qt_gui_py_common:/home/gurum/ros2_iron/install/qt_dotgraph:/home/gurum/ros2_iron/install/python_qt_binding:/home/gurum/ros2_iron/install/python_orocos_kdl_vendor:/home/gurum/ros2_iron/install/launch_testing_ament_cmake:/home/gurum/ros2_iron/install/python_cmake_module:/home/gurum/ros2_iron/install/pybind11_vendor:/home/gurum/ros2_iron/install/performance_test_fixture:/home/gurum/ros2_iron/install/osrf_testing_tools_cpp:/home/gurum/ros2_iron/install/orocos_kdl_vendor:/home/gurum/ros2_iron/install/mimick_vendor:/home/gurum/ros2_iron/install/libyaml_vendor:/home/gurum/ros2_iron/install/libcurl_vendor:/home/gurum/ros2_iron/install/keyboard_handler:/home/gurum/ros2_iron/install/ignition_math6_vendor:/home/gurum/ros2_iron/install/ignition_cmake2_vendor:/home/gurum/ros2_iron/install/cyclonedds:/home/gurum/ros2_iron/install/iceoryx_posh:/home/gurum/ros2_iron/install/iceoryx_hoofs:/home/gurum/ros2_iron/install/iceoryx_binding_c:/home/gurum/ros2_iron/install/ament_cmake_ros:/home/gurum/ros2_iron/install/ament_cmake_gmock:/home/gurum/ros2_iron/install/gmock_vendor:/home/gurum/ros2_iron/install/ament_cmake_auto:/home/gurum/ros2_iron/install/ament_cmake_gtest:/home/gurum/ros2_iron/install/gtest_vendor:/home/gurum/ros2_iron/install/ament_cmake_google_benchmark:/home/gurum/ros2_iron/install/google_benchmark_vendor:/home/gurum/ros2_iron/install/fastrtps:/home/gurum/ros2_iron/install/foonathan_memory_vendor:/home/gurum/ros2_iron/install/fastrtps_cmake_module:/home/gurum/ros2_iron/install/fastcdr:/home/gurum/ros2_iron/install/eigen3_cmake_module:/home/gurum/ros2_iron/install/console_bridge_vendor:/home/gurum/ros2_iron/install/ament_cmake_xmllint:/home/gurum/ros2_iron/install/ament_cmake_pyflakes:/home/gurum/ros2_iron/install/ament_cmake_pycodestyle:/home/gurum/ros2_iron/install/ament_cmake_pep257:/home/gurum/ros2_iron/install/ament_cmake_pclint:/home/gurum/ros2_iron/install/ament_lint_auto:/home/gurum/ros2_iron/install/ament_cmake:/home/gurum/ros2_iron/install/ament_cmake_version:/home/gurum/ros2_iron/install/ament_cmake_vendor_package:/home/gurum/ros2_iron/install/ament_cmake_pytest:/home/gurum/ros2_iron/install/ament_cmake_mypy:/home/gurum/ros2_iron/install/ament_cmake_lint_cmake:/home/gurum/ros2_iron/install/ament_cmake_flake8:/home/gurum/ros2_iron/install/ament_cmake_cpplint:/home/gurum/ros2_iron/install/ament_cmake_cppcheck:/home/gurum/ros2_iron/install/ament_cmake_copyright:/home/gurum/ros2_iron/install/ament_cmake_clang_tidy:/home/gurum/ros2_iron/install/ament_cmake_clang_format:/home/gurum/ros2_iron/install/ament_cmake_test:/home/gurum/ros2_iron/install/ament_cmake_target_dependencies:/home/gurum/ros2_iron/install/ament_cmake_python:/home/gurum/ros2_iron/install/ament_cmake_export_dependencies:/home/gurum/ros2_iron/install/ament_cmake_libraries:/home/gurum/ros2_iron/install/ament_cmake_include_directories:/home/gurum/ros2_iron/install/ament_cmake_gen_version_h:/home/gurum/ros2_iron/install/ament_cmake_export_targets:/home/gurum/ros2_iron/install/ament_cmake_export_link_flags:/home/gurum/ros2_iron/install/ament_cmake_export_interfaces:/home/gurum/ros2_iron/install/ament_cmake_export_libraries:/home/gurum/ros2_iron/install/ament_cmake_export_include_directories:/home/gurum/ros2_iron/install/ament_cmake_export_definitions:/home/gurum/ros2_iron/install/ament_cmake_core:/home/gurum/ros2_iron/install/ament_index_cpp:/home/gurum/ros2_iron/install/rqt_bag_plugins:/home/gurum/ros2_iron/install/rqt_bag:/home/gurum/ros2_iron/install/rosbag2_examples_py:/home/gurum/ros2_iron/install/launch_testing_examples:/home/gurum/ros2_iron/install/ros2bag:/home/gurum/ros2_iron/install/tracetools_test:/home/gurum/ros2_iron/install/tracetools_launch:/home/gurum/ros2_iron/install/topic_monitor:/home/gurum/ros2_iron/install/tf2_tools:/home/gurum/ros2_iron/install/examples_tf2_py:/home/gurum/ros2_iron/install/tf2_ros_py:/home/gurum/ros2_iron/install/examples_rclpy_pointcloud_publisher:/home/gurum/ros2_iron/install/sensor_msgs_py:/home/gurum/ros2_iron/install/quality_of_service_demo_py:/home/gurum/ros2_iron/install/rqt_plot:/home/gurum/ros2_iron/install/ros2doctor:/home/gurum/ros2_iron/install/lifecycle_py:/home/gurum/ros2_iron/install/examples_rclpy_minimal_subscriber:/home/gurum/ros2_iron/install/examples_rclpy_minimal_service:/home/gurum/ros2_iron/install/examples_rclpy_minimal_publisher:/home/gurum/ros2_iron/install/examples_rclpy_minimal_client:/home/gurum/ros2_iron/install/examples_rclpy_executors:/home/gurum/ros2_iron/install/demo_nodes_py:/home/gurum/ros2_iron/install/rqt:/home/gurum/ros2_iron/install/ros2component:/home/gurum/ros2_iron/install/sros2:/home/gurum/ros2_iron/install/rqt_topic:/home/gurum/ros2_iron/install/rqt_srv:/home/gurum/ros2_iron/install/rqt_shell:/home/gurum/ros2_iron/install/rqt_service_caller:/home/gurum/ros2_iron/install/rqt_reconfigure:/home/gurum/ros2_iron/install/rqt_py_console:/home/gurum/ros2_iron/install/rqt_publisher:/home/gurum/ros2_iron/install/rqt_action:/home/gurum/ros2_iron/install/rqt_msg:/home/gurum/ros2_iron/install/rqt_console:/home/gurum/ros2_iron/install/rqt_graph:/home/gurum/ros2_iron/install/rqt_gui_py:/home/gurum/ros2_iron/install/rqt_gui:/home/gurum/ros2_iron/install/ros2trace:/home/gurum/ros2_iron/install/ros2topic:/home/gurum/ros2_iron/install/ros2test:/home/gurum/ros2_iron/install/ros2param:/home/gurum/ros2_iron/install/ros2lifecycle:/home/gurum/ros2_iron/install/ros2service:/home/gurum/ros2_iron/install/ros2run:/home/gurum/ros2_iron/install/ros2launch:/home/gurum/ros2_iron/install/ros2pkg:/home/gurum/ros2_iron/install/ros2node:/home/gurum/ros2_iron/install/ros2multicast:/home/gurum/ros2_iron/install/ros2interface:/home/gurum/ros2_iron/install/ros2action:/home/gurum/ros2_iron/install/ros2cli:/home/gurum/ros2_iron/install/launch_testing_ros:/home/gurum/ros2_iron/install/launch_ros:/home/gurum/ros2_iron/install/examples_rclpy_minimal_action_server:/home/gurum/ros2_iron/install/examples_rclpy_minimal_action_client:/home/gurum/ros2_iron/install/examples_rclpy_guard_conditions:/home/gurum/ros2_iron/install/action_tutorials_py:/home/gurum/ros2_iron/install/ament_uncrustify:/home/gurum/ros2_iron/install/tracetools_trace:/home/gurum/ros2_iron/install/tracetools_read:/home/gurum/ros2_iron/install/test_tracetools_launch:/home/gurum/ros2_iron/install/test_ros2trace:/home/gurum/ros2_iron/install/test_launch_ros:/home/gurum/ros2_iron/install/rpyutils:/home/gurum/ros2_iron/install/rosidl_runtime_py:/home/gurum/ros2_iron/install/rosidl_pycommon:/home/gurum/ros2_iron/install/rosidl_cli:/home/gurum/ros2_iron/install/launch_pytest:/home/gurum/ros2_iron/install/launch_testing:/home/gurum/ros2_iron/install/launch_yaml:/home/gurum/ros2_iron/install/launch_xml:/home/gurum/ros2_iron/install/launch:/home/gurum/ros2_iron/install/osrf_pycommon:/home/gurum/ros2_iron/install/domain_coordinator:/home/gurum/ros2_iron/install/ament_xmllint:/home/gurum/ros2_iron/install/ament_pyflakes:/home/gurum/ros2_iron/install/ament_pycodestyle:/home/gurum/ros2_iron/install/ament_pep257:/home/gurum/ros2_iron/install/ament_pclint:/home/gurum/ros2_iron/install/ament_package:/home/gurum/ros2_iron/install/ament_mypy:/home/gurum/ros2_iron/install/ament_lint_cmake:/home/gurum/ros2_iron/install/ament_flake8:/home/gurum/ros2_iron/install/ament_copyright:/home/gurum/ros2_iron/install/ament_lint:/home/gurum/ros2_iron/install/ament_index_python:/home/gurum/ros2_iron/install/ament_cpplint:/home/gurum/ros2_iron/install/ament_cppcheck:/home/gurum/ros2_iron/install/ament_clang_tidy:/home/gurum/ros2_iron/install/ament_clang_format GURUMDDS_HOME=/usr/share/gurumdds/cmake/../../.. LD_LIBRARY_PATH=/usr/share/gurumdds/cmake/../../../lib:${LD_LIBRARY_PATH} _=/usr/bin/env /usr/bin/cmake --build /home/gurum/gurumnet/rmw_gurumdds/build/rmw_gurumdds_cpp -- -j16 -l16
[1.841s] [ 18%] [32mBuilding CXX object CMakeFiles/rmw_gurumdds_cpp.dir/src/qos.cpp.o[0m
[1.841s] [ 18%] [32mBuilding CXX object CMakeFiles/rmw_gurumdds_cpp.dir/src/get_entities.cpp.o[0m
[1.841s] [ 18%] [32mBuilding CXX object CMakeFiles/rmw_gurumdds_cpp.dir/src/message_converter.cpp.o[0m
[1.841s] [ 18%] [32mBuilding CXX object CMakeFiles/rmw_gurumdds_cpp.dir/src/names_and_types_helpers.cpp.o[0m
[1.841s] [ 21%] [32mBuilding CXX object CMakeFiles/rmw_gurumdds_cpp.dir/src/rmw_compare_gids_equal.cpp.o[0m
[1.841s] [ 24%] [32mBuilding CXX object CMakeFiles/rmw_gurumdds_cpp.dir/src/rmw_client.cpp.o[0m
[1.841s] [ 24%] [32mBuilding CXX object CMakeFiles/rmw_gurumdds_cpp.dir/src/identifier.cpp.o[0m
[1.841s] [ 27%] [32mBuilding CXX object CMakeFiles/rmw_gurumdds_cpp.dir/src/rmw_count.cpp.o[0m
[1.842s] [ 29%] [32mBuilding CXX object CMakeFiles/rmw_gurumdds_cpp.dir/src/rmw_event.cpp.o[0m
[1.842s] [ 32%] [32mBuilding CXX object CMakeFiles/rmw_gurumdds_cpp.dir/src/rmw_features.cpp.o[0m
[1.842s] [ 18%] [32mBuilding CXX object CMakeFiles/rmw_gurumdds_cpp.dir/src/event_converter.cpp.o[0m
[1.842s] [ 18%] [32mBuilding CXX object CMakeFiles/rmw_gurumdds_cpp.dir/src/demangle.cpp.o[0m
[1.842s] [ 35%] [32mBuilding CXX object CMakeFiles/rmw_gurumdds_cpp.dir/src/rmw_get_implementation_identifier.cpp.o[0m
[1.842s] [ 37%] [32mBuilding CXX object CMakeFiles/rmw_gurumdds_cpp.dir/src/namespace_prefix.cpp.o[0m
[1.842s] [ 40%] [32mBuilding CXX object CMakeFiles/rmw_gurumdds_cpp.dir/src/rmw_get_network_flow_endpoints.cpp.o[0m
[1.842s] [ 43%] [32mBuilding CXX object CMakeFiles/rmw_gurumdds_cpp.dir/src/rmw_get_serialization_format.cpp.o[0m
[1.881s] [ 45%] [32mBuilding CXX object CMakeFiles/rmw_gurumdds_cpp.dir/src/rmw_get_topic_endpoint_info.cpp.o[0m
[1.916s] [ 48%] [32mBuilding CXX object CMakeFiles/rmw_gurumdds_cpp.dir/src/rmw_guard_condition.cpp.o[0m
[1.934s] [ 51%] [32mBuilding CXX object CMakeFiles/rmw_gurumdds_cpp.dir/src/rmw_init.cpp.o[0m
[1.940s] [ 54%] [32mBuilding CXX object CMakeFiles/rmw_gurumdds_cpp.dir/src/rmw_logging.cpp.o[0m
[1.943s] [ 56%] [32mBuilding CXX object CMakeFiles/rmw_gurumdds_cpp.dir/src/rmw_node_info_and_types.cpp.o[0m
[1.957s] [ 59%] [32mBuilding CXX object CMakeFiles/rmw_gurumdds_cpp.dir/src/rmw_node.cpp.o[0m
[1.960s] [ 62%] [32mBuilding CXX object CMakeFiles/rmw_gurumdds_cpp.dir/src/rmw_publisher.cpp.o[0m
[2.079s] [ 64%] [32mBuilding CXX object CMakeFiles/rmw_gurumdds_cpp.dir/src/rmw_qos.cpp.o[0m
[2.157s] [ 67%] [32mBuilding CXX object CMakeFiles/rmw_gurumdds_cpp.dir/src/rmw_serialize.cpp.o[0m
[2.258s] [ 70%] [32mBuilding CXX object CMakeFiles/rmw_gurumdds_cpp.dir/src/rmw_service_names_and_types.cpp.o[0m
[2.406s] [01m[K/home/gurum/gurumnet/rmw_gurumdds/rmw_gurumdds_cpp/src/rmw_event.cpp:[m[K In function [01m[Krmw_ret_t rmw_take_event(const rmw_event_t*, void*, bool*)[m[K:
[2.406s] [01m[K/home/gurum/gurumnet/rmw_gurumdds/rmw_gurumdds_cpp/src/rmw_event.cpp:176:5:[m[K [01;31m[Kerror: [m[Kmultiple default labels in one switch
[2.406s]   176 |     [01;31m[Kdefault[m[K:
[2.406s]       |     [01;31m[K^~~~~~~[m[K
[2.406s] [01m[K/home/gurum/gurumnet/rmw_gurumdds/rmw_gurumdds_cpp/src/rmw_event.cpp:171:5:[m[K [01;36m[Knote: [m[Kthis is the first default label
[2.406s]   171 |     [01;36m[Kdefault[m[K:
[2.406s]       |     [01;36m[K^~~~~~~[m[K
[2.418s] [ 72%] [32mBuilding CXX object CMakeFiles/rmw_gurumdds_cpp.dir/src/rmw_service.cpp.o[0m
[2.456s] [ 75%] [32mBuilding CXX object CMakeFiles/rmw_gurumdds_cpp.dir/src/rmw_subscription.cpp.o[0m
[2.457s] gmake[2]: *** [CMakeFiles/rmw_gurumdds_cpp.dir/build.make:230: CMakeFiles/rmw_gurumdds_cpp.dir/src/rmw_event.cpp.o] Error 1
[2.457s] gmake[2]: *** Waiting for unfinished jobs....
[3.793s] gmake[1]: *** [CMakeFiles/Makefile2:137: CMakeFiles/rmw_gurumdds_cpp.dir/all] Error 2
[3.794s] gmake: *** [Makefile:146: all] Error 2
[3.795s] Invoked command in '/home/gurum/gurumnet/rmw_gurumdds/build/rmw_gurumdds_cpp' returned '2': AMENT_PREFIX_PATH=/home/gurum/gurumnet/rmw_gurumdds/install/gurumdds_cmake_module:${AMENT_PREFIX_PATH} CMAKE_PREFIX_PATH=/home/gurum/gurumnet/rmw_gurumdds/install/gurumdds_cmake_module:/home/gurum/ros2_iron/install/rosbag2:/home/gurum/ros2_iron/install/rosbag2_storage_default_plugins:/home/gurum/ros2_iron/install/rosbag2_storage_mcap:/home/gurum/ros2_iron/install/rosbag2_compression_zstd:/home/gurum/ros2_iron/install/mcap_vendor:/home/gurum/ros2_iron/install/zstd_vendor:/home/gurum/ros2_iron/install/rviz_visual_testing_framework:/home/gurum/ros2_iron/install/rviz2:/home/gurum/ros2_iron/install/rviz_default_plugins:/home/gurum/ros2_iron/install/rviz_common:/home/gurum/ros2_iron/install/rosbag2_py:/home/gurum/ros2_iron/install/rosbag2_transport:/home/gurum/ros2_iron/install/rosbag2_storage_sqlite3:/home/gurum/ros2_iron/install/rosbag2_examples_cpp:/home/gurum/ros2_iron/install/rosbag2_compression:/home/gurum/ros2_iron/install/rosbag2_cpp:/home/gurum/ros2_iron/install/rosbag2_storage:/home/gurum/ros2_iron/install/image_common:/home/gurum/ros2_iron/install/camera_info_manager:/home/gurum/ros2_iron/install/camera_calibration_parsers:/home/gurum/ros2_iron/install/yaml_cpp_vendor:/home/gurum/ros2_iron/install/interactive_markers:/home/gurum/ros2_iron/install/common_interfaces:/home/gurum/ros2_iron/install/visualization_msgs:/home/gurum/ros2_iron/install/dummy_robot_bringup:/home/gurum/ros2_iron/install/robot_state_publisher:/home/gurum/ros2_iron/install/kdl_parser:/home/gurum/ros2_iron/install/urdf:/home/gurum/ros2_iron/install/urdfdom:/home/gurum/ros2_iron/install/urdf_parser_plugin:/home/gurum/ros2_iron/install/urdfdom_headers:/home/gurum/ros2_iron/install/turtlesim:/home/gurum/ros2_iron/install/trajectory_msgs:/home/gurum/ros2_iron/install/topic_statistics_demo:/home/gurum/ros2_iron/install/pendulum_control:/home/gurum/ros2_iron/install/tlsf_cpp:/home/gurum/ros2_iron/install/geometry2:/home/gurum/ros2_iron/install/tf2_sensor_msgs:/home/gurum/ros2_iron/install/test_tf2:/home/gurum/ros2_iron/install/tf2_kdl:/home/gurum/ros2_iron/install/tf2_geometry_msgs:/home/gurum/ros2_iron/install/tf2_eigen:/home/gurum/ros2_iron/install/tf2_bullet:/home/gurum/ros2_iron/install/tf2_ros:/home/gurum/ros2_iron/install/tf2_py:/home/gurum/ros2_iron/install/tf2_msgs:/home/gurum/ros2_iron/install/tf2_eigen_kdl:/home/gurum/ros2_iron/install/laser_geometry:/home/gurum/ros2_iron/install/tf2:/home/gurum/ros2_iron/install/test_tracetools:/home/gurum/ros2_iron/install/test_msgs:/home/gurum/ros2_iron/install/test_communication:/home/gurum/ros2_iron/install/stereo_msgs:/home/gurum/ros2_iron/install/std_srvs:/home/gurum/ros2_iron/install/shape_msgs:/home/gurum/ros2_iron/install/quality_of_service_demo_cpp:/home/gurum/ros2_iron/install/map_msgs:/home/gurum/ros2_iron/install/intra_process_demo:/home/gurum/ros2_iron/install/image_transport:/home/gurum/ros2_iron/install/image_tools:/home/gurum/ros2_iron/install/dummy_sensors:/home/gurum/ros2_iron/install/sensor_msgs:/home/gurum/ros2_iron/install/ros2cli_common_extensions:/home/gurum/ros2_iron/install/dummy_map_server:/home/gurum/ros2_iron/install/nav_msgs:/home/gurum/ros2_iron/install/logging_demo:/home/gurum/ros2_iron/install/lifecycle:/home/gurum/ros2_iron/install/diagnostic_msgs:/home/gurum/ros2_iron/install/geometry_msgs:/home/gurum/ros2_iron/install/examples_rclcpp_wait_set:/home/gurum/ros2_iron/install/examples_rclcpp_multithreaded_executor:/home/gurum/ros2_iron/install/examples_rclcpp_minimal_subscriber:/home/gurum/ros2_iron/install/examples_rclcpp_minimal_publisher:/home/gurum/ros2_iron/install/examples_rclcpp_minimal_composition:/home/gurum/ros2_iron/install/examples_rclcpp_cbg_executor:/home/gurum/ros2_iron/install/demo_nodes_cpp_native:/home/gurum/ros2_iron/install/demo_nodes_cpp:/home/gurum/ros2_iron/install/composition:/home/gurum/ros2_iron/install/actionlib_msgs:/home/gurum/ros2_iron/install/std_msgs:/home/gurum/ros2_iron/install/rqt_gui_cpp:/home/gurum/ros2_iron/install/rosbag2_test_common:/home/gurum/ros2_iron/install/ros2lifecycle_test_fixtures:/home/gurum/ros2_iron/install/rclcpp_lifecycle:/home/gurum/ros2_iron/install/action_tutorials_cpp:/home/gurum/ros2_iron/install/rclcpp_components:/home/gurum/ros2_iron/install/examples_rclcpp_minimal_action_server:/home/gurum/ros2_iron/install/examples_rclcpp_minimal_action_client:/home/gurum/ros2_iron/install/rclcpp_action:/home/gurum/ros2_iron/install/message_filters:/home/gurum/ros2_iron/install/examples_rclcpp_minimal_timer:/home/gurum/ros2_iron/install/examples_rclcpp_minimal_service:/home/gurum/ros2_iron/install/examples_rclcpp_minimal_client:/home/gurum/ros2_iron/install/examples_rclcpp_async_client:/home/gurum/ros2_iron/install/rclcpp:/home/gurum/ros2_iron/install/libstatistics_collector:/home/gurum/ros2_iron/install/statistics_msgs:/home/gurum/ros2_iron/install/sros2_cmake:/home/gurum/ros2_iron/install/rqt_py_common:/home/gurum/ros2_iron/install/ros_testing:/home/gurum/ros2_iron/install/rclpy:/home/gurum/ros2_iron/install/rosgraph_msgs:/home/gurum/ros2_iron/install/rosbag2_interfaces:/home/gurum/ros2_iron/install/ros2cli_test_interfaces:/home/gurum/ros2_iron/install/rcl_lifecycle:/home/gurum/ros2_iron/install/rcl_action:/home/gurum/ros2_iron/install/rcl:/home/gurum/ros2_iron/install/rmw_implementation:/home/gurum/ros2_iron/install/rmw_fastrtps_dynamic_cpp:/home/gurum/ros2_iron/install/rmw_fastrtps_cpp:/home/gurum/ros2_iron/install/rmw_fastrtps_shared_cpp:/home/gurum/ros2_iron/install/rmw_cyclonedds_cpp:/home/gurum/ros2_iron/install/rmw_connextddsmicro:/home/gurum/ros2_iron/install/rmw_connextdds:/home/gurum/ros2_iron/install/rmw_connextdds_common:/home/gurum/ros2_iron/install/rmw_dds_common:/home/gurum/ros2_iron/install/composition_interfaces:/home/gurum/ros2_iron/install/rcl_interfaces:/home/gurum/ros2_iron/install/pendulum_msgs:/home/gurum/ros2_iron/install/lifecycle_msgs:/home/gurum/ros2_iron/install/example_interfaces:/home/gurum/ros2_iron/install/action_tutorials_interfaces:/home/gurum/ros2_iron/install/rosidl_default_runtime:/home/gurum/ros2_iron/install/rosidl_default_generators:/home/gurum/ros2_iron/install/action_msgs:/home/gurum/ros2_iron/install/unique_identifier_msgs:/home/gurum/ros2_iron/install/ament_lint_common:/home/gurum/ros2_iron/install/ament_cmake_uncrustify:/home/gurum/ros2_iron/install/uncrustify_vendor:/home/gurum/ros2_iron/install/type_description_interfaces:/home/gurum/ros2_iron/install/tracetools:/home/gurum/ros2_iron/install/tlsf:/home/gurum/ros2_iron/install/tinyxml_vendor:/home/gurum/ros2_iron/install/qt_gui_core:/home/gurum/ros2_iron/install/qt_gui_cpp:/home/gurum/ros2_iron/install/pluginlib:/home/gurum/ros2_iron/install/tinyxml2_vendor:/home/gurum/ros2_iron/install/test_security:/home/gurum/ros2_iron/install/test_rmw_implementation:/home/gurum/ros2_iron/install/test_rclcpp:/home/gurum/ros2_iron/install/test_quality_of_service:/home/gurum/ros2_iron/install/test_launch_testing:/home/gurum/ros2_iron/install/test_interface_files:/home/gurum/ros2_iron/install/test_cli_remapping:/home/gurum/ros2_iron/install/test_cli:/home/gurum/ros2_iron/install/qt_gui_app:/home/gurum/ros2_iron/install/qt_gui:/home/gurum/ros2_iron/install/tango_icons_vendor:/home/gurum/ros2_iron/install/sqlite3_vendor:/home/gurum/ros2_iron/install/rcl_logging_spdlog:/home/gurum/ros2_iron/install/spdlog_vendor:/home/gurum/ros2_iron/install/shared_queues_vendor:/home/gurum/ros2_iron/install/service_msgs:/home/gurum/ros2_iron/install/rviz_rendering_tests:/home/gurum/ros2_iron/install/rviz_rendering:/home/gurum/ros2_iron/install/rviz_ogre_vendor:/home/gurum/ros2_iron/install/rviz_assimp_vendor:/home/gurum/ros2_iron/install/rttest:/home/gurum/ros2_iron/install/rti_connext_dds_cmake_module:/home/gurum/ros2_iron/install/builtin_interfaces:/home/gurum/ros2_iron/install/rosidl_core_runtime:/home/gurum/ros2_iron/install/rosidl_core_generators:/home/gurum/ros2_iron/install/rosidl_generator_py:/home/gurum/ros2_iron/install/rosidl_typesupport_tests:/home/gurum/ros2_iron/install/rosidl_typesupport_introspection_tests:/home/gurum/ros2_iron/install/rosidl_typesupport_cpp:/home/gurum/ros2_iron/install/rosidl_typesupport_introspection_cpp:/home/gurum/ros2_iron/install/rosidl_typesupport_c:/home/gurum/ros2_iron/install/rosidl_typesupport_introspection_c:/home/gurum/ros2_iron/install/rosidl_typesupport_fastrtps_c:/home/gurum/ros2_iron/install/rosidl_typesupport_fastrtps_cpp:/home/gurum/ros2_iron/install/rosidl_generator_cpp:/home/gurum/ros2_iron/install/rosidl_runtime_cpp:/home/gurum/ros2_iron/install/rosidl_dynamic_typesupport_fastrtps:/home/gurum/ros2_iron/install/rcl_yaml_param_parser:/home/gurum/ros2_iron/install/rmw:/home/gurum/ros2_iron/install/rosidl_dynamic_typesupport:/home/gurum/ros2_iron/install/rosidl_runtime_c:/home/gurum/ros2_iron/install/rosidl_generator_c:/home/gurum/ros2_iron/install/rosidl_typesupport_interface:/home/gurum/ros2_iron/install/rosidl_generator_dds_idl:/home/gurum/ros2_iron/install/rosidl_cmake:/home/gurum/ros2_iron/install/rosidl_generator_type_description:/home/gurum/ros2_iron/install/rosidl_parser:/home/gurum/ros2_iron/install/rosidl_generator_tests:/home/gurum/ros2_iron/install/rosidl_adapter:/home/gurum/ros2_iron/install/rosbag2_tests:/home/gurum/ros2_iron/install/rosbag2_test_msgdefs:/home/gurum/ros2_iron/install/ros_environment:/home/gurum/ros2_iron/install/rmw_implementation_cmake:/home/gurum/ros2_iron/install/resource_retriever:/home/gurum/ros2_iron/install/class_loader:/home/gurum/ros2_iron/install/rcpputils:/home/gurum/ros2_iron/install/rcl_logging_noop:/home/gurum/ros2_iron/install/rcl_logging_interface:/home/gurum/ros2_iron/install/rcutils:/home/gurum/ros2_iron/install/qt_gui_py_common:/home/gurum/ros2_iron/install/qt_dotgraph:/home/gurum/ros2_iron/install/python_qt_binding:/home/gurum/ros2_iron/install/python_orocos_kdl_vendor:/home/gurum/ros2_iron/install/launch_testing_ament_cmake:/home/gurum/ros2_iron/install/python_cmake_module:/home/gurum/ros2_iron/install/pybind11_vendor:/home/gurum/ros2_iron/install/performance_test_fixture:/home/gurum/ros2_iron/install/osrf_testing_tools_cpp:/home/gurum/ros2_iron/install/orocos_kdl_vendor:/home/gurum/ros2_iron/install/mimick_vendor:/home/gurum/ros2_iron/install/libyaml_vendor:/home/gurum/ros2_iron/install/libcurl_vendor:/home/gurum/ros2_iron/install/keyboard_handler:/home/gurum/ros2_iron/install/ignition_math6_vendor:/home/gurum/ros2_iron/install/ignition_cmake2_vendor:/home/gurum/ros2_iron/install/cyclonedds:/home/gurum/ros2_iron/install/iceoryx_posh:/home/gurum/ros2_iron/install/iceoryx_hoofs:/home/gurum/ros2_iron/install/iceoryx_binding_c:/home/gurum/ros2_iron/install/ament_cmake_ros:/home/gurum/ros2_iron/install/ament_cmake_gmock:/home/gurum/ros2_iron/install/gmock_vendor:/home/gurum/ros2_iron/install/ament_cmake_auto:/home/gurum/ros2_iron/install/ament_cmake_gtest:/home/gurum/ros2_iron/install/gtest_vendor:/home/gurum/ros2_iron/install/ament_cmake_google_benchmark:/home/gurum/ros2_iron/install/google_benchmark_vendor:/home/gurum/ros2_iron/install/fastrtps:/home/gurum/ros2_iron/install/foonathan_memory_vendor:/home/gurum/ros2_iron/install/fastrtps_cmake_module:/home/gurum/ros2_iron/install/fastcdr:/home/gurum/ros2_iron/install/eigen3_cmake_module:/home/gurum/ros2_iron/install/console_bridge_vendor:/home/gurum/ros2_iron/install/ament_cmake_xmllint:/home/gurum/ros2_iron/install/ament_cmake_pyflakes:/home/gurum/ros2_iron/install/ament_cmake_pycodestyle:/home/gurum/ros2_iron/install/ament_cmake_pep257:/home/gurum/ros2_iron/install/ament_cmake_pclint:/home/gurum/ros2_iron/install/ament_lint_auto:/home/gurum/ros2_iron/install/ament_cmake:/home/gurum/ros2_iron/install/ament_cmake_version:/home/gurum/ros2_iron/install/ament_cmake_vendor_package:/home/gurum/ros2_iron/install/ament_cmake_pytest:/home/gurum/ros2_iron/install/ament_cmake_mypy:/home/gurum/ros2_iron/install/ament_cmake_lint_cmake:/home/gurum/ros2_iron/install/ament_cmake_flake8:/home/gurum/ros2_iron/install/ament_cmake_cpplint:/home/gurum/ros2_iron/install/ament_cmake_cppcheck:/home/gurum/ros2_iron/install/ament_cmake_copyright:/home/gurum/ros2_iron/install/ament_cmake_clang_tidy:/home/gurum/ros2_iron/install/ament_cmake_clang_format:/home/gurum/ros2_iron/install/ament_cmake_test:/home/gurum/ros2_iron/install/ament_cmake_target_dependencies:/home/gurum/ros2_iron/install/ament_cmake_python:/home/gurum/ros2_iron/install/ament_cmake_export_dependencies:/home/gurum/ros2_iron/install/ament_cmake_libraries:/home/gurum/ros2_iron/install/ament_cmake_include_directories:/home/gurum/ros2_iron/install/ament_cmake_gen_version_h:/home/gurum/ros2_iron/install/ament_cmake_export_targets:/home/gurum/ros2_iron/install/ament_cmake_export_link_flags:/home/gurum/ros2_iron/install/ament_cmake_export_interfaces:/home/gurum/ros2_iron/install/ament_cmake_export_libraries:/home/gurum/ros2_iron/install/ament_cmake_export_include_directories:/home/gurum/ros2_iron/install/ament_cmake_export_definitions:/home/gurum/ros2_iron/install/ament_cmake_core:/home/gurum/ros2_iron/install/ament_index_cpp:/home/gurum/ros2_iron/install/rqt_bag_plugins:/home/gurum/ros2_iron/install/rqt_bag:/home/gurum/ros2_iron/install/rosbag2_examples_py:/home/gurum/ros2_iron/install/launch_testing_examples:/home/gurum/ros2_iron/install/ros2bag:/home/gurum/ros2_iron/install/tracetools_test:/home/gurum/ros2_iron/install/tracetools_launch:/home/gurum/ros2_iron/install/topic_monitor:/home/gurum/ros2_iron/install/tf2_tools:/home/gurum/ros2_iron/install/examples_tf2_py:/home/gurum/ros2_iron/install/tf2_ros_py:/home/gurum/ros2_iron/install/examples_rclpy_pointcloud_publisher:/home/gurum/ros2_iron/install/sensor_msgs_py:/home/gurum/ros2_iron/install/quality_of_service_demo_py:/home/gurum/ros2_iron/install/rqt_plot:/home/gurum/ros2_iron/install/ros2doctor:/home/gurum/ros2_iron/install/lifecycle_py:/home/gurum/ros2_iron/install/examples_rclpy_minimal_subscriber:/home/gurum/ros2_iron/install/examples_rclpy_minimal_service:/home/gurum/ros2_iron/install/examples_rclpy_minimal_publisher:/home/gurum/ros2_iron/install/examples_rclpy_minimal_client:/home/gurum/ros2_iron/install/examples_rclpy_executors:/home/gurum/ros2_iron/install/demo_nodes_py:/home/gurum/ros2_iron/install/rqt:/home/gurum/ros2_iron/install/ros2component:/home/gurum/ros2_iron/install/sros2:/home/gurum/ros2_iron/install/rqt_topic:/home/gurum/ros2_iron/install/rqt_srv:/home/gurum/ros2_iron/install/rqt_shell:/home/gurum/ros2_iron/install/rqt_service_caller:/home/gurum/ros2_iron/install/rqt_reconfigure:/home/gurum/ros2_iron/install/rqt_py_console:/home/gurum/ros2_iron/install/rqt_publisher:/home/gurum/ros2_iron/install/rqt_action:/home/gurum/ros2_iron/install/rqt_msg:/home/gurum/ros2_iron/install/rqt_console:/home/gurum/ros2_iron/install/rqt_graph:/home/gurum/ros2_iron/install/rqt_gui_py:/home/gurum/ros2_iron/install/rqt_gui:/home/gurum/ros2_iron/install/ros2trace:/home/gurum/ros2_iron/install/ros2topic:/home/gurum/ros2_iron/install/ros2test:/home/gurum/ros2_iron/install/ros2param:/home/gurum/ros2_iron/install/ros2lifecycle:/home/gurum/ros2_iron/install/ros2service:/home/gurum/ros2_iron/install/ros2run:/home/gurum/ros2_iron/install/ros2launch:/home/gurum/ros2_iron/install/ros2pkg:/home/gurum/ros2_iron/install/ros2node:/home/gurum/ros2_iron/install/ros2multicast:/home/gurum/ros2_iron/install/ros2interface:/home/gurum/ros2_iron/install/ros2action:/home/gurum/ros2_iron/install/ros2cli:/home/gurum/ros2_iron/install/launch_testing_ros:/home/gurum/ros2_iron/install/launch_ros:/home/gurum/ros2_iron/install/examples_rclpy_minimal_action_server:/home/gurum/ros2_iron/install/examples_rclpy_minimal_action_client:/home/gurum/ros2_iron/install/examples_rclpy_guard_conditions:/home/gurum/ros2_iron/install/action_tutorials_py:/home/gurum/ros2_iron/install/ament_uncrustify:/home/gurum/ros2_iron/install/tracetools_trace:/home/gurum/ros2_iron/install/tracetools_read:/home/gurum/ros2_iron/install/test_tracetools_launch:/home/gurum/ros2_iron/install/test_ros2trace:/home/gurum/ros2_iron/install/test_launch_ros:/home/gurum/ros2_iron/install/rpyutils:/home/gurum/ros2_iron/install/rosidl_runtime_py:/home/gurum/ros2_iron/install/rosidl_pycommon:/home/gurum/ros2_iron/install/rosidl_cli:/home/gurum/ros2_iron/install/launch_pytest:/home/gurum/ros2_iron/install/launch_testing:/home/gurum/ros2_iron/install/launch_yaml:/home/gurum/ros2_iron/install/launch_xml:/home/gurum/ros2_iron/install/launch:/home/gurum/ros2_iron/install/osrf_pycommon:/home/gurum/ros2_iron/install/domain_coordinator:/home/gurum/ros2_iron/install/ament_xmllint:/home/gurum/ros2_iron/install/ament_pyflakes:/home/gurum/ros2_iron/install/ament_pycodestyle:/home/gurum/ros2_iron/install/ament_pep257:/home/gurum/ros2_iron/install/ament_pclint:/home/gurum/ros2_iron/install/ament_package:/home/gurum/ros2_iron/install/ament_mypy:/home/gurum/ros2_iron/install/ament_lint_cmake:/home/gurum/ros2_iron/install/ament_flake8:/home/gurum/ros2_iron/install/ament_copyright:/home/gurum/ros2_iron/install/ament_lint:/home/gurum/ros2_iron/install/ament_index_python:/home/gurum/ros2_iron/install/ament_cpplint:/home/gurum/ros2_iron/install/ament_cppcheck:/home/gurum/ros2_iron/install/ament_clang_tidy:/home/gurum/ros2_iron/install/ament_clang_format GURUMDDS_HOME=/usr/share/gurumdds/cmake/../../.. LD_LIBRARY_PATH=/usr/share/gurumdds/cmake/../../../lib:${LD_LIBRARY_PATH} _=/usr/bin/env /usr/bin/cmake --build /home/gurum/gurumnet/rmw_gurumdds/build/rmw_gurumdds_cpp -- -j16 -l16
